#-----------------------------------------------------------
# Vivado v2025.2 (64-bit)
# SW Build 6299465 on Fri Nov 14 12:34:56 MST 2025
# IP Build 6300035 on Fri Nov 14 10:48:45 MST 2025
# SharedData Build 6298862 on Thu Nov 13 04:50:51 MST 2025
# Start of session at: Wed Mar 25 17:40:39 2026
# Process ID         : 836932
# Current directory  : /home/smartscott/platform_driver
# Command line       : vivado
# Log file           : /home/smartscott/platform_driver/vivado.log
# Journal file       : /home/smartscott/platform_driver/vivado.jou
# Running On         : smarTech
# Platform           : Ubuntu
# Operating System   : Ubuntu 24.04.4 LTS
# Processor Detail   : Intel(R) Core(TM) i7-3770 CPU @ 3.40GHz
# CPU Frequency      : 2590.875 MHz
# CPU Physical cores : 4
# CPU Logical cores  : 8
# Host memory        : 15658 MB
# Swap memory        : 12124 MB
# Total Virtual      : 27782 MB
# Available Virtual  : 22416 MB
#-----------------------------------------------------------
start_gui
WARNING: [Board 49-26] cannot add Board Part xilinx.com:emb-plus-vpr-4616:part0:1.0 available at /home/smartscott/AMD/2025.2/data/xhub/boards/XilinxBoardStore/boards/Xilinx/emb-plus-vpr-4616/1.0/board.xml as part xcve2302-sfva784-2mp-e-s specified in board_part file is either invalid or not available
WARNING: [Board 49-26] cannot add Board Part xilinx.com:emb-plus-vpr-4616:part0:1.1 available at /home/smartscott/AMD/2025.2/data/xhub/boards/XilinxBoardStore/boards/Xilinx/emb-plus-vpr-4616/1.1/board.xml as part xcve2302-sfva784-2mp-e-s specified in board_part file is either invalid or not available
WARNING: [Board 49-26] cannot add Board Part xilinx.com:k24c:part0:1.0 available at /home/smartscott/AMD/2025.2/data/xhub/boards/XilinxBoardStore/boards/Xilinx/k24c/1.0/board.xml as part xck24-ubva530-2lv-c specified in board_part file is either invalid or not available
WARNING: [Board 49-26] cannot add Board Part xilinx.com:k24c:part0:1.1 available at /home/smartscott/AMD/2025.2/data/xhub/boards/XilinxBoardStore/boards/Xilinx/k24c/1.1/board.xml as part xck24-ubva530-2lv-c specified in board_part file is either invalid or not available
WARNING: [Board 49-26] cannot add Board Part xilinx.com:k24i:part0:1.0 available at /home/smartscott/AMD/2025.2/data/xhub/boards/XilinxBoardStore/boards/Xilinx/k24i/1.0/board.xml as part xck24-ubva530-2lvi-i specified in board_part file is either invalid or not available
WARNING: [Board 49-26] cannot add Board Part xilinx.com:k26c:part0:1.2 available at /home/smartscott/AMD/2025.2/data/xhub/boards/XilinxBoardStore/boards/Xilinx/k26c/1.2/board.xml as part xck26-sfvc784-2lv-c specified in board_part file is either invalid or not available
WARNING: [Board 49-26] cannot add Board Part xilinx.com:k26c:part0:1.3 available at /home/smartscott/AMD/2025.2/data/xhub/boards/XilinxBoardStore/boards/Xilinx/k26c/1.3/board.xml as part xck26-sfvc784-2lv-c specified in board_part file is either invalid or not available
WARNING: [Board 49-26] cannot add Board Part xilinx.com:k26c:part0:1.4 available at /home/smartscott/AMD/2025.2/data/xhub/boards/XilinxBoardStore/boards/Xilinx/k26c/1.4/board.xml as part xck26-sfvc784-2lv-c specified in board_part file is either invalid or not available
WARNING: [Board 49-26] cannot add Board Part xilinx.com:k26i:part0:1.2 available at /home/smartscott/AMD/2025.2/data/xhub/boards/XilinxBoardStore/boards/Xilinx/k26i/1.2/board.xml as part xck26-sfvc784-2lvi-i specified in board_part file is either invalid or not available
WARNING: [Board 49-26] cannot add Board Part xilinx.com:k26i:part0:1.3 available at /home/smartscott/AMD/2025.2/data/xhub/boards/XilinxBoardStore/boards/Xilinx/k26i/1.3/board.xml as part xck26-sfvc784-2lvi-i specified in board_part file is either invalid or not available
WARNING: [Board 49-26] cannot add Board Part xilinx.com:k26i:part0:1.4 available at /home/smartscott/AMD/2025.2/data/xhub/boards/XilinxBoardStore/boards/Xilinx/k26i/1.4/board.xml as part xck26-sfvc784-2lvi-i specified in board_part file is either invalid or not available
WARNING: [Board 49-26] cannot add Board Part xilinx.com:kd240_som:part0:1.0 available at /home/smartscott/AMD/2025.2/data/xhub/boards/XilinxBoardStore/boards/Xilinx/kd240_som/1.0/board.xml as part xck24-ubva530-2lv-c specified in board_part file is either invalid or not available
WARNING: [Board 49-26] cannot add Board Part xilinx.com:kd240_som:part0:1.1 available at /home/smartscott/AMD/2025.2/data/xhub/boards/XilinxBoardStore/boards/Xilinx/kd240_som/1.1/board.xml as part xck24-ubva530-2lv-c specified in board_part file is either invalid or not available
WARNING: [Board 49-26] cannot add Board Part xilinx.com:kr260_som:part0:1.0 available at /home/smartscott/AMD/2025.2/data/xhub/boards/XilinxBoardStore/boards/Xilinx/kr260_som/1.0/board.xml as part xck26-sfvc784-2lv-c specified in board_part file is either invalid or not available
WARNING: [Board 49-26] cannot add Board Part xilinx.com:kr260_som:part0:1.1 available at /home/smartscott/AMD/2025.2/data/xhub/boards/XilinxBoardStore/boards/Xilinx/kr260_som/1.1/board.xml as part xck26-sfvc784-2lv-c specified in board_part file is either invalid or not available
WARNING: [Board 49-26] cannot add Board Part xilinx.com:kv260_som:part0:1.2 available at /home/smartscott/AMD/2025.2/data/xhub/boards/XilinxBoardStore/boards/Xilinx/kv260_som/1.2/board.xml as part xck26-sfvc784-2lv-c specified in board_part file is either invalid or not available
WARNING: [Board 49-26] cannot add Board Part xilinx.com:kv260_som:part0:1.3 available at /home/smartscott/AMD/2025.2/data/xhub/boards/XilinxBoardStore/boards/Xilinx/kv260_som/1.3/board.xml as part xck26-sfvc784-2lv-c specified in board_part file is either invalid or not available
WARNING: [Board 49-26] cannot add Board Part xilinx.com:kv260_som:part0:1.4 available at /home/smartscott/AMD/2025.2/data/xhub/boards/XilinxBoardStore/boards/Xilinx/kv260_som/1.4/board.xml as part xck26-sfvc784-2lv-c specified in board_part file is either invalid or not available
WARNING: [Board 49-26] cannot add Board Part xilinx.com:scu35:part0:1.0 available at /home/smartscott/AMD/2025.2/data/xhub/boards/XilinxBoardStore/boards/Xilinx/scu35/1.0/board.xml as part xcsu35p-sbvb625-2-e specified in board_part file is either invalid or not available
WARNING: [Board 49-26] cannot add Board Part xilinx.com:v80:part0:1.0 available at /home/smartscott/AMD/2025.2/data/xhub/boards/XilinxBoardStore/boards/Xilinx/v80/1.0/board.xml as part xcv80-lsva4737-2mhp-e-s specified in board_part file is either invalid or not available
WARNING: [Board 49-26] cannot add Board Part xilinx.com:vcu108:part0:1.6 available at /home/smartscott/AMD/2025.2/data/xhub/boards/XilinxBoardStore/boards/Xilinx/vcu108/1.6/board.xml as part xcvu095-ffva2104-2-e specified in board_part file is either invalid or not available
WARNING: [Board 49-26] cannot add Board Part xilinx.com:vcu108:part0:1.7 available at /home/smartscott/AMD/2025.2/data/xhub/boards/XilinxBoardStore/boards/Xilinx/vcu108/1.7/board.xml as part xcvu095-ffva2104-2-e specified in board_part file is either invalid or not available
WARNING: [Board 49-26] cannot add Board Part xilinx.com:vcu110:part0:1.4 available at /home/smartscott/AMD/2025.2/data/xhub/boards/XilinxBoardStore/boards/Xilinx/vcu110/1.4/board.xml as part xcvu190-flgc2104-2-e specified in board_part file is either invalid or not available
WARNING: [Board 49-26] cannot add Board Part xilinx.com:vcu118:part0:2.0 available at /home/smartscott/AMD/2025.2/data/xhub/boards/XilinxBoardStore/boards/Xilinx/vcu118/2.0/board.xml as part xcvu9p-flga2104-2l-e specified in board_part file is either invalid or not available
WARNING: [Board 49-26] cannot add Board Part xilinx.com:vcu118:part0:2.3 available at /home/smartscott/AMD/2025.2/data/xhub/boards/XilinxBoardStore/boards/Xilinx/vcu118/2.3/board.xml as part xcvu9p-flga2104-2l-e specified in board_part file is either invalid or not available
WARNING: [Board 49-26] cannot add Board Part xilinx.com:vcu118:part0:2.4 available at /home/smartscott/AMD/2025.2/data/xhub/boards/XilinxBoardStore/boards/Xilinx/vcu118/2.4/board.xml as part xcvu9p-flga2104-2l-e specified in board_part file is either invalid or not available
WARNING: [Board 49-26] cannot add Board Part xilinx.com:vcu128:part0:1.0 available at /home/smartscott/AMD/2025.2/data/xhub/boards/XilinxBoardStore/boards/Xilinx/vcu128/production/1.0/board.xml as part xcvu37p-fsvh2892-2l-e specified in board_part file is either invalid or not available
WARNING: [Board 49-26] cannot add Board Part xilinx.com:vcu129:part0:1.0 available at /home/smartscott/AMD/2025.2/data/xhub/boards/XilinxBoardStore/boards/Xilinx/vcu129/production/1.0/board.xml as part xcvu29p-fsga2577-2l-e specified in board_part file is either invalid or not available
WARNING: [Board 49-26] cannot add Board Part xilinx.com:vcu1525:part0:1.3 available at /home/smartscott/AMD/2025.2/data/xhub/boards/XilinxBoardStore/boards/Xilinx/vcu1525/1.3/board.xml as part xcvu9p-fsgd2104-2l-e specified in board_part file is either invalid or not available
WARNING: [Board 49-26] cannot add Board Part xilinx.com:vek280:part0:1.0 available at /home/smartscott/AMD/2025.2/data/xhub/boards/XilinxBoardStore/boards/Xilinx/vek280/production/1.0/board.xml as part xcve2802-vsvh1760-2mp-e-s specified in board_part file is either invalid or not available
WARNING: [Board 49-26] cannot add Board Part xilinx.com:vek280:part0:1.1 available at /home/smartscott/AMD/2025.2/data/xhub/boards/XilinxBoardStore/boards/Xilinx/vek280/production/1.1/board.xml as part xcve2802-vsvh1760-2mp-e-s specified in board_part file is either invalid or not available
WARNING: [Board 49-26] cannot add Board Part xilinx.com:vek280:part0:1.2 available at /home/smartscott/AMD/2025.2/data/xhub/boards/XilinxBoardStore/boards/Xilinx/vek280/production/1.2/board.xml as part xcve2802-vsvh1760-2mp-e-s specified in board_part file is either invalid or not available
WARNING: [Board 49-26] cannot add Board Part xilinx.com:vek385:part0:1.0 available at /home/smartscott/AMD/2025.2/data/xhub/boards/XilinxBoardStore/boards/Xilinx/vek385/1.0/board.xml as part xc2ve3858-ssva2112-2mp-e-s specified in board_part file is either invalid or not available
WARNING: [Board 49-26] cannot add Board Part xilinx.com:vek385:part0:1.1 available at /home/smartscott/AMD/2025.2/data/xhub/boards/XilinxBoardStore/boards/Xilinx/vek385/1.1/board.xml as part xc2ve3858-ssva2112-2mp-e-s specified in board_part file is either invalid or not available
WARNING: [Board 49-26] cannot add Board Part xilinx.com:vek385_1:part0:1.0 available at /home/smartscott/AMD/2025.2/data/xhub/boards/XilinxBoardStore/boards/Xilinx/vek385_2/1.0/board.xml as part xc2ve3858-ssva2112-2mp-e-s specified in board_part file is either invalid or not available
WARNING: [Board 49-26] cannot add Board Part xilinx.com:vermeo_t1_mpsoc:part0:1.0 available at /home/smartscott/AMD/2025.2/data/xhub/boards/XilinxBoardStore/boards/Xilinx/vermeo_t1_mpsoc/1.0/board.xml as part xczu19eg-ffvd1760-2l-e specified in board_part file is either invalid or not available
WARNING: [Board 49-26] cannot add Board Part xilinx.com:vermeo_t1_rfsoc:part0:1.0 available at /home/smartscott/AMD/2025.2/data/xhub/boards/XilinxBoardStore/boards/Xilinx/vermeo_t1_rfsoc/1.0/board.xml as part xczu21dr-ffvd1156-2l-e specified in board_part file is either invalid or not available
WARNING: [Board 49-26] cannot add Board Part xilinx.com:vhk158:part0:1.0 available at /home/smartscott/AMD/2025.2/data/xhub/boards/XilinxBoardStore/boards/Xilinx/vhk158/production/1.0/board.xml as part xcvh1582-vsva3697-2mp-e-s specified in board_part file is either invalid or not available
WARNING: [Board 49-26] cannot add Board Part xilinx.com:vhk158:part0:1.1 available at /home/smartscott/AMD/2025.2/data/xhub/boards/XilinxBoardStore/boards/Xilinx/vhk158/production/1.1/board.xml as part xcvh1582-vsva3697-2mp-e-s specified in board_part file is either invalid or not available
WARNING: [Board 49-26] cannot add Board Part xilinx.com:vhk158:part0:1.2 available at /home/smartscott/AMD/2025.2/data/xhub/boards/XilinxBoardStore/boards/Xilinx/vhk158/production/1.2/board.xml as part xcvh1582-vsva3697-2mp-e-s specified in board_part file is either invalid or not available
WARNING: [Board 49-26] cannot add Board Part xilinx.com:vmk180:part0:2.2 available at /home/smartscott/AMD/2025.2/data/xhub/boards/XilinxBoardStore/boards/Xilinx/vmk180/production/2.2/board.xml as part xcvm1802-vsva2197-2mp-e-s specified in board_part file is either invalid or not available
WARNING: [Board 49-26] cannot add Board Part xilinx.com:vmk180:part0:3.0 available at /home/smartscott/AMD/2025.2/data/xhub/boards/XilinxBoardStore/boards/Xilinx/vmk180/production/3.0/board.xml as part xcvm1802-vsva2197-2mp-e-s specified in board_part file is either invalid or not available
WARNING: [Board 49-26] cannot add Board Part xilinx.com:vmk180:part0:3.1 available at /home/smartscott/AMD/2025.2/data/xhub/boards/XilinxBoardStore/boards/Xilinx/vmk180/production/3.1/board.xml as part xcvm1802-vsva2197-2mp-e-s specified in board_part file is either invalid or not available
WARNING: [Board 49-26] cannot add Board Part xilinx.com:vmk180:part0:3.2 available at /home/smartscott/AMD/2025.2/data/xhub/boards/XilinxBoardStore/boards/Xilinx/vmk180/production/3.2/board.xml as part xcvm1802-vsva2197-2mp-e-s specified in board_part file is either invalid or not available
WARNING: [Board 49-26] cannot add Board Part xilinx.com:vmk180:part0:3.3 available at /home/smartscott/AMD/2025.2/data/xhub/boards/XilinxBoardStore/boards/Xilinx/vmk180/production/3.3/board.xml as part xcvm1802-vsva2197-2mp-e-s specified in board_part file is either invalid or not available
WARNING: [Board 49-26] cannot add Board Part xilinx.com:vmk180_newl:part0:1.0 available at /home/smartscott/AMD/2025.2/data/xhub/boards/XilinxBoardStore/boards/Xilinx/vmk180_newl/production/1.0/board.xml as part xcvm1802-vsva2197-2mp-e-s specified in board_part file is either invalid or not available
WARNING: [Board 49-26] cannot add Board Part xilinx.com:vmk180_newl:part0:1.1 available at /home/smartscott/AMD/2025.2/data/xhub/boards/XilinxBoardStore/boards/Xilinx/vmk180_newl/production/1.1/board.xml as part xcvm1802-vsva2197-2mp-e-s specified in board_part file is either invalid or not available
WARNING: [Board 49-26] cannot add Board Part xilinx.com:vrk160:part0:1.0 available at /home/smartscott/AMD/2025.2/data/xhub/boards/XilinxBoardStore/boards/Xilinx/vrk160/1.0/board.xml as part xcvr1602-vsva2488-2mp-e-s-es1 specified in board_part file is either invalid or not available
WARNING: [Board 49-26] cannot add Board Part xilinx.com:vrk160:part0:1.1 available at /home/smartscott/AMD/2025.2/data/xhub/boards/XilinxBoardStore/boards/Xilinx/vrk160/1.1/board.xml as part xcvr1602-vsva2488-2mp-e-s-es1 specified in board_part file is either invalid or not available
WARNING: [Board 49-26] cannot add Board Part xilinx.com:zc702:part0:1.4 available at /home/smartscott/AMD/2025.2/data/xhub/boards/XilinxBoardStore/boards/Xilinx/zc702/1.4/board.xml as part xc7z020clg484-1 specified in board_part file is either invalid or not available
WARNING: [Board 49-26] cannot add Board Part xilinx.com:zc706:part0:1.4 available at /home/smartscott/AMD/2025.2/data/xhub/boards/XilinxBoardStore/boards/Xilinx/zc706/1.4/board.xml as part xc7z045ffg900-2 specified in board_part file is either invalid or not available
WARNING: [Board 49-26] cannot add Board Part xilinx.com:zc706:part0:1.5 available at /home/smartscott/AMD/2025.2/data/xhub/boards/XilinxBoardStore/boards/Xilinx/zc706/1.5/board.xml as part xc7z045ffg900-2 specified in board_part file is either invalid or not available
WARNING: [Board 49-26] cannot add Board Part xilinx.com:zcu102:part0:3.3 available at /home/smartscott/AMD/2025.2/data/xhub/boards/XilinxBoardStore/boards/Xilinx/zcu102/3.3/board.xml as part xczu9eg-ffvb1156-2-e specified in board_part file is either invalid or not available
WARNING: [Board 49-26] cannot add Board Part xilinx.com:zcu102:part0:3.4 available at /home/smartscott/AMD/2025.2/data/xhub/boards/XilinxBoardStore/boards/Xilinx/zcu102/3.4/board.xml as part xczu9eg-ffvb1156-2-e specified in board_part file is either invalid or not available
WARNING: [Board 49-26] cannot add Board Part xilinx.com:zcu104:part0:1.1 available at /home/smartscott/AMD/2025.2/data/xhub/boards/XilinxBoardStore/boards/Xilinx/zcu104/1.1/board.xml as part xczu7ev-ffvc1156-2-e specified in board_part file is either invalid or not available
WARNING: [Board 49-26] cannot add Board Part xilinx.com:zcu106:part0:2.4 available at /home/smartscott/AMD/2025.2/data/xhub/boards/XilinxBoardStore/boards/Xilinx/zcu106/2.4/board.xml as part xczu7ev-ffvc1156-2-e specified in board_part file is either invalid or not available
WARNING: [Board 49-26] cannot add Board Part xilinx.com:zcu106:part0:2.5 available at /home/smartscott/AMD/2025.2/data/xhub/boards/XilinxBoardStore/boards/Xilinx/zcu106/2.5/board.xml as part xczu7ev-ffvc1156-2-e specified in board_part file is either invalid or not available
WARNING: [Board 49-26] cannot add Board Part xilinx.com:zcu106:part0:2.6 available at /home/smartscott/AMD/2025.2/data/xhub/boards/XilinxBoardStore/boards/Xilinx/zcu106/2.6/board.xml as part xczu7ev-ffvc1156-2-e specified in board_part file is either invalid or not available
WARNING: [Board 49-26] cannot add Board Part xilinx.com:zcu111:part0:1.2 available at /home/smartscott/AMD/2025.2/data/xhub/boards/XilinxBoardStore/boards/Xilinx/zcu111/1.2/board.xml as part xczu28dr-ffvg1517-2-e specified in board_part file is either invalid or not available
WARNING: [Board 49-26] cannot add Board Part xilinx.com:zcu111:part0:1.3 available at /home/smartscott/AMD/2025.2/data/xhub/boards/XilinxBoardStore/boards/Xilinx/zcu111/1.3/board.xml as part xczu28dr-ffvg1517-2-e specified in board_part file is either invalid or not available
WARNING: [Board 49-26] cannot add Board Part xilinx.com:zcu111:part0:1.4 available at /home/smartscott/AMD/2025.2/data/xhub/boards/XilinxBoardStore/boards/Xilinx/zcu111/1.4/board.xml as part xczu28dr-ffvg1517-2-e specified in board_part file is either invalid or not available
WARNING: [Board 49-26] cannot add Board Part xilinx.com:zcu1275:part0:1.0 available at /home/smartscott/AMD/2025.2/data/xhub/boards/XilinxBoardStore/boards/Xilinx/zcu1275/1.0/board.xml as part xczu29dr-ffvf1760-2-e specified in board_part file is either invalid or not available
WARNING: [Board 49-26] cannot add Board Part xilinx.com:zcu1285:part0:1.0 available at /home/smartscott/AMD/2025.2/data/xhub/boards/XilinxBoardStore/boards/Xilinx/zcu1285/1.0/board.xml as part xczu39dr-ffvf1760-2-i specified in board_part file is either invalid or not available
WARNING: [Board 49-26] cannot add Board Part xilinx.com:zcu208:part0:2.0 available at /home/smartscott/AMD/2025.2/data/xhub/boards/XilinxBoardStore/boards/Xilinx/zcu208/production/2.0/board.xml as part xczu48dr-fsvg1517-2-e specified in board_part file is either invalid or not available
WARNING: [Board 49-26] cannot add Board Part xilinx.com:zcu208ld:part0:2.0 available at /home/smartscott/AMD/2025.2/data/xhub/boards/XilinxBoardStore/boards/Xilinx/zcu208ld/production/2.0/board.xml as part xczu58dr-fsvg1517-2-i specified in board_part file is either invalid or not available
WARNING: [Board 49-26] cannot add Board Part xilinx.com:zcu216:part0:2.0 available at /home/smartscott/AMD/2025.2/data/xhub/boards/XilinxBoardStore/boards/Xilinx/zcu216/production/2.0/board.xml as part xczu49dr-ffvf1760-2-e specified in board_part file is either invalid or not available
WARNING: [Board 49-26] cannot add Board Part xilinx.com:zcu216ld:part0:2.0 available at /home/smartscott/AMD/2025.2/data/xhub/boards/XilinxBoardStore/boards/Xilinx/zcu216ld/production/2.0/board.xml as part xczu59dr-ffvf1760-2-i specified in board_part file is either invalid or not available
WARNING: [Board 49-26] cannot add Board Part xilinx.com:zcu670:part0:2.0 available at /home/smartscott/AMD/2025.2/data/xhub/boards/XilinxBoardStore/boards/Xilinx/zcu670/2.0/board.xml as part xczu67dr-fsve1156-2-i specified in board_part file is either invalid or not available
WARNING: [Board 49-26] cannot add Board Part xilinx.com:zcu670ld:part0:1.0 available at /home/smartscott/AMD/2025.2/data/xhub/boards/XilinxBoardStore/boards/Xilinx/zcu670ld/1.0/board.xml as part xczu57dr-fsve1156-2-i specified in board_part file is either invalid or not available
open_project /home/smartscott/platform_driver/tb3d.xpr
INFO: [Project 1-313] Project file moved from '$PPRDIR' since last save.
Scanning sources...
Finished scanning sources
WARNING: [Board 49-26] cannot add Board Part xilinx.com:emb-plus-vpr-4616:part0:1.0 available at /home/smartscott/AMD/2025.2/data/xhub/boards/XilinxBoardStore/boards/Xilinx/emb-plus-vpr-4616/1.0/board.xml as part xcve2302-sfva784-2mp-e-s specified in board_part file is either invalid or not available
WARNING: [Board 49-26] cannot add Board Part xilinx.com:emb-plus-vpr-4616:part0:1.1 available at /home/smartscott/AMD/2025.2/data/xhub/boards/XilinxBoardStore/boards/Xilinx/emb-plus-vpr-4616/1.1/board.xml as part xcve2302-sfva784-2mp-e-s specified in board_part file is either invalid or not available
WARNING: [Board 49-26] cannot add Board Part xilinx.com:k24c:part0:1.0 available at /home/smartscott/AMD/2025.2/data/xhub/boards/XilinxBoardStore/boards/Xilinx/k24c/1.0/board.xml as part xck24-ubva530-2lv-c specified in board_part file is either invalid or not available
WARNING: [Board 49-26] cannot add Board Part xilinx.com:k24c:part0:1.1 available at /home/smartscott/AMD/2025.2/data/xhub/boards/XilinxBoardStore/boards/Xilinx/k24c/1.1/board.xml as part xck24-ubva530-2lv-c specified in board_part file is either invalid or not available
WARNING: [Board 49-26] cannot add Board Part xilinx.com:k24i:part0:1.0 available at /home/smartscott/AMD/2025.2/data/xhub/boards/XilinxBoardStore/boards/Xilinx/k24i/1.0/board.xml as part xck24-ubva530-2lvi-i specified in board_part file is either invalid or not available
WARNING: [Board 49-26] cannot add Board Part xilinx.com:k26c:part0:1.2 available at /home/smartscott/AMD/2025.2/data/xhub/boards/XilinxBoardStore/boards/Xilinx/k26c/1.2/board.xml as part xck26-sfvc784-2lv-c specified in board_part file is either invalid or not available
WARNING: [Board 49-26] cannot add Board Part xilinx.com:k26c:part0:1.3 available at /home/smartscott/AMD/2025.2/data/xhub/boards/XilinxBoardStore/boards/Xilinx/k26c/1.3/board.xml as part xck26-sfvc784-2lv-c specified in board_part file is either invalid or not available
WARNING: [Board 49-26] cannot add Board Part xilinx.com:k26c:part0:1.4 available at /home/smartscott/AMD/2025.2/data/xhub/boards/XilinxBoardStore/boards/Xilinx/k26c/1.4/board.xml as part xck26-sfvc784-2lv-c specified in board_part file is either invalid or not available
WARNING: [Board 49-26] cannot add Board Part xilinx.com:k26i:part0:1.2 available at /home/smartscott/AMD/2025.2/data/xhub/boards/XilinxBoardStore/boards/Xilinx/k26i/1.2/board.xml as part xck26-sfvc784-2lvi-i specified in board_part file is either invalid or not available
WARNING: [Board 49-26] cannot add Board Part xilinx.com:k26i:part0:1.3 available at /home/smartscott/AMD/2025.2/data/xhub/boards/XilinxBoardStore/boards/Xilinx/k26i/1.3/board.xml as part xck26-sfvc784-2lvi-i specified in board_part file is either invalid or not available
WARNING: [Board 49-26] cannot add Board Part xilinx.com:k26i:part0:1.4 available at /home/smartscott/AMD/2025.2/data/xhub/boards/XilinxBoardStore/boards/Xilinx/k26i/1.4/board.xml as part xck26-sfvc784-2lvi-i specified in board_part file is either invalid or not available
WARNING: [Board 49-26] cannot add Board Part xilinx.com:kd240_som:part0:1.0 available at /home/smartscott/AMD/2025.2/data/xhub/boards/XilinxBoardStore/boards/Xilinx/kd240_som/1.0/board.xml as part xck24-ubva530-2lv-c specified in board_part file is either invalid or not available
WARNING: [Board 49-26] cannot add Board Part xilinx.com:kd240_som:part0:1.1 available at /home/smartscott/AMD/2025.2/data/xhub/boards/XilinxBoardStore/boards/Xilinx/kd240_som/1.1/board.xml as part xck24-ubva530-2lv-c specified in board_part file is either invalid or not available
WARNING: [Board 49-26] cannot add Board Part xilinx.com:kr260_som:part0:1.0 available at /home/smartscott/AMD/2025.2/data/xhub/boards/XilinxBoardStore/boards/Xilinx/kr260_som/1.0/board.xml as part xck26-sfvc784-2lv-c specified in board_part file is either invalid or not available
WARNING: [Board 49-26] cannot add Board Part xilinx.com:kr260_som:part0:1.1 available at /home/smartscott/AMD/2025.2/data/xhub/boards/XilinxBoardStore/boards/Xilinx/kr260_som/1.1/board.xml as part xck26-sfvc784-2lv-c specified in board_part file is either invalid or not available
WARNING: [Board 49-26] cannot add Board Part xilinx.com:kv260_som:part0:1.2 available at /home/smartscott/AMD/2025.2/data/xhub/boards/XilinxBoardStore/boards/Xilinx/kv260_som/1.2/board.xml as part xck26-sfvc784-2lv-c specified in board_part file is either invalid or not available
WARNING: [Board 49-26] cannot add Board Part xilinx.com:kv260_som:part0:1.3 available at /home/smartscott/AMD/2025.2/data/xhub/boards/XilinxBoardStore/boards/Xilinx/kv260_som/1.3/board.xml as part xck26-sfvc784-2lv-c specified in board_part file is either invalid or not available
WARNING: [Board 49-26] cannot add Board Part xilinx.com:kv260_som:part0:1.4 available at /home/smartscott/AMD/2025.2/data/xhub/boards/XilinxBoardStore/boards/Xilinx/kv260_som/1.4/board.xml as part xck26-sfvc784-2lv-c specified in board_part file is either invalid or not available
WARNING: [Board 49-26] cannot add Board Part xilinx.com:scu35:part0:1.0 available at /home/smartscott/AMD/2025.2/data/xhub/boards/XilinxBoardStore/boards/Xilinx/scu35/1.0/board.xml as part xcsu35p-sbvb625-2-e specified in board_part file is either invalid or not available
WARNING: [Board 49-26] cannot add Board Part xilinx.com:v80:part0:1.0 available at /home/smartscott/AMD/2025.2/data/xhub/boards/XilinxBoardStore/boards/Xilinx/v80/1.0/board.xml as part xcv80-lsva4737-2mhp-e-s specified in board_part file is either invalid or not available
WARNING: [Board 49-26] cannot add Board Part xilinx.com:vcu108:part0:1.6 available at /home/smartscott/AMD/2025.2/data/xhub/boards/XilinxBoardStore/boards/Xilinx/vcu108/1.6/board.xml as part xcvu095-ffva2104-2-e specified in board_part file is either invalid or not available
WARNING: [Board 49-26] cannot add Board Part xilinx.com:vcu108:part0:1.7 available at /home/smartscott/AMD/2025.2/data/xhub/boards/XilinxBoardStore/boards/Xilinx/vcu108/1.7/board.xml as part xcvu095-ffva2104-2-e specified in board_part file is either invalid or not available
WARNING: [Board 49-26] cannot add Board Part xilinx.com:vcu110:part0:1.4 available at /home/smartscott/AMD/2025.2/data/xhub/boards/XilinxBoardStore/boards/Xilinx/vcu110/1.4/board.xml as part xcvu190-flgc2104-2-e specified in board_part file is either invalid or not available
WARNING: [Board 49-26] cannot add Board Part xilinx.com:vcu118:part0:2.0 available at /home/smartscott/AMD/2025.2/data/xhub/boards/XilinxBoardStore/boards/Xilinx/vcu118/2.0/board.xml as part xcvu9p-flga2104-2l-e specified in board_part file is either invalid or not available
WARNING: [Board 49-26] cannot add Board Part xilinx.com:vcu118:part0:2.3 available at /home/smartscott/AMD/2025.2/data/xhub/boards/XilinxBoardStore/boards/Xilinx/vcu118/2.3/board.xml as part xcvu9p-flga2104-2l-e specified in board_part file is either invalid or not available
WARNING: [Board 49-26] cannot add Board Part xilinx.com:vcu118:part0:2.4 available at /home/smartscott/AMD/2025.2/data/xhub/boards/XilinxBoardStore/boards/Xilinx/vcu118/2.4/board.xml as part xcvu9p-flga2104-2l-e specified in board_part file is either invalid or not available
WARNING: [Board 49-26] cannot add Board Part xilinx.com:vcu128:part0:1.0 available at /home/smartscott/AMD/2025.2/data/xhub/boards/XilinxBoardStore/boards/Xilinx/vcu128/production/1.0/board.xml as part xcvu37p-fsvh2892-2l-e specified in board_part file is either invalid or not available
WARNING: [Board 49-26] cannot add Board Part xilinx.com:vcu129:part0:1.0 available at /home/smartscott/AMD/2025.2/data/xhub/boards/XilinxBoardStore/boards/Xilinx/vcu129/production/1.0/board.xml as part xcvu29p-fsga2577-2l-e specified in board_part file is either invalid or not available
WARNING: [Board 49-26] cannot add Board Part xilinx.com:vcu1525:part0:1.3 available at /home/smartscott/AMD/2025.2/data/xhub/boards/XilinxBoardStore/boards/Xilinx/vcu1525/1.3/board.xml as part xcvu9p-fsgd2104-2l-e specified in board_part file is either invalid or not available
WARNING: [Board 49-26] cannot add Board Part xilinx.com:vek280:part0:1.0 available at /home/smartscott/AMD/2025.2/data/xhub/boards/XilinxBoardStore/boards/Xilinx/vek280/production/1.0/board.xml as part xcve2802-vsvh1760-2mp-e-s specified in board_part file is either invalid or not available
WARNING: [Board 49-26] cannot add Board Part xilinx.com:vek280:part0:1.1 available at /home/smartscott/AMD/2025.2/data/xhub/boards/XilinxBoardStore/boards/Xilinx/vek280/production/1.1/board.xml as part xcve2802-vsvh1760-2mp-e-s specified in board_part file is either invalid or not available
WARNING: [Board 49-26] cannot add Board Part xilinx.com:vek280:part0:1.2 available at /home/smartscott/AMD/2025.2/data/xhub/boards/XilinxBoardStore/boards/Xilinx/vek280/production/1.2/board.xml as part xcve2802-vsvh1760-2mp-e-s specified in board_part file is either invalid or not available
WARNING: [Board 49-26] cannot add Board Part xilinx.com:vek385:part0:1.0 available at /home/smartscott/AMD/2025.2/data/xhub/boards/XilinxBoardStore/boards/Xilinx/vek385/1.0/board.xml as part xc2ve3858-ssva2112-2mp-e-s specified in board_part file is either invalid or not available
WARNING: [Board 49-26] cannot add Board Part xilinx.com:vek385:part0:1.1 available at /home/smartscott/AMD/2025.2/data/xhub/boards/XilinxBoardStore/boards/Xilinx/vek385/1.1/board.xml as part xc2ve3858-ssva2112-2mp-e-s specified in board_part file is either invalid or not available
WARNING: [Board 49-26] cannot add Board Part xilinx.com:vek385_1:part0:1.0 available at /home/smartscott/AMD/2025.2/data/xhub/boards/XilinxBoardStore/boards/Xilinx/vek385_2/1.0/board.xml as part xc2ve3858-ssva2112-2mp-e-s specified in board_part file is either invalid or not available
WARNING: [Board 49-26] cannot add Board Part xilinx.com:vermeo_t1_mpsoc:part0:1.0 available at /home/smartscott/AMD/2025.2/data/xhub/boards/XilinxBoardStore/boards/Xilinx/vermeo_t1_mpsoc/1.0/board.xml as part xczu19eg-ffvd1760-2l-e specified in board_part file is either invalid or not available
WARNING: [Board 49-26] cannot add Board Part xilinx.com:vermeo_t1_rfsoc:part0:1.0 available at /home/smartscott/AMD/2025.2/data/xhub/boards/XilinxBoardStore/boards/Xilinx/vermeo_t1_rfsoc/1.0/board.xml as part xczu21dr-ffvd1156-2l-e specified in board_part file is either invalid or not available
WARNING: [Board 49-26] cannot add Board Part xilinx.com:vhk158:part0:1.0 available at /home/smartscott/AMD/2025.2/data/xhub/boards/XilinxBoardStore/boards/Xilinx/vhk158/production/1.0/board.xml as part xcvh1582-vsva3697-2mp-e-s specified in board_part file is either invalid or not available
WARNING: [Board 49-26] cannot add Board Part xilinx.com:vhk158:part0:1.1 available at /home/smartscott/AMD/2025.2/data/xhub/boards/XilinxBoardStore/boards/Xilinx/vhk158/production/1.1/board.xml as part xcvh1582-vsva3697-2mp-e-s specified in board_part file is either invalid or not available
WARNING: [Board 49-26] cannot add Board Part xilinx.com:vhk158:part0:1.2 available at /home/smartscott/AMD/2025.2/data/xhub/boards/XilinxBoardStore/boards/Xilinx/vhk158/production/1.2/board.xml as part xcvh1582-vsva3697-2mp-e-s specified in board_part file is either invalid or not available
WARNING: [Board 49-26] cannot add Board Part xilinx.com:vmk180:part0:2.2 available at /home/smartscott/AMD/2025.2/data/xhub/boards/XilinxBoardStore/boards/Xilinx/vmk180/production/2.2/board.xml as part xcvm1802-vsva2197-2mp-e-s specified in board_part file is either invalid or not available
WARNING: [Board 49-26] cannot add Board Part xilinx.com:vmk180:part0:3.0 available at /home/smartscott/AMD/2025.2/data/xhub/boards/XilinxBoardStore/boards/Xilinx/vmk180/production/3.0/board.xml as part xcvm1802-vsva2197-2mp-e-s specified in board_part file is either invalid or not available
WARNING: [Board 49-26] cannot add Board Part xilinx.com:vmk180:part0:3.1 available at /home/smartscott/AMD/2025.2/data/xhub/boards/XilinxBoardStore/boards/Xilinx/vmk180/production/3.1/board.xml as part xcvm1802-vsva2197-2mp-e-s specified in board_part file is either invalid or not available
WARNING: [Board 49-26] cannot add Board Part xilinx.com:vmk180:part0:3.2 available at /home/smartscott/AMD/2025.2/data/xhub/boards/XilinxBoardStore/boards/Xilinx/vmk180/production/3.2/board.xml as part xcvm1802-vsva2197-2mp-e-s specified in board_part file is either invalid or not available
WARNING: [Board 49-26] cannot add Board Part xilinx.com:vmk180:part0:3.3 available at /home/smartscott/AMD/2025.2/data/xhub/boards/XilinxBoardStore/boards/Xilinx/vmk180/production/3.3/board.xml as part xcvm1802-vsva2197-2mp-e-s specified in board_part file is either invalid or not available
WARNING: [Board 49-26] cannot add Board Part xilinx.com:vmk180_newl:part0:1.0 available at /home/smartscott/AMD/2025.2/data/xhub/boards/XilinxBoardStore/boards/Xilinx/vmk180_newl/production/1.0/board.xml as part xcvm1802-vsva2197-2mp-e-s specified in board_part file is either invalid or not available
WARNING: [Board 49-26] cannot add Board Part xilinx.com:vmk180_newl:part0:1.1 available at /home/smartscott/AMD/2025.2/data/xhub/boards/XilinxBoardStore/boards/Xilinx/vmk180_newl/production/1.1/board.xml as part xcvm1802-vsva2197-2mp-e-s specified in board_part file is either invalid or not available
WARNING: [Board 49-26] cannot add Board Part xilinx.com:vrk160:part0:1.0 available at /home/smartscott/AMD/2025.2/data/xhub/boards/XilinxBoardStore/boards/Xilinx/vrk160/1.0/board.xml as part xcvr1602-vsva2488-2mp-e-s-es1 specified in board_part file is either invalid or not available
WARNING: [Board 49-26] cannot add Board Part xilinx.com:vrk160:part0:1.1 available at /home/smartscott/AMD/2025.2/data/xhub/boards/XilinxBoardStore/boards/Xilinx/vrk160/1.1/board.xml as part xcvr1602-vsva2488-2mp-e-s-es1 specified in board_part file is either invalid or not available
WARNING: [Board 49-26] cannot add Board Part xilinx.com:zc702:part0:1.4 available at /home/smartscott/AMD/2025.2/data/xhub/boards/XilinxBoardStore/boards/Xilinx/zc702/1.4/board.xml as part xc7z020clg484-1 specified in board_part file is either invalid or not available
WARNING: [Board 49-26] cannot add Board Part xilinx.com:zc706:part0:1.4 available at /home/smartscott/AMD/2025.2/data/xhub/boards/XilinxBoardStore/boards/Xilinx/zc706/1.4/board.xml as part xc7z045ffg900-2 specified in board_part file is either invalid or not available
WARNING: [Board 49-26] cannot add Board Part xilinx.com:zc706:part0:1.5 available at /home/smartscott/AMD/2025.2/data/xhub/boards/XilinxBoardStore/boards/Xilinx/zc706/1.5/board.xml as part xc7z045ffg900-2 specified in board_part file is either invalid or not available
WARNING: [Board 49-26] cannot add Board Part xilinx.com:zcu102:part0:3.3 available at /home/smartscott/AMD/2025.2/data/xhub/boards/XilinxBoardStore/boards/Xilinx/zcu102/3.3/board.xml as part xczu9eg-ffvb1156-2-e specified in board_part file is either invalid or not available
WARNING: [Board 49-26] cannot add Board Part xilinx.com:zcu102:part0:3.4 available at /home/smartscott/AMD/2025.2/data/xhub/boards/XilinxBoardStore/boards/Xilinx/zcu102/3.4/board.xml as part xczu9eg-ffvb1156-2-e specified in board_part file is either invalid or not available
WARNING: [Board 49-26] cannot add Board Part xilinx.com:zcu104:part0:1.1 available at /home/smartscott/AMD/2025.2/data/xhub/boards/XilinxBoardStore/boards/Xilinx/zcu104/1.1/board.xml as part xczu7ev-ffvc1156-2-e specified in board_part file is either invalid or not available
WARNING: [Board 49-26] cannot add Board Part xilinx.com:zcu106:part0:2.4 available at /home/smartscott/AMD/2025.2/data/xhub/boards/XilinxBoardStore/boards/Xilinx/zcu106/2.4/board.xml as part xczu7ev-ffvc1156-2-e specified in board_part file is either invalid or not available
WARNING: [Board 49-26] cannot add Board Part xilinx.com:zcu106:part0:2.5 available at /home/smartscott/AMD/2025.2/data/xhub/boards/XilinxBoardStore/boards/Xilinx/zcu106/2.5/board.xml as part xczu7ev-ffvc1156-2-e specified in board_part file is either invalid or not available
WARNING: [Board 49-26] cannot add Board Part xilinx.com:zcu106:part0:2.6 available at /home/smartscott/AMD/2025.2/data/xhub/boards/XilinxBoardStore/boards/Xilinx/zcu106/2.6/board.xml as part xczu7ev-ffvc1156-2-e specified in board_part file is either invalid or not available
WARNING: [Board 49-26] cannot add Board Part xilinx.com:zcu111:part0:1.2 available at /home/smartscott/AMD/2025.2/data/xhub/boards/XilinxBoardStore/boards/Xilinx/zcu111/1.2/board.xml as part xczu28dr-ffvg1517-2-e specified in board_part file is either invalid or not available
WARNING: [Board 49-26] cannot add Board Part xilinx.com:zcu111:part0:1.3 available at /home/smartscott/AMD/2025.2/data/xhub/boards/XilinxBoardStore/boards/Xilinx/zcu111/1.3/board.xml as part xczu28dr-ffvg1517-2-e specified in board_part file is either invalid or not available
WARNING: [Board 49-26] cannot add Board Part xilinx.com:zcu111:part0:1.4 available at /home/smartscott/AMD/2025.2/data/xhub/boards/XilinxBoardStore/boards/Xilinx/zcu111/1.4/board.xml as part xczu28dr-ffvg1517-2-e specified in board_part file is either invalid or not available
WARNING: [Board 49-26] cannot add Board Part xilinx.com:zcu1275:part0:1.0 available at /home/smartscott/AMD/2025.2/data/xhub/boards/XilinxBoardStore/boards/Xilinx/zcu1275/1.0/board.xml as part xczu29dr-ffvf1760-2-e specified in board_part file is either invalid or not available
WARNING: [Board 49-26] cannot add Board Part xilinx.com:zcu1285:part0:1.0 available at /home/smartscott/AMD/2025.2/data/xhub/boards/XilinxBoardStore/boards/Xilinx/zcu1285/1.0/board.xml as part xczu39dr-ffvf1760-2-i specified in board_part file is either invalid or not available
WARNING: [Board 49-26] cannot add Board Part xilinx.com:zcu208:part0:2.0 available at /home/smartscott/AMD/2025.2/data/xhub/boards/XilinxBoardStore/boards/Xilinx/zcu208/production/2.0/board.xml as part xczu48dr-fsvg1517-2-e specified in board_part file is either invalid or not available
WARNING: [Board 49-26] cannot add Board Part xilinx.com:zcu208ld:part0:2.0 available at /home/smartscott/AMD/2025.2/data/xhub/boards/XilinxBoardStore/boards/Xilinx/zcu208ld/production/2.0/board.xml as part xczu58dr-fsvg1517-2-i specified in board_part file is either invalid or not available
WARNING: [Board 49-26] cannot add Board Part xilinx.com:zcu216:part0:2.0 available at /home/smartscott/AMD/2025.2/data/xhub/boards/XilinxBoardStore/boards/Xilinx/zcu216/production/2.0/board.xml as part xczu49dr-ffvf1760-2-e specified in board_part file is either invalid or not available
WARNING: [Board 49-26] cannot add Board Part xilinx.com:zcu216ld:part0:2.0 available at /home/smartscott/AMD/2025.2/data/xhub/boards/XilinxBoardStore/boards/Xilinx/zcu216ld/production/2.0/board.xml as part xczu59dr-ffvf1760-2-i specified in board_part file is either invalid or not available
WARNING: [Board 49-26] cannot add Board Part xilinx.com:zcu670:part0:2.0 available at /home/smartscott/AMD/2025.2/data/xhub/boards/XilinxBoardStore/boards/Xilinx/zcu670/2.0/board.xml as part xczu67dr-fsve1156-2-i specified in board_part file is either invalid or not available
WARNING: [Board 49-26] cannot add Board Part xilinx.com:zcu670ld:part0:1.0 available at /home/smartscott/AMD/2025.2/data/xhub/boards/XilinxBoardStore/boards/Xilinx/zcu670ld/1.0/board.xml as part xczu57dr-fsve1156-2-i specified in board_part file is either invalid or not available
INFO: [IP_Flow 19-234] Refreshing IP repositories
INFO: [IP_Flow 19-1704] No user IP repositories specified
INFO: [IP_Flow 19-2313] Loaded Vivado IP repository '/home/smartscott/AMD/2025.2/data/ip'.
open_project: Time (s): cpu = 00:00:19 ; elapsed = 00:00:14 . Memory (MB): peak = 10111.332 ; gain = 257.891 ; free physical = 4084 ; free virtual = 20455
update_compile_order -fileset sources_1
open_bd_design {/home/smartscott/platform_driver/tb3d.srcs/sources_1/bd/design_1/design_1.bd}
Reading block design file </home/smartscott/platform_driver/tb3d.srcs/sources_1/bd/design_1/design_1.bd>...
Adding component instance block -- xilinx.com:ip:microblaze:11.0 - microblaze_0
Adding component instance block -- xilinx.com:module_ref:tb3d_transcoder:1.0 - tb3d_transcoder_0
Adding component instance block -- xilinx.com:ip:axi_noc:1.1 - axi_noc_0
Adding component instance block -- xilinx.com:ip:versal_cips:3.4 - versal_cips_0
Adding component instance block -- xilinx.com:ip:lmb_v10:3.0 - dlmb_v10
Adding component instance block -- xilinx.com:ip:lmb_v10:3.0 - ilmb_v10
Adding component instance block -- xilinx.com:ip:lmb_bram_if_cntlr:4.0 - dlmb_bram_if_cntlr
Adding component instance block -- xilinx.com:ip:lmb_bram_if_cntlr:4.0 - ilmb_bram_if_cntlr
Adding component instance block -- xilinx.com:ip:emb_mem_gen:1.0 - lmb_bram
Adding component instance block -- xilinx.com:ip:mdm:3.2 - mdm_1
Adding component instance block -- xilinx.com:ip:proc_sys_reset:5.0 - rst_noc_clk_gen_300M
Adding component instance block -- xilinx.com:ip:clk_wizard:1.0 - clk_wiz
Adding component instance block -- xilinx.com:ip:clk_gen_sim:1.0 - noc_clk_gen
Adding component instance block -- xilinx.com:ip:proc_sys_reset:5.0 - rst_clk_wiz_100M
Successfully read diagram <design_1> from block design file </home/smartscott/platform_driver/tb3d.srcs/sources_1/bd/design_1/design_1.bd>
INFO: [BD 41-3052] NOC Block /axi_noc_0 does not have shared segments on DDR and HBM. Shared segments allow full range access via NSU irrespective of multipath topology. Mutiple paths to DDR  across /axi_noc_0 with current configuration may split assignment. Please use the following AR-000036160  to leverage shared segments for DDR/HBM.
open_bd_design: Time (s): cpu = 00:00:13 ; elapsed = 00:00:10 . Memory (MB): peak = 10415.645 ; gain = 0.000 ; free physical = 3909 ; free virtual = 20276
open_bd_design {/home/smartscott/platform_driver/tb3d.srcs/sources_1/bd/design_1/design_1.bd}
INFO: [BD 41-3052] NOC Block /axi_noc_0 does not have shared segments on DDR and HBM. Shared segments allow full range access via NSU irrespective of multipath topology. Mutiple paths to DDR  across /axi_noc_0 with current configuration may split assignment. Please use the following AR-000036160  to leverage shared segments for DDR/HBM.
create_bd_cell -type module -reference tb3d_engine_top tb3d_engine_top_0
INFO: [IP_Flow 19-5107] Inferred bus interface 'm_axi' of definition 'xilinx.com:interface:aximm:1.0' (from Xilinx Repository).
INFO: [IP_Flow 19-5107] Inferred bus interface 's_axi' of definition 'xilinx.com:interface:aximm:1.0' (from Xilinx Repository).
INFO: [IP_Flow 19-5107] Inferred bus interface 'rst_n' of definition 'xilinx.com:signal:reset:1.0' (from Xilinx Repository).
INFO: [IP_Flow 19-5107] Inferred bus interface 'clk' of definition 'xilinx.com:signal:clock:1.0' (from Xilinx Repository).
INFO: [IP_Flow 19-4728] Bus Interface 'rst_n': Added interface parameter 'POLARITY' with value 'ACTIVE_LOW'.
INFO: [IP_Flow 19-4728] Bus Interface 'clk': Added interface parameter 'ASSOCIATED_BUSIF' with value 'm_axi'.
WARNING: [IP_Flow 19-11770] Clock interface 'clk' has no FREQ_HZ parameter.
create_bd_cell -type module -reference tb3d_pcie_bridge tb3d_pcie_bridge_0
INFO: [IP_Flow 19-5107] Inferred bus interface 'm_axis_rx' of definition 'xilinx.com:interface:axis:1.0' (from Xilinx Repository).
INFO: [IP_Flow 19-5107] Inferred bus interface 's_axis_tx' of definition 'xilinx.com:interface:axis:1.0' (from Xilinx Repository).
INFO: [IP_Flow 19-5107] Inferred bus interface 'm_csr' of definition 'xilinx.com:interface:aximm:1.0' (from Xilinx Repository).
INFO: [IP_Flow 19-5107] Inferred bus interface 'm_dma' of definition 'xilinx.com:interface:aximm:1.0' (from Xilinx Repository).
INFO: [IP_Flow 19-5107] Inferred bus interface 'rst_n' of definition 'xilinx.com:signal:reset:1.0' (from Xilinx Repository).
INFO: [IP_Flow 19-5107] Inferred bus interface 'clk' of definition 'xilinx.com:signal:clock:1.0' (from Xilinx Repository).
INFO: [IP_Flow 19-4728] Bus Interface 'rst_n': Added interface parameter 'POLARITY' with value 'ACTIVE_LOW'.
INFO: [IP_Flow 19-4728] Bus Interface 'clk': Added interface parameter 'ASSOCIATED_BUSIF' with value 'm_axis_rx'.
WARNING: [IP_Flow 19-11770] Clock interface 'clk' has no FREQ_HZ parameter.
set_property location {5 1429 435} [get_bd_cells tb3d_pcie_bridge_0]
set_property location {5 1484 259} [get_bd_cells tb3d_engine_top_0]
disconnect_bd_net /microblaze_0_Clk [get_bd_pins tb3d_transcoder_0/tb3d_in]
undo
INFO: [Common 17-17] undo 'disconnect_bd_net /microblaze_0_Clk [get_bd_pins tb3d_transcoder_0/tb3d_in]'
connect_bd_net [get_bd_pins tb3d_engine_top_0/vec_tb3d_bytes_i] [get_bd_pins noc_clk_gen/axi_clk_0]
disconnect_bd_net /versal_cips_0_pmc_axi_noc_axi0_clk [get_bd_pins axi_noc_0/aclk5]
connect_bd_net [get_bd_pins tb3d_engine_top_0/vec_nibble_pairs_i] [get_bd_pins axi_noc_0/aclk5]
delete_bd_objs [get_bd_nets versal_cips_0_pmc_axi_noc_axi0_clk]
connect_bd_net [get_bd_pins versal_cips_0/pmc_axi_noc_axi0_clk] [get_bd_pins axi_noc_0/aclk5]
validate_bd_design
WARNING: [BD 41-2670] Found an incomplete address path from address space '/tb3d_engine_top_0/m_axi' to master interface '/tb3d_engine_top_0/m_axi'. Please either complete or remove this path to resolve.
WARNING: [BD 41-2670] Found an incomplete address path from address space '/tb3d_pcie_bridge_0/m_csr' to master interface '/tb3d_pcie_bridge_0/m_csr'. Please either complete or remove this path to resolve.
WARNING: [BD 41-2670] Found an incomplete address path from address space '/tb3d_pcie_bridge_0/m_dma' to master interface '/tb3d_pcie_bridge_0/m_dma'. Please either complete or remove this path to resolve.
INFO: [BD 41-3052] NOC Block /axi_noc_0 does not have shared segments on DDR and HBM. Shared segments allow full range access via NSU irrespective of multipath topology. Mutiple paths to DDR  across /axi_noc_0 with current configuration may split assignment. Please use the following AR-000036160  to leverage shared segments for DDR/HBM.
ERROR: [BD 41-758] The following clock pins are not connected to a valid clock source: 
/tb3d_engine_top_0/clk
/tb3d_pcie_bridge_0/clk

ERROR: [Common 17-39] 'validate_bd_design' failed due to earlier errors.
delete_bd_objs [get_bd_nets tb3d_transcoder_0_tb3d_out]
connect_bd_net [get_bd_pins tb3d_engine_top_0/vec_tb3d_bytes_o] [get_bd_pins axi_noc_0/aclk6]
disconnect_bd_net /tb3d_transcoder_0_legacy_out [get_bd_pins tb3d_transcoder_0/legacy_out]
connect_bd_net [get_bd_pins tb3d_engine_top_0/vec_nibble_pairs_o] [get_bd_pins axi_noc_0/aclk8]
disconnect_bd_net /microblaze_0_Clk [get_bd_pins tb3d_transcoder_0/tb3d_in]
connect_bd_intf_net [get_bd_intf_pins tb3d_engine_top_0/s_axi] [get_bd_intf_pins tb3d_pcie_bridge_0/m_csr]
apply_bd_automation -rule xilinx.com:bd_rule:axi4_s2mm -config {Dest_Intf "/tb3d_pcie_bridge_0/s_axis_tx" Bridge_IP "New AXI-Stream FIFO (Medium/Low frequency transfer)" Conn_m_axis_rx "1" Clk_Stream "Auto" Clk_MM "Auto" }  [get_bd_intf_pins tb3d_engine_top_0/m_axi]
Slave segment '/axi_fifo_mm_s/S_AXI/Mem0' is being assigned into address space '/tb3d_engine_top_0/m_axi' at <0x44A0_0000 [ 64K ]>.
startgroup
set_property -dict [list \
  CONFIG.C_D_AXI {1} \
  CONFIG.C_I_AXI {1} \
] [get_bd_cells microblaze_0]
endgroup
startgroup
set_property -dict [list \
  CONFIG.NUM_MI {1} \
  CONFIG.NUM_SI {7} \
  CONFIG.SI_SIDEBAND_PINS {0,0,0,0,0,0} \
] [get_bd_cells axi_noc_0]
set_property -dict [list CONFIG.CATEGORY {ps_pcie}] [get_bd_intf_pins /axi_noc_0/M00_AXI]
set_property -dict [list CONFIG.CATEGORY {ps_rpu}] [get_bd_intf_pins /axi_noc_0/S04_AXI]
endgroup
connect_bd_intf_net [get_bd_intf_pins axi_noc_0/S06_AXI] [get_bd_intf_pins tb3d_pcie_bridge_0/m_dma]
delete_bd_objs [get_bd_intf_nets tb3d_pcie_bridge_0_m_csr]
connect_bd_intf_net [get_bd_intf_pins axi_noc_0/M00_AXI] [get_bd_intf_pins tb3d_engine_top_0/s_axi]
startgroup
set_property -dict [list CONFIG.CATEGORY {ps_rpu}] [get_bd_intf_pins /axi_noc_0/S04_AXI]
endgroup
delete_bd_objs [get_bd_intf_nets axi_noc_0_M00_AXI]
delete_bd_objs [get_bd_intf_nets tb3d_engine_top_0_m_axi]
delete_bd_objs [get_bd_intf_nets tb3d_pcie_bridge_0_s_axis_tx]
delete_bd_objs [get_bd_intf_nets tb3d_pcie_bridge_0_m_dma]
delete_bd_objs [get_bd_intf_nets axis_subset_converter_M_AXIS]
connect_bd_net [get_bd_pins tb3d_engine_top_0/rst_n] [get_bd_pins tb3d_pcie_bridge_0/rst_n]
connect_bd_net [get_bd_pins tb3d_engine_top_0/rst_n] [get_bd_pins rst_noc_clk_gen_300M/mb_reset]
disconnect_bd_net /rst_noc_clk_gen_300M_mb_reset [get_bd_pins tb3d_pcie_bridge_0/rst_n]
connect_bd_net [get_bd_pins tb3d_pcie_bridge_0/rst_n] [get_bd_pins rst_noc_clk_gen_300M/mb_reset]
disconnect_bd_net /rst_noc_clk_gen_300M_mb_reset [get_bd_pins tb3d_pcie_bridge_0/rst_n]
connect_bd_net [get_bd_pins tb3d_pcie_bridge_0/rst_n] [get_bd_pins axi_fifo_mm_s/mm2s_prmry_reset_out_n]
delete_bd_objs [get_bd_nets axi_fifo_mm_s_mm2s_prmry_reset_out_n]
disconnect_bd_net /rst_noc_clk_gen_300M_mb_reset [get_bd_pins tb3d_engine_top_0/rst_n]
connect_bd_net [get_bd_pins tb3d_engine_top_0/rst_n] [get_bd_pins axi_fifo_mm_s/mm2s_prmry_reset_out_n]
connect_bd_net [get_bd_pins tb3d_pcie_bridge_0/rst_n] [get_bd_pins axi_fifo_mm_s/mm2s_cntrl_reset_out_n]
connect_bd_intf_net [get_bd_intf_pins tb3d_pcie_bridge_0/m_dma] [get_bd_intf_pins axi_noc_0/S06_AXI]
connect_bd_intf_net [get_bd_intf_pins axi_noc_0/M00_AXI] [get_bd_intf_pins tb3d_engine_top_0/s_axi]
connect_bd_intf_net [get_bd_intf_pins tb3d_engine_top_0/m_axi] [get_bd_intf_pins axi_smc/S00_AXI]
connect_bd_intf_net [get_bd_intf_pins tb3d_pcie_bridge_0/s_axis_tx] [get_bd_intf_pins axis_dwidth_converter/S_AXIS]
startgroup
set_property CONFIG.NUM_MC {2} [get_bd_cells axi_noc_0]
set_property -dict [list CONFIG.CATEGORY {ps_rpu}] [get_bd_intf_pins /axi_noc_0/S04_AXI]
endgroup
startgroup
apply_bd_automation -rule xilinx.com:bd_rule:board -config { Board_Interface {ch0_lpddr4_trip1} Manual_Source {Auto}}  [get_bd_intf_pins axi_noc_0/CH0_LPDDR4_1]
INFO: [board_rule 100-100] set_property CONFIG.CH0_LPDDR4_1_BOARD_INTERFACE ch0_lpddr4_trip1 [get_bd_cells /axi_noc_0]
INFO: [BoardRule 102-8] create_bd_intf_port -mode Master -vlnv xilinx.com:interface:lpddr4_rtl:1.0 ch0_lpddr4_trip1_0
INFO: [BoardRule 102-9] connect_bd_intf_net /ch0_lpddr4_trip1_0 /axi_noc_0/CH0_LPDDR4_1
apply_bd_automation -rule xilinx.com:bd_rule:board -config { Board_Interface {ch0_lpddr4_trip1} Manual_Source {Auto}}  [get_bd_intf_pins axi_noc_0/CH1_LPDDR4_1]
INFO: [board_rule 100-100] set_property CONFIG.CH1_LPDDR4_1_BOARD_INTERFACE ch0_lpddr4_trip1 [get_bd_cells /axi_noc_0]
INFO: [BoardRule 102-8] create_bd_intf_port -mode Master -vlnv xilinx.com:interface:lpddr4_rtl:1.0 ch0_lpddr4_trip1_1
INFO: [BoardRule 102-9] connect_bd_intf_net /ch0_lpddr4_trip1_1 /axi_noc_0/CH1_LPDDR4_1
apply_bd_automation -rule xilinx.com:bd_rule:board -config { Board_Interface {lpddr4_clk2 ( LPDDR4 Clock 2 ) } Manual_Source {Auto}}  [get_bd_intf_pins axi_noc_0/sys_clk1]
INFO: [board_rule 100-100] set_property CONFIG.sys_clk1_BOARD_INTERFACE lpddr4_clk2 [get_bd_cells /axi_noc_0]
INFO: [BoardRule 102-8] create_bd_intf_port -mode Slave -vlnv xilinx.com:interface:diff_clock_rtl:1.0 lpddr4_clk2
INFO: [BoardRule 102-4] set_property CONFIG.FREQ_HZ 200000000 /lpddr4_clk2
INFO: [BoardRule 102-9] connect_bd_intf_net /lpddr4_clk2 /axi_noc_0/sys_clk1
INFO: [BoardRule 102-16] set_property CONFIG.FREQ_HZ 200000000 /lpddr4_clk2
endgroup
connect_bd_intf_net [get_bd_intf_pins tb3d_pcie_bridge_0/m_axis_rx] [get_bd_intf_pins axi_fifo_mm_s/AXI_STR_TXC]
startgroup
set_property -dict [list \
  CONFIG.NUM_MI {2} \
  CONFIG.NUM_SI {9} \
] [get_bd_cells axi_noc_0]
set_property -dict [list CONFIG.CATEGORY {ps_rpu}] [get_bd_intf_pins /axi_noc_0/S04_AXI]
endgroup
apply_bd_automation -rule xilinx.com:bd_rule:axi4_s2mm -config {Dest_Intf "/microblaze_0/M_AXI_DP" Bridge_IP "New AXI-Stream FIFO (Medium/Low frequency transfer)" Clk_Stream "/noc_clk_gen/axi_clk_0 (300 MHz)" Clk_MM "/noc_clk_gen/axi_clk_0 (300 MHz)" }  [get_bd_intf_pins axis_subset_converter/M_AXIS]
No interface associated with "/microblaze_0/M_AXI_DP" found
ERROR: [BD 41-2168] Errors found in procedure apply_rule:


INFO: [BD 5-145] Automation rule xilinx.com:bd_rule:axi4 was not applied to object S_AXI
ERROR: [Common 17-39] 'apply_bd_automation' failed due to earlier errors.
ERROR: [BD 41-1273] Error running apply_rule TCL procedure: No interface associated with "/microblaze_0/M_AXI_DP" found
    connect_fifo_mm_intf Line 27
INFO: [BD 5-145] Automation rule xilinx.com:bd_rule:axi4_s2mm was not applied to object M_AXIS
INFO: [Common 17-17] undo 'apply_bd_automation -rule xilinx.com:bd_rule:axi4_s2mm -config {Dest_Intf "/microblaze_0/M_AXI_DP" Bridge_IP "New AXI-Stream FIFO (Medium/Low frequency transfer)" Clk_Stream "/noc_clk_gen/axi_clk_0 (300 MHz)" Clk_MM "/noc_clk_gen/axi_clk_0 (300 MHz)" }  [get_bd_intf_pins axis_subset_converter/M_AXIS]'
startgroup
create_bd_cell -type ip -vlnv xilinx.com:ip:axi_uartlite:2.0 axi_uartlite_0
endgroup
connect_bd_intf_net [get_bd_intf_pins axi_uartlite_0/S_AXI] [get_bd_intf_pins microblaze_0/M_AXI_DP]
startgroup
make_bd_intf_pins_external  [get_bd_intf_pins axi_uartlite_0/UART]
endgroup
apply_bd_automation -rule xilinx.com:bd_rule:clkrst -config { Clk {/noc_clk_gen/axi_clk_0 (300 MHz)} Freq {300} Ref_Clk0 {} Ref_Clk1 {} Ref_Clk2 {}}  [get_bd_pins axi_uartlite_0/s_axi_aclk]
connect_bd_intf_net [get_bd_intf_pins axi_noc_0/S07_AXI] [get_bd_intf_pins tb3d_pcie_bridge_0/m_csr]
connect_bd_net [get_bd_pins tb3d_pcie_bridge_0/completer_id] [get_bd_pins noc_clk_gen/axi_clk_0]
set_property location {4.5 934 673} [get_bd_cells noc_clk_gen]
startgroup
make_bd_pins_external  [get_bd_pins tb3d_engine_top_0/intr_req]
endgroup
connect_bd_intf_net [get_bd_intf_pins microblaze_0/M_AXI_IP] [get_bd_intf_pins axi_noc_0/S08_AXI]
regenerate_bd_layout -routing
regenerate_bd_layout
delete_bd_objs [get_bd_cells tb3d_transcoder_0]
update_compile_order -fileset sources_1
regenerate_bd_layout
startgroup
make_bd_intf_pins_external  [get_bd_intf_pins axis_subset_converter/M_AXIS]
endgroup
regenerate_bd_layout
set_property location {-17 9} [get_bd_intf_ports lpddr4_clk2]
set_property location {-6 46} [get_bd_intf_ports lpddr4_clk2]
regenerate_bd_layout
assign_bd_address
INFO: [BD 41-3092] Triggering Container based Auto Assign Algorithm
Slave segment '/axi_uartlite_0/S_AXI/Reg' is being assigned into address space '/microblaze_0/Data' at <0x4060_0000 [ 64K ]>.
Slave segment '/axi_noc_0/S03_AXI/C1_DDR_LOW1x2' is being assigned into address space '/versal_cips_0/FPD_CCI_NOC_3' at <0x8_8000_0000 [ 6G ]>.
Slave segment '/axi_noc_0/S03_AXI/C1_DDR_LOW0x2' is being assigned into address space '/versal_cips_0/FPD_CCI_NOC_3' at <0x0000_0000 [ 2G ]>.
Slave segment '/axi_noc_0/S02_AXI/C0_DDR_LOW1x2' is being assigned into address space '/versal_cips_0/FPD_CCI_NOC_2' at <0x8_8000_0000 [ 6G ]>.
Slave segment '/axi_noc_0/S02_AXI/C0_DDR_LOW0x2' is being assigned into address space '/versal_cips_0/FPD_CCI_NOC_2' at <0x0000_0000 [ 2G ]>.
Slave segment '/axi_noc_0/S01_AXI/C2_DDR_LOW0x2' is being assigned into address space '/versal_cips_0/FPD_CCI_NOC_1' at <0x0000_0000 [ 2G ]>.
Slave segment '/axi_noc_0/S01_AXI/C2_DDR_LOW1x2' is being assigned into address space '/versal_cips_0/FPD_CCI_NOC_1' at <0x8_8000_0000 [ 6G ]>.
Slave segment '/axi_noc_0/S00_AXI/C3_DDR_LOW1x2' is being assigned into address space '/versal_cips_0/FPD_CCI_NOC_0' at <0x8_8000_0000 [ 6G ]>.
Slave segment '/axi_noc_0/S00_AXI/C3_DDR_LOW0x2' is being assigned into address space '/versal_cips_0/FPD_CCI_NOC_0' at <0x0000_0000 [ 2G ]>.
Slave segment '/axi_noc_0/S04_AXI/C3_DDR_LOW1x2' is being assigned into address space '/versal_cips_0/LPD_AXI_NOC_0' at <0x8_8000_0000 [ 6G ]>.
Slave segment '/axi_noc_0/S04_AXI/C3_DDR_LOW0x2' is being assigned into address space '/versal_cips_0/LPD_AXI_NOC_0' at <0x0000_0000 [ 2G ]>.
Slave segment '/axi_noc_0/S05_AXI/C2_DDR_LOW1x2' is being assigned into address space '/versal_cips_0/PMC_NOC_AXI_0' at <0x8_8000_0000 [ 6G ]>.
Slave segment '/axi_noc_0/S05_AXI/C2_DDR_LOW0x2' is being assigned into address space '/versal_cips_0/PMC_NOC_AXI_0' at <0x0000_0000 [ 2G ]>.
INFO: [BD 41-3052] NOC Block /axi_noc_0 does not have shared segments on DDR and HBM. Shared segments allow full range access via NSU irrespective of multipath topology. Mutiple paths to DDR  across /axi_noc_0 with current configuration may split assignment. Please use the following AR-000036160  to leverage shared segments for DDR/HBM.
auto_assign_options {memory_capacity 8G}
regenerate_bd_layout
regenerate_bd_layout -routing
validate_bd_design
WARNING: [BD 41-2670] Found an incomplete address path from address space '/microblaze_0/Instruction' to slave interface '/axi_noc_0/S08_AXI'. Please either complete or remove this path to resolve.
WARNING: [BD 41-2670] Found an incomplete address path from address space '/tb3d_pcie_bridge_0/m_csr' to slave interface '/axi_noc_0/S07_AXI'. Please either complete or remove this path to resolve.
WARNING: [BD 41-2670] Found an incomplete address path from address space '/tb3d_pcie_bridge_0/m_dma' to slave interface '/axi_noc_0/S06_AXI'. Please either complete or remove this path to resolve.
INFO: [BD 41-3052] NOC Block /axi_noc_0 does not have shared segments on DDR and HBM. Shared segments allow full range access via NSU irrespective of multipath topology. Mutiple paths to DDR  across /axi_noc_0 with current configuration may split assignment. Please use the following AR-000036160  to leverage shared segments for DDR/HBM.
CRITICAL WARNING: [BD 41-2559] AXI interface port /M_AXIS_0 is not associated to any clock port. It may not work correctly. Please update ASSOCIATED_BUSIF parameter of a clock port to include this interface port in an external clock port. If no external clock port exists in the design, make the source clock port /noc_clk_gen/axi_clk_0 external and associate the interface port to it.
INFO: [BD 41-3097] Setting empty PL aperture on /axi_noc_0/M01_AXI will be ignored. PL bucketting or assign operation will compute the aperture.
CRITICAL WARNING: [BD 41-2331] NoC Category Mismatch. NoC interface /axi_noc_0/M00_AXI category 'ps_pcie' does not match connected interface /tb3d_engine_top_0/s_axi category 'pl'. Please edit the noc instance /axi_noc_0 and set the category of M00_AXI to pl.
Generating placement and routing for NoC components
INFO: [Ipconfig 75-709] Read and Merge Traffic Stats:  Before Read: 0 insts (0 INI), 0 paths (0 INI). Read In: 13 insts (0 INI), 12 paths (0 INI). After Merge: 13 insts (0 INI), 12 paths (0 INI). Noc Frequency: 1000 0 error slaves
INFO: [Ipconfig 75-709] Read and Merge Traffic Stats:  Before Read: 13 insts (0 INI), 12 paths (0 INI). Read In: 8 insts (0 INI), 12 paths (0 INI). After Merge: 20 insts (0 INI), 21 paths (0 INI). Noc Frequency: 1000 0 error slaves
INFO: [Ipconfig 75-869] Added 3 boot config paths to traffic out of a total of 12
NoC TrafficSpec | Checksum: 2f34f2eb
NoC Constraints | Checksum: 9c596816
NoC Incremental Solution | Checksum: 976355f0
INFO: [Ipconfig 75-92] Running NoC Placement
INFO: [Ipconfig 75-122] Detailed placement phase
INFO: [Ipconfig 75-133] Running NoC Routing
NoC Compiler Finished Successfully
NoC Solution | Checksum: a440d9fc
INFO: [Ipconfig 75-108] Writing file /home/smartscott/platform_driver/tb3d.gen/sources_1/common/nsln/NOC_Power.xpe.
INFO: [BD::NoC 103-3] # Resolving NoC Clock Associations
INFO: [BD::NoC 103-5] Changing ASSOCIATED_BUSIF of pin <aclk0> from <S00_AXI:M00_AXI:S06_AXI:M01_AXI:S07_AXI:S08_AXI> to <S00_AXI:M01_AXI>.
INFO: [BD::NoC 103-5] Changing ASSOCIATED_BUSIF of pin <aclk7> from <> to <M00_AXI:S06_AXI:S07_AXI:S08_AXI>.
INFO: [BD 5-943] Reserving offset range <0x44A0_0000 [ 64K ]> from slave interface '/axi_smc/S00_AXI' to master interface '/axi_smc/M00_AXI'. This will be used by smartconnect on path for routing.
INFO: [xilinx.com:ip:smartconnect:1.0-1] design_1_axi_smc_0: SmartConnect design_1_axi_smc_0 is in Low-Area Mode.
INFO: [Ipptcl 7-1463] No Compatible Board Interface found. Board Tab not created in customize GUI
WARNING: [filemgmt 56-443] The ECC Algorithm string is empty. Setting the Memory Map to default ECC value to ECC_NONE.
INFO: [xilinx.com:ip:microblaze:11.0-9] /microblaze_0: Setting C_BASE_VECTORS to 0x00000000.
WARNING: [xilinx.com:ip:axis_dwidth_converter:1.1-1] /axis_dwidth_converterSlave interface TUSER_WIDTH (4) is not an integer multiple of number of slave interface TDATA_NUM_BYTES (8). TUSER_BITS_PER_BYTE forced to 0.
ERROR: [BD 41-237] Bus Interface property PROTOCOL does not match between /axi_noc_0/S08_AXI(AXI4) and /microblaze_0/M_AXI_IP(AXI4LITE)
ERROR: [BD 41-237] Bus Interface property PROTOCOL does not match between /tb3d_engine_top_0/s_axi(AXI4LITE) and /axi_noc_0/M00_AXI(AXI4)
ERROR: [BD 41-237] Bus Interface property ID_WIDTH does not match between /tb3d_engine_top_0/s_axi(0) and /axi_noc_0/M00_AXI(2)
ERROR: [BD 41-237] Bus Interface property PROTOCOL does not match between /axi_noc_0/S07_AXI(AXI4) and /tb3d_pcie_bridge_0/m_csr(AXI4LITE)
ERROR: [BD 41-237] Bus Interface property FREQ_HZ does not match between /M_AXIS_0(100000000) and /axis_subset_converter/M_AXIS(300000000)
CRITICAL WARNING: [BD 41-237] Bus Interface property SUPPORTS_NARROW_BURST does not match between /tb3d_engine_top_0/s_axi(0) and /axi_noc_0/M00_AXI(1)
CRITICAL WARNING: [BD 41-237] Bus Interface property MAX_BURST_LENGTH does not match between /tb3d_engine_top_0/s_axi(1) and /axi_noc_0/M00_AXI(256)
CRITICAL WARNING: [BD 41-237] Bus Interface property TDATA_NUM_BYTES does not match between /tb3d_pcie_bridge_0/m_axis_rx(8) and /axi_fifo_mm_s/AXI_STR_TXC(4)
WARNING: [BD 41-237] Bus Interface property AWUSER_WIDTH does not match between /tb3d_engine_top_0/s_axi(0) and /axi_noc_0/M00_AXI(18)
WARNING: [BD 41-237] Bus Interface property ARUSER_WIDTH does not match between /tb3d_engine_top_0/s_axi(0) and /axi_noc_0/M00_AXI(18)
WARNING: [BD 41-237] Bus Interface property WUSER_WIDTH does not match between /tb3d_engine_top_0/s_axi(0) and /axi_noc_0/M00_AXI(17)
WARNING: [BD 41-237] Bus Interface property RUSER_WIDTH does not match between /tb3d_engine_top_0/s_axi(0) and /axi_noc_0/M00_AXI(17)
WARNING: [BD 41-237] Bus Interface property RUSER_WIDTH does not match between /axi_noc_0/S00_AXI(17) and /versal_cips_0/FPD_CCI_NOC_0(0)
WARNING: [BD 41-237] Bus Interface property RUSER_WIDTH does not match between /axi_noc_0/S01_AXI(17) and /versal_cips_0/FPD_CCI_NOC_1(0)
WARNING: [BD 41-237] Bus Interface property RUSER_WIDTH does not match between /axi_noc_0/S02_AXI(17) and /versal_cips_0/FPD_CCI_NOC_2(0)
WARNING: [BD 41-237] Bus Interface property RUSER_WIDTH does not match between /axi_noc_0/S03_AXI(17) and /versal_cips_0/FPD_CCI_NOC_3(0)
WARNING: [BD 41-237] Bus Interface property WUSER_WIDTH does not match between /axi_noc_0/S04_AXI(17) and /versal_cips_0/LPD_AXI_NOC_0(0)
WARNING: [BD 41-237] Bus Interface property RUSER_WIDTH does not match between /axi_noc_0/S04_AXI(17) and /versal_cips_0/LPD_AXI_NOC_0(0)
validate_bd_design: Time (s): cpu = 00:00:30 ; elapsed = 00:00:33 . Memory (MB): peak = 11204.223 ; gain = 357.371 ; free physical = 2642 ; free virtual = 19147
ERROR: [Common 17-39] 'validate_bd_design' failed due to earlier errors.
startgroup
set_property CONFIG.UARTLITE_BOARD_INTERFACE {sysctrl_uart} [get_bd_cells axi_uartlite_0]
endgroup
delete_bd_objs [get_bd_intf_nets microblaze_0_M_AXI_DP]
apply_bd_automation -rule xilinx.com:bd_rule:axi4 -config { Clk_master {/noc_clk_gen/axi_clk_0 (300 MHz)} Clk_slave {/noc_clk_gen/axi_clk_0 (300 MHz)} Clk_xbar {/noc_clk_gen/axi_clk_0 (300 MHz)} Master {/microblaze_0 (Periph)} Slave {/axi_uartlite_0/S_AXI} ddr_seg {Auto} intc_ip {New AXI SmartConnect} master_apm {0}}  [get_bd_intf_pins axi_uartlite_0/S_AXI]
delete_bd_objs [get_bd_intf_nets axi_uartlite_0_UART]
apply_bd_automation -rule xilinx.com:bd_rule:board -config { Board_Interface {sysctrl_uart ( Sysctrl UART ) } Manual_Source {Auto}}  [get_bd_intf_pins axi_uartlite_0/UART]
INFO: [board_rule 100-100] set_property CONFIG.USE_BOARD_FLOW true [get_bd_cells /axi_uartlite_0]
INFO: [board_rule 100-100] set_property CONFIG.UARTLITE_BOARD_INTERFACE sysctrl_uart [get_bd_cells /axi_uartlite_0]
INFO: [BoardRule 102-8] create_bd_intf_port -mode Master -vlnv xilinx.com:interface:uart_rtl:1.0 sysctrl_uart
INFO: [BoardRule 102-9] connect_bd_intf_net /sysctrl_uart /axi_uartlite_0/UART
delete_bd_objs [get_bd_intf_ports UART_0]
delete_bd_objs [get_bd_intf_nets axis_subset_converter_M_AXIS]
delete_bd_objs [get_bd_intf_ports M_AXIS_0]
startgroup
make_bd_intf_pins_external  [get_bd_intf_pins axis_subset_converter/M_AXIS]
endgroup
startgroup
set_property -dict [list CONFIG.CATEGORY {pl}] [get_bd_intf_pins /axi_noc_0/M00_AXI]
set_property -dict [list CONFIG.CATEGORY {ps_cci}] [get_bd_intf_pins /axi_noc_0/M01_AXI]
set_property -dict [list CONFIG.CATEGORY {ps_rpu}] [get_bd_intf_pins /axi_noc_0/S04_AXI]
endgroup
regenerate_bd_layout
validate_bd_design
WARNING: [BD 41-2670] Found an incomplete address path from address space '/microblaze_0/Instruction' to slave interface '/axi_noc_0/S08_AXI'. Please either complete or remove this path to resolve.
WARNING: [BD 41-2670] Found an incomplete address path from address space '/tb3d_pcie_bridge_0/m_csr' to slave interface '/axi_noc_0/S07_AXI'. Please either complete or remove this path to resolve.
WARNING: [BD 41-2670] Found an incomplete address path from address space '/tb3d_pcie_bridge_0/m_dma' to slave interface '/axi_noc_0/S06_AXI'. Please either complete or remove this path to resolve.
INFO: [BD 41-3052] NOC Block /axi_noc_0 does not have shared segments on DDR and HBM. Shared segments allow full range access via NSU irrespective of multipath topology. Mutiple paths to DDR  across /axi_noc_0 with current configuration may split assignment. Please use the following AR-000036160  to leverage shared segments for DDR/HBM.
INFO: [BD 41-3097] Setting empty PL aperture on /axi_noc_0/M00_AXI will be ignored. PL bucketting or assign operation will compute the aperture.
Generating placement and routing for NoC components
INFO: [Ipconfig 75-709] Read and Merge Traffic Stats:  Before Read: 0 insts (0 INI), 0 paths (0 INI). Read In: 13 insts (0 INI), 12 paths (0 INI). After Merge: 13 insts (0 INI), 12 paths (0 INI). Noc Frequency: 1000 0 error slaves
INFO: [Ipconfig 75-709] Read and Merge Traffic Stats:  Before Read: 13 insts (0 INI), 12 paths (0 INI). Read In: 8 insts (0 INI), 12 paths (0 INI). After Merge: 20 insts (0 INI), 21 paths (0 INI). Noc Frequency: 1000 0 error slaves
INFO: [Ipconfig 75-869] Added 3 boot config paths to traffic out of a total of 12
NoC TrafficSpec | Checksum: 468e2b7
NoC Constraints | Checksum: 9c596816
NoC Incremental Solution | Checksum: 976355f0
INFO: [Ipconfig 75-92] Running NoC Placement
INFO: [Ipconfig 75-122] Detailed placement phase
INFO: [Ipconfig 75-133] Running NoC Routing
NoC Compiler Finished Successfully
NoC Solution | Checksum: a440d9fc
INFO: [Ipconfig 75-108] Writing file /home/smartscott/platform_driver/tb3d.gen/sources_1/common/nsln/NOC_Power.xpe.
INFO: [BD::NoC 103-3] # Resolving NoC Clock Associations
INFO: [BD::NoC 103-5] Changing ASSOCIATED_BUSIF of pin <aclk0> from <M01_AXI:S00_AXI> to <S00_AXI:M01_AXI>.
INFO: [BD 5-943] Reserving offset range <0x4060_0000 [ 64K ]> from slave interface '/axi_smc_1/S00_AXI' to master interface '/axi_smc_1/M00_AXI'. This will be used by smartconnect on path for routing.
INFO: [xilinx.com:ip:smartconnect:1.0-1] design_1_axi_smc_1_0: SmartConnect design_1_axi_smc_1_0 is in Low-Area Mode.
INFO: [Ipptcl 7-1463] No Compatible Board Interface found. Board Tab not created in customize GUI
INFO: [BD 5-943] Reserving offset range <0x44A0_0000 [ 64K ]> from slave interface '/axi_smc/S00_AXI' to master interface '/axi_smc/M00_AXI'. This will be used by smartconnect on path for routing.
INFO: [xilinx.com:ip:smartconnect:1.0-1] design_1_axi_smc_0: SmartConnect design_1_axi_smc_0 is in Low-Area Mode.
WARNING: [filemgmt 56-443] The ECC Algorithm string is empty. Setting the Memory Map to default ECC value to ECC_NONE.
INFO: [xilinx.com:ip:microblaze:11.0-9] /microblaze_0: Setting C_BASE_VECTORS to 0x00000000.
WARNING: [xilinx.com:ip:axis_dwidth_converter:1.1-1] /axis_dwidth_converterSlave interface TUSER_WIDTH (4) is not an integer multiple of number of slave interface TDATA_NUM_BYTES (8). TUSER_BITS_PER_BYTE forced to 0.
ERROR: [BD 41-237] Bus Interface property PROTOCOL does not match between /axi_noc_0/S08_AXI(AXI4) and /microblaze_0/M_AXI_IP(AXI4LITE)
ERROR: [BD 41-237] Bus Interface property PROTOCOL does not match between /tb3d_engine_top_0/s_axi(AXI4LITE) and /axi_noc_0/M00_AXI(AXI4)
ERROR: [BD 41-237] Bus Interface property ID_WIDTH does not match between /tb3d_engine_top_0/s_axi(0) and /axi_noc_0/M00_AXI(2)
ERROR: [BD 41-237] Bus Interface property PROTOCOL does not match between /axi_noc_0/S07_AXI(AXI4) and /tb3d_pcie_bridge_0/m_csr(AXI4LITE)
CRITICAL WARNING: [BD 41-237] Bus Interface property SUPPORTS_NARROW_BURST does not match between /tb3d_engine_top_0/s_axi(0) and /axi_noc_0/M00_AXI(1)
CRITICAL WARNING: [BD 41-237] Bus Interface property MAX_BURST_LENGTH does not match between /tb3d_engine_top_0/s_axi(1) and /axi_noc_0/M00_AXI(256)
CRITICAL WARNING: [BD 41-237] Bus Interface property TDATA_NUM_BYTES does not match between /tb3d_pcie_bridge_0/m_axis_rx(8) and /axi_fifo_mm_s/AXI_STR_TXC(4)
WARNING: [BD 41-237] Bus Interface property AWUSER_WIDTH does not match between /tb3d_engine_top_0/s_axi(0) and /axi_noc_0/M00_AXI(18)
WARNING: [BD 41-237] Bus Interface property ARUSER_WIDTH does not match between /tb3d_engine_top_0/s_axi(0) and /axi_noc_0/M00_AXI(18)
WARNING: [BD 41-237] Bus Interface property RUSER_WIDTH does not match between /axi_noc_0/S00_AXI(17) and /versal_cips_0/FPD_CCI_NOC_0(0)
WARNING: [BD 41-237] Bus Interface property RUSER_WIDTH does not match between /axi_noc_0/S01_AXI(17) and /versal_cips_0/FPD_CCI_NOC_1(0)
WARNING: [BD 41-237] Bus Interface property RUSER_WIDTH does not match between /axi_noc_0/S02_AXI(17) and /versal_cips_0/FPD_CCI_NOC_2(0)
WARNING: [BD 41-237] Bus Interface property RUSER_WIDTH does not match between /axi_noc_0/S03_AXI(17) and /versal_cips_0/FPD_CCI_NOC_3(0)
WARNING: [BD 41-237] Bus Interface property WUSER_WIDTH does not match between /axi_noc_0/S04_AXI(17) and /versal_cips_0/LPD_AXI_NOC_0(0)
WARNING: [BD 41-237] Bus Interface property RUSER_WIDTH does not match between /axi_noc_0/S04_AXI(17) and /versal_cips_0/LPD_AXI_NOC_0(0)
validate_bd_design: Time (s): cpu = 00:00:30 ; elapsed = 00:00:28 . Memory (MB): peak = 11469.836 ; gain = 33.500 ; free physical = 2394 ; free virtual = 18894
ERROR: [Common 17-39] 'validate_bd_design' failed due to earlier errors.
make_wrapper -files [get_files /home/smartscott/platform_driver/tb3d.srcs/sources_1/bd/design_1/design_1.bd] -top
WARNING: [BD 41-2670] Found an incomplete address path from address space '/microblaze_0/Instruction' to slave interface '/axi_noc_0/S08_AXI'. Please either complete or remove this path to resolve.
WARNING: [BD 41-2670] Found an incomplete address path from address space '/tb3d_pcie_bridge_0/m_csr' to slave interface '/axi_noc_0/S07_AXI'. Please either complete or remove this path to resolve.
WARNING: [BD 41-2670] Found an incomplete address path from address space '/tb3d_pcie_bridge_0/m_dma' to slave interface '/axi_noc_0/S06_AXI'. Please either complete or remove this path to resolve.
INFO: [BD 41-3052] NOC Block /axi_noc_0 does not have shared segments on DDR and HBM. Shared segments allow full range access via NSU irrespective of multipath topology. Mutiple paths to DDR  across /axi_noc_0 with current configuration may split assignment. Please use the following AR-000036160  to leverage shared segments for DDR/HBM.
INFO: [BD 41-3097] Setting empty PL aperture on /axi_noc_0/M00_AXI will be ignored. PL bucketting or assign operation will compute the aperture.
INFO: [BD 41-3097] Setting empty PL aperture on /axi_noc_0/M00_AXI will be ignored. PL bucketting or assign operation will compute the aperture.
INFO: [BD 41-3097] Setting empty PL aperture on /axi_noc_0/M00_AXI will be ignored. PL bucketting or assign operation will compute the aperture.
INFO: [BD 41-3097] Setting empty PL aperture on /axi_noc_0/M00_AXI will be ignored. PL bucketting or assign operation will compute the aperture.
INFO: [BD 41-3097] Setting empty PL aperture on /axi_noc_0/M00_AXI will be ignored. PL bucketting or assign operation will compute the aperture.
INFO: [BD 41-3275] NoC Compiler will not be re-run because NoC configuration has not changed since the last successful run.
INFO: [BD::NoC 103-3] # Resolving NoC Clock Associations
INFO: [BD::NoC 103-5] Changing ASSOCIATED_BUSIF of pin <aclk0> from <M01_AXI:S00_AXI> to <S00_AXI:M01_AXI>.
INFO: [BD 5-943] Reserving offset range <0x4060_0000 [ 64K ]> from slave interface '/axi_smc_1/S00_AXI' to master interface '/axi_smc_1/M00_AXI'. This will be used by smartconnect on path for routing.
INFO: [BD 5-943] Reserving offset range <0x4060_0000 [ 64K ]> from slave interface '/axi_smc_1/S00_AXI' to master interface '/axi_smc_1/M00_AXI'. This will be used by smartconnect on path for routing.
INFO: [xilinx.com:ip:smartconnect:1.0-1] design_1_axi_smc_1_0: SmartConnect design_1_axi_smc_1_0 is in Low-Area Mode.
INFO: [Ipptcl 7-1463] No Compatible Board Interface found. Board Tab not created in customize GUI
INFO: [BD 5-943] Reserving offset range <0x44A0_0000 [ 64K ]> from slave interface '/axi_smc/S00_AXI' to master interface '/axi_smc/M00_AXI'. This will be used by smartconnect on path for routing.
INFO: [BD 5-943] Reserving offset range <0x44A0_0000 [ 64K ]> from slave interface '/axi_smc/S00_AXI' to master interface '/axi_smc/M00_AXI'. This will be used by smartconnect on path for routing.
INFO: [xilinx.com:ip:smartconnect:1.0-1] design_1_axi_smc_0: SmartConnect design_1_axi_smc_0 is in Low-Area Mode.
INFO: [Ipptcl 7-1463] No Compatible Board Interface found. Board Tab not created in customize GUI
WARNING: [filemgmt 56-443] The ECC Algorithm string is empty. Setting the Memory Map to default ECC value to ECC_NONE.
WARNING: [filemgmt 56-443] The ECC Algorithm string is empty. Setting the Memory Map to default ECC value to ECC_NONE.
INFO: [xilinx.com:ip:microblaze:11.0-9] /microblaze_0: Setting C_BASE_VECTORS to 0x00000000.
WARNING: [xilinx.com:ip:axis_dwidth_converter:1.1-1] /axis_dwidth_converterSlave interface TUSER_WIDTH (4) is not an integer multiple of number of slave interface TDATA_NUM_BYTES (8). TUSER_BITS_PER_BYTE forced to 0.
WARNING: [xilinx.com:ip:axis_dwidth_converter:1.1-1] /axis_dwidth_converterSlave interface TUSER_WIDTH (4) is not an integer multiple of number of slave interface TDATA_NUM_BYTES (8). TUSER_BITS_PER_BYTE forced to 0.
ERROR: [BD 41-237] Bus Interface property PROTOCOL does not match between /axi_noc_0/S08_AXI(AXI4) and /microblaze_0/M_AXI_IP(AXI4LITE)
ERROR: [BD 41-237] Bus Interface property PROTOCOL does not match between /tb3d_engine_top_0/s_axi(AXI4LITE) and /axi_noc_0/M00_AXI(AXI4)
ERROR: [BD 41-237] Bus Interface property ID_WIDTH does not match between /tb3d_engine_top_0/s_axi(0) and /axi_noc_0/M00_AXI(2)
ERROR: [BD 41-237] Bus Interface property PROTOCOL does not match between /axi_noc_0/S07_AXI(AXI4) and /tb3d_pcie_bridge_0/m_csr(AXI4LITE)
CRITICAL WARNING: [BD 41-237] Bus Interface property SUPPORTS_NARROW_BURST does not match between /tb3d_engine_top_0/s_axi(0) and /axi_noc_0/M00_AXI(1)
CRITICAL WARNING: [BD 41-237] Bus Interface property MAX_BURST_LENGTH does not match between /tb3d_engine_top_0/s_axi(1) and /axi_noc_0/M00_AXI(256)
CRITICAL WARNING: [BD 41-237] Bus Interface property TDATA_NUM_BYTES does not match between /tb3d_pcie_bridge_0/m_axis_rx(8) and /axi_fifo_mm_s/AXI_STR_TXC(4)
WARNING: [BD 41-237] Bus Interface property AWUSER_WIDTH does not match between /tb3d_engine_top_0/s_axi(0) and /axi_noc_0/M00_AXI(18)
WARNING: [BD 41-237] Bus Interface property ARUSER_WIDTH does not match between /tb3d_engine_top_0/s_axi(0) and /axi_noc_0/M00_AXI(18)
WARNING: [BD 41-237] Bus Interface property RUSER_WIDTH does not match between /axi_noc_0/S00_AXI(17) and /versal_cips_0/FPD_CCI_NOC_0(0)
WARNING: [BD 41-237] Bus Interface property RUSER_WIDTH does not match between /axi_noc_0/S01_AXI(17) and /versal_cips_0/FPD_CCI_NOC_1(0)
WARNING: [BD 41-237] Bus Interface property RUSER_WIDTH does not match between /axi_noc_0/S02_AXI(17) and /versal_cips_0/FPD_CCI_NOC_2(0)
WARNING: [BD 41-237] Bus Interface property RUSER_WIDTH does not match between /axi_noc_0/S03_AXI(17) and /versal_cips_0/FPD_CCI_NOC_3(0)
WARNING: [BD 41-237] Bus Interface property WUSER_WIDTH does not match between /axi_noc_0/S04_AXI(17) and /versal_cips_0/LPD_AXI_NOC_0(0)
WARNING: [BD 41-237] Bus Interface property RUSER_WIDTH does not match between /axi_noc_0/S04_AXI(17) and /versal_cips_0/LPD_AXI_NOC_0(0)
ERROR: [BD 41-1031] Hdl Generation failed for the IP Integrator design /home/smartscott/platform_driver/tb3d.srcs/sources_1/bd/design_1/design_1.bd 
ERROR: [Vivado 12-5158] Failed to make wrapper for file '/home/smartscott/platform_driver/tb3d.srcs/sources_1/bd/design_1/design_1.bd'. Top wrapper not generated for 'verilog' language.
make_wrapper: Time (s): cpu = 00:01:12 ; elapsed = 00:01:09 . Memory (MB): peak = 11699.949 ; gain = 0.000 ; free physical = 2287 ; free virtual = 18803
ERROR: [Common 17-39] 'make_wrapper' failed due to earlier errors.
delete_bd_objs [get_bd_intf_nets axi_noc_0_M00_AXI]
regenerate_bd_layout
startgroup
set_property -dict [list \
  CONFIG.MI_NAMES {} \
  CONFIG.MI_SIDEBAND_PINS {} \
  CONFIG.NUM_MI {0} \
] [get_bd_cells axi_noc_0]
set_property -dict [list CONFIG.CATEGORY {ps_rpu}] [get_bd_intf_pins /axi_noc_0/S04_AXI]
set_property -dict [list CONFIG.ASSOCIATED_BUSIF {S08_AXI:S07_AXI:S06_AXI}] [get_bd_pins /axi_noc_0/aclk7]
endgroup
WARNING: [IP_Flow 19-474] Invalid Parameter 'Component_Name'
startgroup
set_property -dict [list \
  CONFIG.CPM_CONFIG { \
    CPM_PCIE0_MODES {DMA} \
  } \
  CONFIG.PS_PMC_CONFIG { \
    DDR_MEMORY_MODE {Connectivity to DDR via NOC} \
    DESIGN_MODE {1} \
    DEVICE_INTEGRITY_MODE {Sysmon temperature voltage and external IO monitoring} \
    PCIE_APERTURES_DUAL_ENABLE {0} \
    PCIE_APERTURES_SINGLE_ENABLE {1} \
    PMC_GPIO0_MIO_PERIPHERAL {{ENABLE 1} {IO {PMC_MIO 0 .. 25}}} \
    PMC_GPIO1_MIO_PERIPHERAL {{ENABLE 1} {IO {PMC_MIO 26 .. 51}}} \
    PMC_MIO37 {{AUX_IO 0} {DIRECTION out} {DRIVE_STRENGTH 8mA} {OUTPUT_DATA high} {PULL pullup} {SCHMITT 0} {SLEW slow} {USAGE GPIO}} \
    PMC_QSPI_FBCLK {{ENABLE 1} {IO {PMC_MIO 6}}} \
    PMC_QSPI_PERIPHERAL_DATA_MODE {x4} \
    PMC_QSPI_PERIPHERAL_ENABLE {1} \
    PMC_QSPI_PERIPHERAL_MODE {Dual Parallel} \
    PMC_REF_CLK_FREQMHZ {33.3333} \
    PMC_SD1 {{CD_ENABLE 1} {CD_IO {PMC_MIO 28}} {POW_ENABLE 1} {POW_IO {PMC_MIO 51}} {RESET_ENABLE 0} {RESET_IO {PMC_MIO 12}} {WP_ENABLE 0} {WP_IO {PMC_MIO 1}}} \
    PMC_SD1_PERIPHERAL {{CLK_100_SDR_OTAP_DLY 0x3} {CLK_200_SDR_OTAP_DLY 0x2} {CLK_50_DDR_ITAP_DLY 0x2A} {CLK_50_DDR_OTAP_DLY 0x3} {CLK_50_SDR_ITAP_DLY 0x25} {CLK_50_SDR_OTAP_DLY 0x4} {ENABLE 1} {IO {PMC_MIO 26 .. 36}}} \
    PMC_SD1_SLOT_TYPE {SD 3.0 AUTODIR} \
    PMC_USE_PMC_NOC_AXI0 {1} \
    PS_BOARD_INTERFACE {ps_pmc_fixed_io} \
    PS_ENET0_MDIO {{ENABLE 1} {IO {PS_MIO 24 .. 25}}} \
    PS_ENET0_PERIPHERAL {{ENABLE 1} {IO {PS_MIO 0 .. 11}}} \
    PS_GEN_IPI0_ENABLE {1} \
    PS_GEN_IPI0_MASTER {A72} \
    PS_GEN_IPI1_ENABLE {1} \
    PS_GEN_IPI2_ENABLE {1} \
    PS_GEN_IPI3_ENABLE {1} \
    PS_GEN_IPI4_ENABLE {1} \
    PS_GEN_IPI5_ENABLE {1} \
    PS_GEN_IPI6_ENABLE {1} \
    PS_I2C0_PERIPHERAL {{ENABLE 1} {IO {PMC_MIO 46 .. 47}}} \
    PS_I2C1_PERIPHERAL {{ENABLE 1} {IO {PMC_MIO 44 .. 45}}} \
    PS_I2CSYSMON_PERIPHERAL {{ENABLE 0} {IO {PMC_MIO 39 .. 40}}} \
    PS_MIO7 {{AUX_IO 0} {DIRECTION in} {DRIVE_STRENGTH 8mA} {OUTPUT_DATA default} {PULL disable} {SCHMITT 0} {SLEW slow} {USAGE Reserved}} \
    PS_MIO9 {{AUX_IO 0} {DIRECTION in} {DRIVE_STRENGTH 8mA} {OUTPUT_DATA default} {PULL disable} {SCHMITT 0} {SLEW slow} {USAGE Reserved}} \
    PS_M_AXI_FPD_DATA_WIDTH {128} \
    PS_NUM_FABRIC_RESETS {0} \
    PS_PCIE1_PERIPHERAL_ENABLE {1} \
    PS_PCIE2_PERIPHERAL_ENABLE {0} \
    PS_PCIE_EP_RESET1_IO {PS_MIO 18} \
    PS_PCIE_EP_RESET2_IO {PS_MIO 19} \
    PS_PCIE_RESET {ENABLE 1} \
    PS_PL_CONNECTIVITY_MODE {Custom} \
    PS_S_AXI_FPD_DATA_WIDTH {128} \
    PS_UART0_PERIPHERAL {{ENABLE 1} {IO {PMC_MIO 42 .. 43}}} \
    PS_USB3_PERIPHERAL {{ENABLE 1} {IO {PMC_MIO 13 .. 25}}} \
    PS_USE_FPD_CCI_NOC {1} \
    PS_USE_FPD_CCI_NOC0 {1} \
    PS_USE_M_AXI_FPD {0} \
    PS_USE_NOC_LPD_AXI0 {1} \
    PS_USE_PMCPL_CLK0 {0} \
    PS_USE_PMCPL_CLK1 {0} \
    PS_USE_PMCPL_CLK2 {0} \
    PS_USE_PMCPL_CLK3 {0} \
    PS_USE_S_AXI_FPD {0} \
    SMON_ALARMS {Set_Alarms_On} \
    SMON_ENABLE_TEMP_AVERAGING {0} \
    SMON_INTERFACE_TO_USE {I2C} \
    SMON_PMBUS_ADDRESS {0x18} \
    SMON_TEMP_AVERAGING_SAMPLES {0} \
  } \
] [get_bd_cells versal_cips_0]
create_bd_cell: Time (s): cpu = 00:00:08 ; elapsed = 00:00:08 . Memory (MB): peak = 12356.500 ; gain = 155.625 ; free physical = 1312 ; free virtual = 17867
endgroup
startgroup
delete_bd_objs [get_bd_intf_nets axi_fifo_mm_s_AXI_STR_TXC] [get_bd_intf_nets axi_fifo_mm_s_AXI_STR_TXD] [get_bd_intf_nets axi_noc_0_CH0_LPDDR4_0] [get_bd_intf_nets axi_noc_0_CH0_LPDDR4_1] [get_bd_intf_nets axi_noc_0_CH1_LPDDR4_0] [get_bd_intf_nets axi_noc_0_CH1_LPDDR4_1] [get_bd_intf_nets axi_smc_M00_AXI] [get_bd_intf_nets axi_smc_1_M00_AXI] [get_bd_intf_nets axi_uartlite_0_UART] [get_bd_intf_nets axis_dwidth_converter_M_AXIS] [get_bd_intf_nets axis_subset_converter_M_AXIS] [get_bd_intf_nets lpddr4_clk1_1] [get_bd_intf_nets lpddr4_clk2_1] [get_bd_intf_nets microblaze_0_DLMB] [get_bd_intf_nets microblaze_0_ILMB] [get_bd_intf_nets microblaze_0_M_AXI_DP] [get_bd_intf_nets microblaze_0_M_AXI_IP] [get_bd_intf_nets tb3d_pcie_bridge_0_m_csr] [get_bd_intf_nets tb3d_pcie_bridge_0_m_dma] [get_bd_intf_nets versal_cips_0_FPD_CCI_NOC_0] [get_bd_intf_nets versal_cips_0_FPD_CCI_NOC_1] [get_bd_intf_nets versal_cips_0_FPD_CCI_NOC_2] [get_bd_intf_nets versal_cips_0_FPD_CCI_NOC_3] [get_bd_intf_nets versal_cips_0_LPD_AXI_NOC_0] [get_bd_intf_nets versal_cips_0_PMC_NOC_AXI_0]
delete_bd_objs [get_bd_nets Net] [get_bd_nets axi_fifo_mm_s_mm2s_cntrl_reset_out_n] [get_bd_nets axi_fifo_mm_s_mm2s_prmry_reset_out_n] [get_bd_nets microblaze_0_Clk] [get_bd_nets noc_clk_gen_axi_rst_0_n] [get_bd_nets rst_noc_clk_gen_300M_bus_struct_reset] [get_bd_nets tb3d_engine_top_0_intr_req] [get_bd_nets tb3d_engine_top_0_vec_tb3d_bytes_o] [get_bd_nets tb3d_transcoder_0_legacy_out] [get_bd_nets versal_cips_0_fpd_cci_noc_axi0_clk] [get_bd_nets versal_cips_0_fpd_cci_noc_axi1_clk] [get_bd_nets versal_cips_0_fpd_cci_noc_axi2_clk] [get_bd_nets versal_cips_0_fpd_cci_noc_axi3_clk] [get_bd_nets versal_cips_0_lpd_axi_noc_clk]
delete_bd_objs [get_bd_intf_ports M_AXIS_0] [get_bd_intf_ports ch0_lpddr4_trip1] [get_bd_intf_ports ch0_lpddr4_trip1_0] [get_bd_intf_ports ch0_lpddr4_trip1_1] [get_bd_intf_ports ch1_lpddr4_trip1] [get_bd_intf_ports sysctrl_uart]
delete_bd_objs [get_bd_cells axi_fifo_mm_s] [get_bd_cells axi_noc_0] [get_bd_cells axi_smc_1] [get_bd_cells axi_uartlite_0] [get_bd_cells axis_subset_converter] [get_bd_cells versal_cips_0]
delete_bd_objs [get_bd_cells microblaze_0_local_memory]
delete_bd_objs [get_bd_ports intr_req_0]
endgroup
regenerate_bd_layout
startgroup
delete_bd_objs [get_bd_nets clk_wiz_clk_out1] [get_bd_nets clk_wiz_locked] [get_bd_nets clk_100MHz_1] [get_bd_nets mdm_1_debug_sys_rst] [get_bd_nets reset_rtl_1] [get_bd_nets rst_clk_wiz_100M_peripheral_aresetn] [get_bd_nets rst_noc_clk_gen_300M_mb_reset]
delete_bd_objs [get_bd_intf_ports lpddr4_clk1] [get_bd_intf_ports lpddr4_clk2]
delete_bd_objs [get_bd_cells mdm_1] [get_bd_cells clk_wiz] [get_bd_cells rst_clk_wiz_100M] [get_bd_cells rst_noc_clk_gen_300M] [get_bd_cells noc_clk_gen] [get_bd_cells microblaze_0]
delete_bd_objs [get_bd_ports clk_100MHz] [get_bd_ports reset_rtl]
endgroup
regenerate_bd_layout
startgroup
delete_bd_objs [get_bd_intf_nets tb3d_engine_top_0_m_axi] [get_bd_intf_nets tb3d_pcie_bridge_0_s_axis_tx]
delete_bd_objs [get_bd_cells axi_smc] [get_bd_cells axis_dwidth_converter]
endgroup
regenerate_bd_layout
apply_bd_automation -rule xilinx.com:bd_rule:axi4 -config { Clk_master {Auto} Clk_slave {Auto} Clk_xbar {Auto} Master {/tb3d_pcie_bridge_0/m_csr} Slave {/tb3d_engine_top_0/s_axi} ddr_seg {Auto} intc_ip {New AXI SmartConnect} master_apm {0}}  [get_bd_intf_pins tb3d_engine_top_0/s_axi]
Slave segment '/tb3d_engine_top_0/s_axi/reg0' is being assigned into address space '/tb3d_pcie_bridge_0/m_csr' at <0x0000_0000 [ 64K ]>.
regenerate_bd_layout -routing
regenerate_bd_layout
apply_bd_automation -rule xilinx.com:bd_rule:clkrst -config { Clk {New Clocking Wizard} Freq {100.0} Ref_Clk0 {} Ref_Clk1 {} Ref_Clk2 {}}  [get_bd_pins noc_clk_gen/axi_clk_in_0]
 print ce_sync_ext is false
INFO: [Ipptcl 7-1463] No Compatible Board Interface found. Board Tab not created in customize GUI
startgroup
apply_bd_automation -rule xilinx.com:bd_rule:board -config { Clk {New External Port} Manual_Source {Auto}}  [get_bd_pins clk_wiz/clk_in1]
apply_bd_automation -rule xilinx.com:bd_rule:board -config { Manual_Source {New External Port (ACTIVE_HIGH)}}  [get_bd_pins clk_wiz/reset]
INFO: [BoardRule 102-10] create_bd_port -dir I reset_rtl -type rst
INFO: [BoardRule 102-7] set_property CONFIG.POLARITY ACTIVE_HIGH /reset_rtl
INFO: [BoardRule 102-15] connect_bd_net /reset_rtl /clk_wiz/reset
INFO: [BoardRule 102-19] set_property CONFIG.POLARITY ACTIVE_HIGH /reset_rtl
WARNING: [BoardRule 102-1] Board automation did not generate location constraint for /clk_wiz/reset. Users may need to specify the location constraint manually.
apply_bd_automation -rule xilinx.com:bd_rule:board -config { Manual_Source {Auto}}  [get_bd_pins rst_clk_wiz_100M/ext_reset_in]
endgroup
generate_target all [get_files  /home/smartscott/platform_driver/tb3d.srcs/sources_1/bd/design_1/design_1.bd]
WARNING: [BD 41-2670] Found an incomplete address path from address space '/tb3d_engine_top_0/m_axi' to master interface '/tb3d_engine_top_0/m_axi'. Please either complete or remove this path to resolve.
WARNING: [BD 41-2670] Found an incomplete address path from address space '/tb3d_pcie_bridge_0/m_dma' to master interface '/tb3d_pcie_bridge_0/m_dma'. Please either complete or remove this path to resolve.
INFO: [BD 5-943] Reserving offset range <0x0000_0000 [ 64K ]> from slave interface '/axi_smc/S00_AXI' to master interface '/axi_smc/M00_AXI'. This will be used by smartconnect on path for routing.
INFO: [BD 5-943] Reserving offset range <0x0000_0000 [ 64K ]> from slave interface '/axi_smc/S00_AXI' to master interface '/axi_smc/M00_AXI'. This will be used by smartconnect on path for routing.
INFO: [xilinx.com:ip:smartconnect:1.0-1] design_1_axi_smc_2: SmartConnect design_1_axi_smc_2 is in Low-Area Mode.
INFO: [Ipptcl 7-1463] No Compatible Board Interface found. Board Tab not created in customize GUI
CRITICAL WARNING: [BD 41-759] The input pins (listed below) are either not connected or do not have a source port, and they don't have a tie-off specified. These pins are tied-off to all 0's to avoid error in Implementation flow.
Please check your design and connect them as needed: 
/tb3d_engine_top_0/rst_n
/tb3d_engine_top_0/vec_nibble_pairs_i
/tb3d_engine_top_0/vec_tb3d_bytes_i
/tb3d_pcie_bridge_0/rst_n
/tb3d_pcie_bridge_0/completer_id
/tb3d_pcie_bridge_0/m_axis_rx_tvalid

Wrote  : </home/smartscott/platform_driver/tb3d.srcs/sources_1/bd/design_1/design_1.bd> 
Wrote  : </home/smartscott/platform_driver/tb3d.srcs/sources_1/bd/design_1/ui/bd_1f5defd0.ui> 
Verilog Output written to : /home/smartscott/platform_driver/tb3d.gen/sources_1/bd/design_1/synth/design_1.v
Verilog Output written to : /home/smartscott/platform_driver/tb3d.gen/sources_1/bd/design_1/sim/design_1.v
Verilog Output written to : /home/smartscott/platform_driver/tb3d.gen/sources_1/bd/design_1/hdl/design_1_wrapper.v
INFO: [IP_Flow 19-234] Refreshing IP repositories
INFO: [IP_Flow 19-1704] No user IP repositories specified
INFO: [BD 41-1029] Generation completed for the IP Integrator block tb3d_engine_top_0 .
INFO: [BD 41-1029] Generation completed for the IP Integrator block tb3d_pcie_bridge_0 .
Exporting to file /home/smartscott/platform_driver/tb3d.gen/sources_1/bd/design_1/ip/design_1_axi_smc_2/bd_0/hw_handoff/design_1_axi_smc_2.hwh
Generated Hardware Definition File /home/smartscott/platform_driver/tb3d.gen/sources_1/bd/design_1/ip/design_1_axi_smc_2/bd_0/synth/design_1_axi_smc_2.hwdef
INFO: [BD 41-1029] Generation completed for the IP Integrator block axi_smc .
INFO: [BD 41-1029] Generation completed for the IP Integrator block noc_clk_gen .
INFO: [BD 41-1029] Generation completed for the IP Integrator block clk_wiz .
INFO: [BD 41-1029] Generation completed for the IP Integrator block rst_clk_wiz_100M .
Exporting to file /home/smartscott/platform_driver/tb3d.gen/sources_1/bd/design_1/hw_handoff/design_1.hwh
Generated Hardware Definition File /home/smartscott/platform_driver/tb3d.gen/sources_1/bd/design_1/synth/design_1.hwdef
INFO: [BD 41-3262] Generated VHDL Instantiation Template file /home/smartscott/platform_driver/tb3d.gen/sources_1/bd/design_1/design_1.vho
INFO: [BD 41-3262] Generated Verilog Instantiation Template file /home/smartscott/platform_driver/tb3d.gen/sources_1/bd/design_1/design_1.veo
INFO: [BD 41-3262] Generated System Verilog Instantiation Template file /home/smartscott/platform_driver/tb3d.gen/sources_1/bd/design_1/design_1_sv.sveo
generate_target: Time (s): cpu = 00:00:06 ; elapsed = 00:00:07 . Memory (MB): peak = 13265.160 ; gain = 0.000 ; free physical = 648 ; free virtual = 17163
export_ip_user_files -of_objects [get_files /home/smartscott/platform_driver/tb3d.srcs/sources_1/bd/design_1/design_1.bd] -no_script -sync -force -quiet
export_simulation -lib_map_path [list {modelsim=/home/smartscott/platform_driver/tb3d.cache/compile_simlib/modelsim} {questa=/home/smartscott/platform_driver/tb3d.cache/compile_simlib/questa} {xcelium=/home/smartscott/platform_driver/tb3d.cache/compile_simlib/xcelium} {vcs=/home/smartscott/platform_driver/tb3d.cache/compile_simlib/vcs} {riviera=/home/smartscott/platform_driver/tb3d.cache/compile_simlib/riviera}] -of_objects [get_files /home/smartscott/platform_driver/tb3d.srcs/sources_1/bd/design_1/design_1.bd] -directory /home/smartscott/platform_driver/tb3d.ip_user_files/sim_scripts -ip_user_files_dir /home/smartscott/platform_driver/tb3d.ip_user_files -ipstatic_source_dir /home/smartscott/platform_driver/tb3d.ip_user_files/ipstatic -use_ip_compiled_libs -force -quiet
update_compile_order -fileset sources_1
make_wrapper -files [get_files /home/smartscott/platform_driver/tb3d.srcs/sources_1/bd/design_1/design_1.bd] -top
make_wrapper -files [get_files /home/smartscott/platform_driver/tb3d.srcs/sources_1/bd/design_1/design_1.bd] -top
startgroup
create_bd_cell -type ip -vlnv xilinx.com:ip:versal_cips:3.4 versal_cips_0
create_bd_cell: Time (s): cpu = 00:00:12 ; elapsed = 00:00:12 . Memory (MB): peak = 13403.957 ; gain = 0.000 ; free physical = 624 ; free virtual = 17117
endgroup
WARNING: [IP_Flow 19-474] Invalid Parameter 'Component_Name'
set_property -dict [list \
  CONFIG.CPM_CONFIG { \
    CPM_PCIE0_MODES {None} \
    CPM_PRESET {QDMA_Controller0_MMST_1PF_G4x8_TandemPCIe} \
  } \
  CONFIG.PS_PMC_CONFIG { \
    DESIGN_MODE {1} \
    PCIE_APERTURES_DUAL_ENABLE {0} \
    PCIE_APERTURES_SINGLE_ENABLE {1} \
    PMC_USE_NOC_PMC_AXI0 {1} \
    PMC_USE_PMC_NOC_AXI0 {1} \
    PS_BOARD_INTERFACE {Custom} \
    PS_PCIE1_PERIPHERAL_ENABLE {1} \
    PS_PCIE2_PERIPHERAL_ENABLE {0} \
    PS_PCIE_RESET {ENABLE 1} \
    SMON_ALARMS {Set_Alarms_On} \
    SMON_ENABLE_TEMP_AVERAGING {0} \
    SMON_TEMP_AVERAGING_SAMPLES {0} \
  } \
] [get_bd_cells versal_cips_0]
create_bd_cell: Time (s): cpu = 00:00:08 ; elapsed = 00:00:07 . Memory (MB): peak = 14170.578 ; gain = 156.625 ; free physical = 171 ; free virtual = 16209
connect_bd_net [get_bd_pins tb3d_engine_top_0/intr_req] [get_bd_pins versal_cips_0/cpm_irq0]
