Copyright 1986-2022 Xilinx, Inc. All Rights Reserved. Copyright 2022-2025 Advanced Micro Devices, Inc. All Rights Reserved.
---------------------------------------------------------------------------------------------------------------------------------------------
| Tool Version : Vivado v.2025.2 (lin64) Build 6299465 Fri Nov 14 12:34:56 MST 2025
| Date         : Tue Mar 24 17:41:27 2026
| Host         : smarTech running 64-bit Ubuntu 24.04.4 LTS
| Command      : report_control_sets -verbose -file place_report_control_sets_0.rpt
| Design       : design_1_wrapper
| Device       : xcvp1802
---------------------------------------------------------------------------------------------------------------------------------------------

Control Set Information

Table of Contents
-----------------
1. Summary
2. Histogram
3. Flip-Flop Distribution
4. Detailed Control Set Information

1. Summary
----------

+----------------------------------------------------------+-------+
|                          Status                          | Count |
+----------------------------------------------------------+-------+
| Total control sets                                       |    19 |
|    Minimum number of control sets                        |    19 |
|    Addition due to synthesis replication                 |     0 |
|    Addition due to physical synthesis replication        |     0 |
| Unused register locations in slices containing registers |    24 |
+----------------------------------------------------------+-------+
* Control sets can be merged at opt_design using control_set_merge or merge_equivalent_drivers
** Run report_qor_suggestions for automated merging and remapping suggestions


2. Histogram
------------

+--------------------+-------+
|       Fanout       | Count |
+--------------------+-------+
| Total control sets |    19 |
| >= 0 to < 4        |     6 |
| >= 4 to < 6        |     3 |
| >= 6 to < 8        |     3 |
| >= 8 to < 10       |     3 |
| >= 10 to < 12      |     2 |
| >= 12 to < 14      |     1 |
| >= 14 to < 16      |     0 |
| >= 16              |     1 |
+--------------------+-------+
* Control sets can be remapped at either synth_design or opt_design


3. Flip-Flop Distribution
-------------------------

+--------------+-----------------------+------------------------+-----------------+--------------+
| Clock Enable | Synchronous Set/Reset | Asynchronous Set/Reset | Total Registers | Total Slices |
+--------------+-----------------------+------------------------+-----------------+--------------+
| No           | No                    | No                     |               3 |            1 |
| No           | No                    | Yes                    |              42 |           10 |
| No           | Yes                   | No                     |               0 |            0 |
| Yes          | No                    | No                     |               0 |            0 |
| Yes          | No                    | Yes                    |              66 |           13 |
| Yes          | Yes                   | No                     |               1 |            1 |
+--------------+-----------------------+------------------------+-----------------+--------------+


4. Detailed Control Set Information
-----------------------------------

+---------------------------------------------------------------------------+--------------------------------------------------------------------------------------------------+--------------------------------------------------------------------+------------------+----------------+--------------+
|                                Clock Signal                               |                                           Enable Signal                                          |                          Set/Reset Signal                          | Slice Load Count | Bel Load Count | Bels / Slice |
+---------------------------------------------------------------------------+--------------------------------------------------------------------------------------------------+--------------------------------------------------------------------+------------------+----------------+--------------+
| ~design_1_i/versal_cips_0/inst/pspmc_0/inst/bscan_user2_usr_update_BUFGCE |                                                                                                  | design_1_i/mdm_1/U0/MDM_Core_I1/JTAG_CONTROL_I/sel_n               |                1 |              1 |         1.00 |
|  design_1_i/mdm_1/U0/No_Dbg_Reg_Access.BUFG_DRCK/Dbg_Clk_0                | design_1_i/versal_cips_0/inst/pspmc_0/inst/bscan_user2_usr_capture                               | design_1_i/mdm_1/U0/MDM_Core_I1/JTAG_CONTROL_I/sel_with_scan_reset |                1 |              1 |         1.00 |
| ~design_1_i/mdm_1/U0/No_Dbg_Reg_Access.BUFG_DRCK/Dbg_Clk_0                | design_1_i/mdm_1/U0/MDM_Core_I1/JTAG_CONTROL_I/Use_BSCAN.FDC_I/CE                                | design_1_i/mdm_1/U0/MDM_Core_I1/JTAG_CONTROL_I/Use_BSCAN.FDC_I/Q_0 |                1 |              1 |         1.00 |
|  design_1_i/mdm_1/U0/No_Dbg_Reg_Access.BUFG_DRCK/Dbg_Clk_0                | design_1_i/mdm_1/U0/MDM_Core_I1/JTAG_CONTROL_I/Use_BSCAN.SYNC_FDRE/E[0]                          | design_1_i/mdm_1/U0/MDM_Core_I1/JTAG_CONTROL_I/AR[0]               |                1 |              2 |         2.00 |
|  design_1_i/versal_cips_0/inst/pspmc_0/inst/bscan_user2_usr_update_BUFGCE |                                                                                                  | design_1_i/mdm_1/U0/MDM_Core_I1/JTAG_CONTROL_I/AR[0]               |                1 |              2 |         2.00 |
|  design_1_i/versal_cips_0/inst/pspmc_0/inst/bscan_user2_usr_update_BUFGCE | design_1_i/mdm_1/U0/MDM_Core_I1/JTAG_CONTROL_I/Use_BSCAN.FDC_I/Debug_Rst_i0                      | design_1_i/mdm_1/U0/MDM_Core_I1/JTAG_CONTROL_I/AR[0]               |                1 |              3 |         3.00 |
| ~design_1_i/versal_cips_0/inst/pspmc_0/inst/bscan_user2_usr_update_BUFGCE |                                                                                                  | design_1_i/mdm_1/U0/MDM_Core_I1/Use_BSCAN.sel_n_reset              |                1 |              4 |         4.00 |
|  design_1_i/versal_cips_0/inst/pspmc_0/inst/bscan_user2_usr_update_BUFGCE | design_1_i/mdm_1/U0/MDM_Core_I1/Use_BSCAN.MDM_SEL                                                | design_1_i/mdm_1/U0/MDM_Core_I1/Use_BSCAN.sel_n_reset              |                1 |              4 |         4.00 |
|  design_1_i/mdm_1/U0/No_Dbg_Reg_Access.BUFG_DRCK/Dbg_Clk_0                | design_1_i/mdm_1/U0/MDM_Core_I1/Use_BSCAN.TDI_Shifter0                                           | design_1_i/mdm_1/U0/MDM_Core_I1/Use_BSCAN.sel_n_reset              |                1 |              4 |         4.00 |
|  design_1_i/mdm_1/U0/No_Dbg_Reg_Access.BUFG_DRCK/Dbg_Clk_0                | design_1_i/mdm_1/U0/MDM_Core_I1/JTAG_CONTROL_I/Use_BSCAN.FDC_I/E[1]                              | design_1_i/mdm_1/U0/MDM_Core_I1/JTAG_CONTROL_I/AR[0]               |                1 |              6 |         6.00 |
|  design_1_i/mdm_1/U0/No_Dbg_Reg_Access.BUFG_DRCK/Dbg_Clk_0                | design_1_i/mdm_1/U0/MDM_Core_I1/JTAG_CONTROL_I/Use_BSCAN.FDC_I/Use_BSCAN.command_reg[0][0]       | design_1_i/mdm_1/U0/MDM_Core_I1/JTAG_CONTROL_I/AR[0]               |                1 |              6 |         6.00 |
|  design_1_i/mdm_1/U0/No_Dbg_Reg_Access.BUFG_DRCK/Dbg_Clk_0                | design_1_i/mdm_1/U0/MDM_Core_I1/JTAG_CONTROL_I/Use_BSCAN.FDC_I/Use_BSCAN.command_reg[5][0]       | design_1_i/mdm_1/U0/MDM_Core_I1/JTAG_CONTROL_I/AR[0]               |                1 |              6 |         6.00 |
| ~design_1_i/versal_cips_0/inst/pspmc_0/inst/bscan_user2_usr_update_BUFGCE | design_1_i/mdm_1/U0/MDM_Core_I1/JTAG_CONTROL_I/Use_BSCAN.command[0]_i_1_n_0                      | design_1_i/mdm_1/U0/MDM_Core_I1/JTAG_CONTROL_I/AR[0]               |                1 |              8 |         8.00 |
|  design_1_i/versal_cips_0/inst/pspmc_0/inst/bscan_user2_usr_update_BUFGCE | design_1_i/mdm_1/U0/MDM_Core_I1/JTAG_CONTROL_I/Use_BSCAN.FDC_I/Use_BSCAN.PORT_Selector_reg[0][0] | design_1_i/mdm_1/U0/MDM_Core_I1/JTAG_CONTROL_I/AR[0]               |                2 |              8 |         4.00 |
|  design_1_i/mdm_1/U0/No_Dbg_Reg_Access.BUFG_DRCK/Dbg_Clk_0                | design_1_i/mdm_1/U0/MDM_Core_I1/JTAG_CONTROL_I/tdi_shifter0                                      | design_1_i/mdm_1/U0/MDM_Core_I1/JTAG_CONTROL_I/AR[0]               |                1 |              8 |         8.00 |
|  design_1_i/mdm_1/U0/No_Dbg_Reg_Access.BUFG_DRCK/Dbg_Clk_0                | design_1_i/mdm_1/U0/MDM_Core_I1/JTAG_CONTROL_I/Use_BSCAN.FDC_I/E[0]                              | design_1_i/mdm_1/U0/MDM_Core_I1/JTAG_CONTROL_I/AR[0]               |                3 |             10 |         3.33 |
|  design_1_i/mdm_1/U0/No_Dbg_Reg_Access.BUFG_DRCK/Dbg_Clk_0                |                                                                                                  |                                                                    |                2 |             10 |         5.00 |
|  design_1_i/mdm_1/U0/No_Dbg_Reg_Access.BUFG_DRCK/Dbg_Clk_0                |                                                                                                  | design_1_i/mdm_1/U0/MDM_Core_I1/JTAG_CONTROL_I/AR[0]               |                4 |             12 |         3.00 |
|  design_1_i/mdm_1/U0/No_Dbg_Reg_Access.BUFG_DRCK/Dbg_Clk_0                |                                                                                                  | design_1_i/mdm_1/U0/MDM_Core_I1/Use_BSCAN.shift_n_reset            |                3 |             23 |         7.67 |
+---------------------------------------------------------------------------+--------------------------------------------------------------------------------------------------+--------------------------------------------------------------------+------------------+----------------+--------------+


