Copyright 1986-2022 Xilinx, Inc. All Rights Reserved. Copyright 2022-2025 Advanced Micro Devices, Inc. All Rights Reserved.
--------------------------------------------------------------------------------------------------------------------------------------------------
| Tool Version      : Vivado v.2025.2 (lin64) Build 6299465 Fri Nov 14 12:34:56 MST 2025
| Date              : Thu Mar 26 17:50:06 2026
| Host              : smarTech running 64-bit Ubuntu 24.04.4 LTS
| Command           : report_clock_utilization -file route_report_clock_utilization_0.rpt
| Design            : design_1_wrapper
| Device            : xcvp1802-lsvc4072
| Speed File        : -2MP  PRODUCTION 2.08 2024-04-16
| Temperature Grade : E
| Design State      : Routed
| GCLK Deskew       : Off
--------------------------------------------------------------------------------------------------------------------------------------------------

Clock Utilization Report

Table of Contents
-----------------
1. Clock Primitive Utilization
2. Global Clock Resources
3. Global Clock Source Details
4. Local Clock Details
5. Clock Regions : Clock Primitives
6. Clock Regions : Load Primitives
7. Clock Regions : Global Clock Summary
8. Clock Regions : Routing Resource Utilization
9. Device Cell Placement Summary for Global Clock g0
10. Device Cell Placement Summary for Global Clock g1
11. Clock Region Cell Placement per Global Clock: Region X1Y1

1. Clock Primitive Utilization
------------------------------

+------------------+------+-----------+-----+--------------+--------+
| Type             | Used | Available | LOC | Clock Region | Pblock |
+------------------+------+-----------+-----+--------------+--------+
| (M)BUFGCE        |    0 |       312 |   0 |            0 |      0 |
| (M)BUFGCE_DIV    |    0 |        44 |   0 |            0 |      0 |
| (M)BUFGCTRL      |    0 |        88 |   0 |            0 |      0 |
| BUFG_FABRIC      |    2 |      1248 |   0 |            0 |      0 |
| (M)BUFG_GT       |    0 |       480 |   0 |            0 |      0 |
| (M)BUFG_PS       |    0 |        72 |   0 |            0 |      0 |
| DPLL             |    0 |        51 |   0 |            0 |      0 |
|   DPLL (BUFGCE)  |    0 |        13 |   0 |            0 |      0 |
|   DPLL (BUFG_GT) |    0 |        38 |   0 |            0 |      0 |
| MMCM             |    0 |        13 |   0 |            0 |      0 |
| XPLL             |    3 |        26 |   3 |            0 |      2 |
+------------------+------+-----------+-----+--------------+--------+


2. Global Clock Resources
-------------------------

+-----------+-----------+-----------------+------------+-------------------+--------------+------+-------------+-----------------------------------+-------------------+------------------+-------------------+-------------+-----------------+--------------+------------------------------------------------------------------+-------------------------------------------------------------------------------+--------------------------------------------------------------------------+------------+
| Global Id | Source Id | Driver Type/Pin | Constraint | Site              | Clock Region | Root | GCLK Deskew | CLOCK EXPANSION WINDOW            | Clock Delay Group | Clock Low Fanout | Load Clock Region | Clock Loads | Non-Clock Loads | Clock Period | Clock                                                            | Driver Pin                                                                    | Net                                                                      | VTree Type |
+-----------+-----------+-----------------+------------+-------------------+--------------+------+-------------+-----------------------------------+-------------------+------------------+-------------------+-------------+-----------------+--------------+------------------------------------------------------------------+-------------------------------------------------------------------------------+--------------------------------------------------------------------------+------------+
| g0        | src0      | BUFG_FABRIC/O   | None       | BUFG_FABRIC_X1Y0  | X1Y1         | X1Y1 | Off         | CLOCKREGION_X1Y1:CLOCKREGION_X1Y1 |                   |                  |                 1 |          89 |               0 |       14.286 | design_1_i/versal_cips_0/inst/pspmc_0/inst/PS9_inst/USRDRCK[1]   | design_1_i/mdm_1/U0/No_Dbg_Reg_Access.BUFG_DRCK/Using_FPGA_VERSAL.Native/O    | design_1_i/mdm_1/U0/No_Dbg_Reg_Access.BUFG_DRCK/Dbg_Clk_0                | balanced   |
| g1        | src1      | BUFG_FABRIC/O   | None       | BUFG_FABRIC_X1Y23 | X1Y1         | X1Y1 | Off         | CLOCKREGION_X1Y1:CLOCKREGION_X1Y1 |                   |                  |                 1 |          30 |               1 |       28.572 | design_1_i/versal_cips_0/inst/pspmc_0/inst/PS9_inst/USRUPDATE[1] | design_1_i/versal_cips_0/inst/pspmc_0/inst/bscan_user2_usr_update_BUFG_inst/O | design_1_i/versal_cips_0/inst/pspmc_0/inst/bscan_user2_usr_update_BUFGCE | balanced   |
+-----------+-----------+-----------------+------------+-------------------+--------------+------+-------------+-----------------------------------+-------------------+------------------+-------------------+-------------+-----------------+--------------+------------------------------------------------------------------+-------------------------------------------------------------------------------+--------------------------------------------------------------------------+------------+
* Clock Loads column represents cell count of net connects that connect to a clock pin. Internal cell leaf pins are not considered
** Non-Clock Loads column represents cell count of non-clock pin loads
*** In GCLK Deskew column, symbol '*' indicates non-default GCLK Deskew value using GCLK_DESKEW property on net


3. Global Clock Source Details
------------------------------

+-----------+-----------+------------------+------------+----------+--------------+-------------+-----------------+---------------------+------------------------------------------------------------------+------------------------------------------------------------------+-------------------------------------------------------------------+
| Source Id | Global Id | Driver Type/Pin  | Constraint | Site     | Clock Region | Clock Loads | Non-Clock Loads | Source Clock Period | Source Clock                                                     | Driver Pin                                                       | Net                                                               |
+-----------+-----------+------------------+------------+----------+--------------+-------------+-----------------+---------------------+------------------------------------------------------------------+------------------------------------------------------------------+-------------------------------------------------------------------+
| src0      | g0        | PS9/USRDRCK[1]   | PS9_X0Y0   | PS9_X0Y0 | X0Y1         |           1 |               0 |              14.286 | design_1_i/versal_cips_0/inst/pspmc_0/inst/PS9_inst/USRDRCK[1]   | design_1_i/versal_cips_0/inst/pspmc_0/inst/PS9_inst/USRDRCK[1]   | design_1_i/versal_cips_0/inst/pspmc_0/inst/bscan_user2_usr_drck   |
| src1      | g1        | PS9/USRUPDATE[1] | PS9_X0Y0   | PS9_X0Y0 | X0Y1         |           1 |               0 |              28.572 | design_1_i/versal_cips_0/inst/pspmc_0/inst/PS9_inst/USRUPDATE[1] | design_1_i/versal_cips_0/inst/pspmc_0/inst/PS9_inst/USRUPDATE[1] | design_1_i/versal_cips_0/inst/pspmc_0/inst/bscan_user2_usr_update |
+-----------+-----------+------------------+------------+----------+--------------+-------------+-----------------+---------------------+------------------------------------------------------------------+------------------------------------------------------------------+-------------------------------------------------------------------+
* Clock Loads column represents cell count of net connects that connect to a clock pin. Internal cell leaf pins are not considered
** Non-Clock Loads column represents cell count of non-clock pin loads


4. Local Clock Details
----------------------

+----------+-----------------+------------+----------------+--------------+-------------+-----------------+--------------+-------------------------+---------------------------------------------------------------------------------+-----------------------------------------------------------------------------------+
| Local Id | Driver Type/Pin | Constraint | Site/BEL       | Clock Region | Clock Loads | Non-Clock Loads | Clock Period | Clock                   | Driver Pin                                                                      | Net                                                                               |
+----------+-----------------+------------+----------------+--------------+-------------+-----------------+--------------+-------------------------+---------------------------------------------------------------------------------+-----------------------------------------------------------------------------------+
| 0        | XPLL/CLKOUT2    | XPLL_X2Y0  | XPLL_X2Y0/XPLL | X1Y0         |          24 |               0 |        1.026 | bank1_xpll0_fifo_rd_clk | design_1_i/axi_noc_0/inst/MC0_ddrc/inst/noc_ddr4_phy/inst/u_xpll0_bank1/CLKOUT2 | design_1_i/axi_noc_0/inst/MC0_ddrc/inst/noc_ddr4_phy/inst/bank1_xpll0_fifo_rd_clk |
| 1        | XPLL/CLKOUT1    | XPLL_X2Y0  | XPLL_X2Y0/XPLL | X1Y0         |           1 |               0 |        1.026 | mc_clk_xpll             | design_1_i/axi_noc_0/inst/MC0_ddrc/inst/noc_ddr4_phy/inst/u_xpll0_bank1/CLKOUT1 | design_1_i/axi_noc_0/inst/MC0_ddrc/inst/noc_ddr4_phy/inst/mc_clk_xpll             |
+----------+-----------------+------------+----------------+--------------+-------------+-----------------+--------------+-------------------------+---------------------------------------------------------------------------------+-----------------------------------------------------------------------------------+
* Local Clocks in this context represents only clocks driven by non-global buffers
** Clock Loads column represents cell count of net connects that connect to a clock pin. Internal cell leaf pins are not considered
*** Non-Clock Loads column represents cell count of non-clock pin loads


5. Clock Regions : Clock Primitives
-----------------------------------

+-------------------+---------------+---------------+---------------+---------------+---------------+---------------+---------------+---------------+---------------+---------------+
|                   |  Global Clock |   (M)BUFGCE   | (M)BUFGCE_DIV |  (M)BUFGCTRL  |   (M)BUFG_GT  |   (M)BUFG_PS  |      MMCM     | DPLL (non-GT) |   DPLL (GT)   |      XPLL     |
+-------------------+-------+-------+-------+-------+-------+-------+-------+-------+-------+-------+-------+-------+-------+-------+-------+-------+-------+-------+-------+-------+
| Clock Region Name | Used  | Avail | Used  | Avail | Used  | Avail | Used  | Avail | Used  | Avail | Used  | Avail | Used  | Avail | Used  | Avail | Used  | Avail | Used  | Avail |
+-------------------+-------+-------+-------+-------+-------+-------+-------+-------+-------+-------+-------+-------+-------+-------+-------+-------+-------+-------+-------+-------+
| X0Y0              |     0 |    24 |     0 |    24 |     0 |     4 |     0 |     8 |     0 |     0 |     0 |     0 |     0 |     1 |     0 |     1 |     0 |     1 |     0 |     2 |
| X1Y0              |     0 |    24 |     0 |    24 |     0 |     4 |     0 |     8 |     0 |     0 |     0 |     0 |     0 |     1 |     0 |     1 |     0 |     1 |     1 |     2 |
| X2Y0              |     0 |    24 |     0 |    24 |     0 |     4 |     0 |     8 |     0 |     0 |     0 |     0 |     0 |     1 |     0 |     1 |     0 |     1 |     0 |     2 |
| X3Y0              |     0 |    24 |     0 |    24 |     0 |     4 |     0 |     8 |     0 |     0 |     0 |     0 |     0 |     1 |     0 |     1 |     0 |     1 |     0 |     2 |
| X4Y0              |     0 |    24 |     0 |    24 |     0 |     4 |     0 |     8 |     0 |     0 |     0 |     0 |     0 |     1 |     0 |     1 |     0 |     1 |     0 |     2 |
| X5Y0              |     0 |    24 |     0 |    24 |     0 |     4 |     0 |     8 |     0 |     0 |     0 |     0 |     0 |     1 |     0 |     1 |     0 |     1 |     0 |     2 |
| X6Y0              |     0 |    24 |     0 |    24 |     0 |     4 |     0 |     8 |     0 |     0 |     0 |     0 |     0 |     1 |     0 |     1 |     0 |     1 |     0 |     2 |
| X7Y0              |     0 |    24 |     0 |    24 |     0 |     4 |     0 |     8 |     0 |     0 |     0 |     0 |     0 |     1 |     0 |     1 |     0 |     1 |     0 |     2 |
| X8Y0              |     0 |    24 |     0 |    24 |     0 |     4 |     0 |     8 |     0 |     0 |     0 |     0 |     0 |     1 |     0 |     1 |     0 |     1 |     0 |     2 |
| X9Y0              |     0 |    24 |     0 |    24 |     0 |     4 |     0 |     8 |     0 |     0 |     0 |     0 |     0 |     1 |     0 |     1 |     0 |     1 |     0 |     2 |
| X10Y0             |     0 |    24 |     0 |    24 |     0 |     4 |     0 |     8 |     0 |     0 |     0 |     0 |     0 |     1 |     0 |     1 |     0 |     1 |     0 |     2 |
| X11Y0             |     0 |    24 |     0 |    24 |     0 |     4 |     0 |     8 |     0 |     0 |     0 |     0 |     0 |     1 |     0 |     1 |     0 |     1 |     0 |     2 |
| X12Y0             |     0 |    24 |     0 |    24 |     0 |     4 |     0 |     8 |     0 |     0 |     0 |     0 |     0 |     1 |     0 |     1 |     0 |     1 |     0 |     2 |
| X0Y1              |     0 |     0 |     0 |     0 |     0 |     0 |     0 |     0 |     0 |     0 |     0 |     0 |     0 |     0 |     0 |     0 |     0 |     0 |     0 |     0 |
| X1Y1              |     2 |    24 |     0 |     0 |     0 |     0 |     0 |     0 |     0 |     0 |     0 |    12 |     0 |     0 |     0 |     0 |     0 |     0 |     0 |     0 |
| X2Y1              |     0 |    24 |     0 |     0 |     0 |     0 |     0 |     0 |     0 |     0 |     0 |     0 |     0 |     0 |     0 |     0 |     0 |     0 |     0 |     0 |
| X3Y1              |     0 |    24 |     0 |     0 |     0 |     0 |     0 |     0 |     0 |     0 |     0 |     0 |     0 |     0 |     0 |     0 |     0 |     0 |     0 |     0 |
| X4Y1              |     0 |    24 |     0 |     0 |     0 |     0 |     0 |     0 |     0 |     0 |     0 |     0 |     0 |     0 |     0 |     0 |     0 |     0 |     0 |     0 |
| X5Y1              |     0 |    24 |     0 |     0 |     0 |     0 |     0 |     0 |     0 |     0 |     0 |     0 |     0 |     0 |     0 |     0 |     0 |     0 |     0 |     0 |
| X6Y1              |     0 |    24 |     0 |     0 |     0 |     0 |     0 |     0 |     0 |     0 |     0 |     0 |     0 |     0 |     0 |     0 |     0 |     0 |     0 |     0 |
| X7Y1              |     0 |    24 |     0 |     0 |     0 |     0 |     0 |     0 |     0 |     0 |     0 |     0 |     0 |     0 |     0 |     0 |     0 |     0 |     0 |     0 |
| X8Y1              |     0 |    24 |     0 |     0 |     0 |     0 |     0 |     0 |     0 |     0 |     0 |     0 |     0 |     0 |     0 |     0 |     0 |     0 |     0 |     0 |
| X9Y1              |     0 |    24 |     0 |     0 |     0 |     0 |     0 |     0 |     0 |    24 |     0 |     0 |     0 |     0 |     0 |     2 |     0 |     2 |     0 |     0 |
| X0Y2              |     0 |     0 |     0 |     0 |     0 |     0 |     0 |     0 |     0 |     0 |     0 |     0 |     0 |     0 |     0 |     0 |     0 |     0 |     0 |     0 |
| X1Y2              |     0 |    24 |     0 |     0 |     0 |     0 |     0 |     0 |     0 |     0 |     0 |    12 |     0 |     0 |     0 |     0 |     0 |     0 |     0 |     0 |
| X2Y2              |     0 |    24 |     0 |     0 |     0 |     0 |     0 |     0 |     0 |     0 |     0 |     0 |     0 |     0 |     0 |     0 |     0 |     0 |     0 |     0 |
| X3Y2              |     0 |    24 |     0 |     0 |     0 |     0 |     0 |     0 |     0 |     0 |     0 |     0 |     0 |     0 |     0 |     0 |     0 |     0 |     0 |     0 |
| X4Y2              |     0 |    24 |     0 |     0 |     0 |     0 |     0 |     0 |     0 |     0 |     0 |     0 |     0 |     0 |     0 |     0 |     0 |     0 |     0 |     0 |
| X5Y2              |     0 |    24 |     0 |     0 |     0 |     0 |     0 |     0 |     0 |     0 |     0 |     0 |     0 |     0 |     0 |     0 |     0 |     0 |     0 |     0 |
| X6Y2              |     0 |    24 |     0 |     0 |     0 |     0 |     0 |     0 |     0 |     0 |     0 |     0 |     0 |     0 |     0 |     0 |     0 |     0 |     0 |     0 |
| X7Y2              |     0 |    24 |     0 |     0 |     0 |     0 |     0 |     0 |     0 |     0 |     0 |     0 |     0 |     0 |     0 |     0 |     0 |     0 |     0 |     0 |
| X8Y2              |     0 |    24 |     0 |     0 |     0 |     0 |     0 |     0 |     0 |     0 |     0 |     0 |     0 |     0 |     0 |     0 |     0 |     0 |     0 |     0 |
| X9Y2              |     0 |    24 |     0 |     0 |     0 |     0 |     0 |     0 |     0 |    24 |     0 |     0 |     0 |     0 |     0 |     2 |     0 |     2 |     0 |     0 |
| X0Y3              |     0 |     0 |     0 |     0 |     0 |     0 |     0 |     0 |     0 |     0 |     0 |     0 |     0 |     0 |     0 |     0 |     0 |     0 |     0 |     0 |
| X1Y3              |     0 |    24 |     0 |     0 |     0 |     0 |     0 |     0 |     0 |     0 |     0 |    12 |     0 |     0 |     0 |     0 |     0 |     0 |     0 |     0 |
| X2Y3              |     0 |    24 |     0 |     0 |     0 |     0 |     0 |     0 |     0 |     0 |     0 |     0 |     0 |     0 |     0 |     0 |     0 |     0 |     0 |     0 |
| X3Y3              |     0 |    24 |     0 |     0 |     0 |     0 |     0 |     0 |     0 |     0 |     0 |     0 |     0 |     0 |     0 |     0 |     0 |     0 |     0 |     0 |
| X4Y3              |     0 |    24 |     0 |     0 |     0 |     0 |     0 |     0 |     0 |     0 |     0 |     0 |     0 |     0 |     0 |     0 |     0 |     0 |     0 |     0 |
| X5Y3              |     0 |    24 |     0 |     0 |     0 |     0 |     0 |     0 |     0 |     0 |     0 |     0 |     0 |     0 |     0 |     0 |     0 |     0 |     0 |     0 |
| X6Y3              |     0 |    24 |     0 |     0 |     0 |     0 |     0 |     0 |     0 |     0 |     0 |     0 |     0 |     0 |     0 |     0 |     0 |     0 |     0 |     0 |
| X7Y3              |     0 |    24 |     0 |     0 |     0 |     0 |     0 |     0 |     0 |     0 |     0 |     0 |     0 |     0 |     0 |     0 |     0 |     0 |     0 |     0 |
| X8Y3              |     0 |    24 |     0 |     0 |     0 |     0 |     0 |     0 |     0 |     0 |     0 |     0 |     0 |     0 |     0 |     0 |     0 |     0 |     0 |     0 |
| X9Y3              |     0 |    24 |     0 |     0 |     0 |     0 |     0 |     0 |     0 |    24 |     0 |     0 |     0 |     0 |     0 |     2 |     0 |     2 |     0 |     0 |
| X0Y4              |     0 |    24 |     0 |     0 |     0 |     0 |     0 |     0 |     0 |    24 |     0 |     0 |     0 |     0 |     0 |     1 |     0 |     1 |     0 |     0 |
| X1Y4              |     0 |    24 |     0 |     0 |     0 |     0 |     0 |     0 |     0 |     0 |     0 |     0 |     0 |     0 |     0 |     0 |     0 |     0 |     0 |     0 |
| X2Y4              |     0 |    24 |     0 |     0 |     0 |     0 |     0 |     0 |     0 |     0 |     0 |     0 |     0 |     0 |     0 |     0 |     0 |     0 |     0 |     0 |
| X3Y4              |     0 |    24 |     0 |     0 |     0 |     0 |     0 |     0 |     0 |     0 |     0 |     0 |     0 |     0 |     0 |     0 |     0 |     0 |     0 |     0 |
| X4Y4              |     0 |    24 |     0 |     0 |     0 |     0 |     0 |     0 |     0 |     0 |     0 |     0 |     0 |     0 |     0 |     0 |     0 |     0 |     0 |     0 |
| X5Y4              |     0 |    24 |     0 |     0 |     0 |     0 |     0 |     0 |     0 |     0 |     0 |     0 |     0 |     0 |     0 |     0 |     0 |     0 |     0 |     0 |
| X6Y4              |     0 |    24 |     0 |     0 |     0 |     0 |     0 |     0 |     0 |     0 |     0 |     0 |     0 |     0 |     0 |     0 |     0 |     0 |     0 |     0 |
| X7Y4              |     0 |    24 |     0 |     0 |     0 |     0 |     0 |     0 |     0 |     0 |     0 |     0 |     0 |     0 |     0 |     0 |     0 |     0 |     0 |     0 |
| X8Y4              |     0 |    24 |     0 |     0 |     0 |     0 |     0 |     0 |     0 |     0 |     0 |     0 |     0 |     0 |     0 |     0 |     0 |     0 |     0 |     0 |
| X9Y4              |     0 |    24 |     0 |     0 |     0 |     0 |     0 |     0 |     0 |    24 |     0 |     0 |     0 |     0 |     0 |     1 |     0 |     1 |     0 |     0 |
| X0Y5              |     0 |     0 |     0 |     0 |     0 |     0 |     0 |     0 |     0 |     0 |     0 |     0 |     0 |     0 |     0 |     0 |     0 |     0 |     0 |     0 |
| X1Y5              |     0 |    24 |     0 |     0 |     0 |     0 |     0 |     0 |     0 |     0 |     0 |    12 |     0 |     0 |     0 |     0 |     0 |     0 |     0 |     0 |
| X2Y5              |     0 |    24 |     0 |     0 |     0 |     0 |     0 |     0 |     0 |     0 |     0 |     0 |     0 |     0 |     0 |     0 |     0 |     0 |     0 |     0 |
| X3Y5              |     0 |    24 |     0 |     0 |     0 |     0 |     0 |     0 |     0 |     0 |     0 |     0 |     0 |     0 |     0 |     0 |     0 |     0 |     0 |     0 |
| X4Y5              |     0 |    24 |     0 |     0 |     0 |     0 |     0 |     0 |     0 |     0 |     0 |     0 |     0 |     0 |     0 |     0 |     0 |     0 |     0 |     0 |
| X5Y5              |     0 |    24 |     0 |     0 |     0 |     0 |     0 |     0 |     0 |     0 |     0 |     0 |     0 |     0 |     0 |     0 |     0 |     0 |     0 |     0 |
| X6Y5              |     0 |    24 |     0 |     0 |     0 |     0 |     0 |     0 |     0 |     0 |     0 |     0 |     0 |     0 |     0 |     0 |     0 |     0 |     0 |     0 |
| X7Y5              |     0 |    24 |     0 |     0 |     0 |     0 |     0 |     0 |     0 |     0 |     0 |     0 |     0 |     0 |     0 |     0 |     0 |     0 |     0 |     0 |
| X8Y5              |     0 |    24 |     0 |     0 |     0 |     0 |     0 |     0 |     0 |     0 |     0 |     0 |     0 |     0 |     0 |     0 |     0 |     0 |     0 |     0 |
| X9Y5              |     0 |    24 |     0 |     0 |     0 |     0 |     0 |     0 |     0 |    24 |     0 |     0 |     0 |     0 |     0 |     2 |     0 |     2 |     0 |     0 |
| X0Y6              |     0 |    24 |     0 |     0 |     0 |     0 |     0 |     0 |     0 |    24 |     0 |     0 |     0 |     0 |     0 |     2 |     0 |     2 |     0 |     0 |
| X1Y6              |     0 |    24 |     0 |     0 |     0 |     0 |     0 |     0 |     0 |     0 |     0 |     0 |     0 |     0 |     0 |     0 |     0 |     0 |     0 |     0 |
| X2Y6              |     0 |    24 |     0 |     0 |     0 |     0 |     0 |     0 |     0 |     0 |     0 |     0 |     0 |     0 |     0 |     0 |     0 |     0 |     0 |     0 |
| X3Y6              |     0 |    24 |     0 |     0 |     0 |     0 |     0 |     0 |     0 |     0 |     0 |     0 |     0 |     0 |     0 |     0 |     0 |     0 |     0 |     0 |
| X4Y6              |     0 |    24 |     0 |     0 |     0 |     0 |     0 |     0 |     0 |     0 |     0 |     0 |     0 |     0 |     0 |     0 |     0 |     0 |     0 |     0 |
| X5Y6              |     0 |    24 |     0 |     0 |     0 |     0 |     0 |     0 |     0 |     0 |     0 |     0 |     0 |     0 |     0 |     0 |     0 |     0 |     0 |     0 |
| X6Y6              |     0 |    24 |     0 |     0 |     0 |     0 |     0 |     0 |     0 |     0 |     0 |     0 |     0 |     0 |     0 |     0 |     0 |     0 |     0 |     0 |
| X7Y6              |     0 |    24 |     0 |     0 |     0 |     0 |     0 |     0 |     0 |     0 |     0 |     0 |     0 |     0 |     0 |     0 |     0 |     0 |     0 |     0 |
| X8Y6              |     0 |    24 |     0 |     0 |     0 |     0 |     0 |     0 |     0 |     0 |     0 |     0 |     0 |     0 |     0 |     0 |     0 |     0 |     0 |     0 |
| X9Y6              |     0 |    24 |     0 |     0 |     0 |     0 |     0 |     0 |     0 |    24 |     0 |     0 |     0 |     0 |     0 |     2 |     0 |     2 |     0 |     0 |
| X0Y7              |     0 |    24 |     0 |     0 |     0 |     0 |     0 |     0 |     0 |    24 |     0 |     0 |     0 |     0 |     0 |     2 |     0 |     2 |     0 |     0 |
| X1Y7              |     0 |    24 |     0 |     0 |     0 |     0 |     0 |     0 |     0 |     0 |     0 |     0 |     0 |     0 |     0 |     0 |     0 |     0 |     0 |     0 |
| X2Y7              |     0 |    24 |     0 |     0 |     0 |     0 |     0 |     0 |     0 |     0 |     0 |     0 |     0 |     0 |     0 |     0 |     0 |     0 |     0 |     0 |
| X3Y7              |     0 |    24 |     0 |     0 |     0 |     0 |     0 |     0 |     0 |     0 |     0 |     0 |     0 |     0 |     0 |     0 |     0 |     0 |     0 |     0 |
| X4Y7              |     0 |    24 |     0 |     0 |     0 |     0 |     0 |     0 |     0 |     0 |     0 |     0 |     0 |     0 |     0 |     0 |     0 |     0 |     0 |     0 |
| X5Y7              |     0 |    24 |     0 |     0 |     0 |     0 |     0 |     0 |     0 |     0 |     0 |     0 |     0 |     0 |     0 |     0 |     0 |     0 |     0 |     0 |
| X6Y7              |     0 |    24 |     0 |     0 |     0 |     0 |     0 |     0 |     0 |     0 |     0 |     0 |     0 |     0 |     0 |     0 |     0 |     0 |     0 |     0 |
| X7Y7              |     0 |    24 |     0 |     0 |     0 |     0 |     0 |     0 |     0 |     0 |     0 |     0 |     0 |     0 |     0 |     0 |     0 |     0 |     0 |     0 |
| X8Y7              |     0 |    24 |     0 |     0 |     0 |     0 |     0 |     0 |     0 |     0 |     0 |     0 |     0 |     0 |     0 |     0 |     0 |     0 |     0 |     0 |
| X9Y7              |     0 |    24 |     0 |     0 |     0 |     0 |     0 |     0 |     0 |    24 |     0 |     0 |     0 |     0 |     0 |     2 |     0 |     2 |     0 |     0 |
| X0Y8              |     0 |     0 |     0 |     0 |     0 |     0 |     0 |     0 |     0 |     0 |     0 |     0 |     0 |     0 |     0 |     0 |     0 |     0 |     0 |     0 |
| X1Y8              |     0 |    24 |     0 |     0 |     0 |     0 |     0 |     0 |     0 |     0 |     0 |    12 |     0 |     0 |     0 |     0 |     0 |     0 |     0 |     0 |
| X2Y8              |     0 |    24 |     0 |     0 |     0 |     0 |     0 |     0 |     0 |     0 |     0 |     0 |     0 |     0 |     0 |     0 |     0 |     0 |     0 |     0 |
| X3Y8              |     0 |    24 |     0 |     0 |     0 |     0 |     0 |     0 |     0 |     0 |     0 |     0 |     0 |     0 |     0 |     0 |     0 |     0 |     0 |     0 |
| X4Y8              |     0 |    24 |     0 |     0 |     0 |     0 |     0 |     0 |     0 |     0 |     0 |     0 |     0 |     0 |     0 |     0 |     0 |     0 |     0 |     0 |
| X5Y8              |     0 |    24 |     0 |     0 |     0 |     0 |     0 |     0 |     0 |     0 |     0 |     0 |     0 |     0 |     0 |     0 |     0 |     0 |     0 |     0 |
| X6Y8              |     0 |    24 |     0 |     0 |     0 |     0 |     0 |     0 |     0 |     0 |     0 |     0 |     0 |     0 |     0 |     0 |     0 |     0 |     0 |     0 |
| X7Y8              |     0 |    24 |     0 |     0 |     0 |     0 |     0 |     0 |     0 |     0 |     0 |     0 |     0 |     0 |     0 |     0 |     0 |     0 |     0 |     0 |
| X8Y8              |     0 |    24 |     0 |     0 |     0 |     0 |     0 |     0 |     0 |     0 |     0 |     0 |     0 |     0 |     0 |     0 |     0 |     0 |     0 |     0 |
| X9Y8              |     0 |    24 |     0 |     0 |     0 |     0 |     0 |     0 |     0 |    24 |     0 |     0 |     0 |     0 |     0 |     2 |     0 |     2 |     0 |     0 |
| X0Y9              |     0 |    24 |     0 |     0 |     0 |     0 |     0 |     0 |     0 |    24 |     0 |     0 |     0 |     0 |     0 |     2 |     0 |     2 |     0 |     0 |
| X1Y9              |     0 |    24 |     0 |     0 |     0 |     0 |     0 |     0 |     0 |     0 |     0 |     0 |     0 |     0 |     0 |     0 |     0 |     0 |     0 |     0 |
| X2Y9              |     0 |    24 |     0 |     0 |     0 |     0 |     0 |     0 |     0 |     0 |     0 |     0 |     0 |     0 |     0 |     0 |     0 |     0 |     0 |     0 |
| X3Y9              |     0 |    24 |     0 |     0 |     0 |     0 |     0 |     0 |     0 |     0 |     0 |     0 |     0 |     0 |     0 |     0 |     0 |     0 |     0 |     0 |
| X4Y9              |     0 |    24 |     0 |     0 |     0 |     0 |     0 |     0 |     0 |     0 |     0 |     0 |     0 |     0 |     0 |     0 |     0 |     0 |     0 |     0 |
| X5Y9              |     0 |    24 |     0 |     0 |     0 |     0 |     0 |     0 |     0 |     0 |     0 |     0 |     0 |     0 |     0 |     0 |     0 |     0 |     0 |     0 |
| X6Y9              |     0 |    24 |     0 |     0 |     0 |     0 |     0 |     0 |     0 |     0 |     0 |     0 |     0 |     0 |     0 |     0 |     0 |     0 |     0 |     0 |
| X7Y9              |     0 |    24 |     0 |     0 |     0 |     0 |     0 |     0 |     0 |     0 |     0 |     0 |     0 |     0 |     0 |     0 |     0 |     0 |     0 |     0 |
| X8Y9              |     0 |    24 |     0 |     0 |     0 |     0 |     0 |     0 |     0 |     0 |     0 |     0 |     0 |     0 |     0 |     0 |     0 |     0 |     0 |     0 |
| X9Y9              |     0 |    24 |     0 |     0 |     0 |     0 |     0 |     0 |     0 |    24 |     0 |     0 |     0 |     0 |     0 |     2 |     0 |     2 |     0 |     0 |
| X0Y10             |     0 |    24 |     0 |     0 |     0 |     0 |     0 |     0 |     0 |    24 |     0 |     0 |     0 |     0 |     0 |     2 |     0 |     2 |     0 |     0 |
| X1Y10             |     0 |    24 |     0 |     0 |     0 |     0 |     0 |     0 |     0 |     0 |     0 |     0 |     0 |     0 |     0 |     0 |     0 |     0 |     0 |     0 |
| X2Y10             |     0 |    24 |     0 |     0 |     0 |     0 |     0 |     0 |     0 |     0 |     0 |     0 |     0 |     0 |     0 |     0 |     0 |     0 |     0 |     0 |
| X3Y10             |     0 |    24 |     0 |     0 |     0 |     0 |     0 |     0 |     0 |     0 |     0 |     0 |     0 |     0 |     0 |     0 |     0 |     0 |     0 |     0 |
| X4Y10             |     0 |    24 |     0 |     0 |     0 |     0 |     0 |     0 |     0 |     0 |     0 |     0 |     0 |     0 |     0 |     0 |     0 |     0 |     0 |     0 |
| X5Y10             |     0 |    24 |     0 |     0 |     0 |     0 |     0 |     0 |     0 |     0 |     0 |     0 |     0 |     0 |     0 |     0 |     0 |     0 |     0 |     0 |
| X6Y10             |     0 |    24 |     0 |     0 |     0 |     0 |     0 |     0 |     0 |     0 |     0 |     0 |     0 |     0 |     0 |     0 |     0 |     0 |     0 |     0 |
| X7Y10             |     0 |    24 |     0 |     0 |     0 |     0 |     0 |     0 |     0 |     0 |     0 |     0 |     0 |     0 |     0 |     0 |     0 |     0 |     0 |     0 |
| X8Y10             |     0 |    24 |     0 |     0 |     0 |     0 |     0 |     0 |     0 |     0 |     0 |     0 |     0 |     0 |     0 |     0 |     0 |     0 |     0 |     0 |
| X9Y10             |     0 |    24 |     0 |     0 |     0 |     0 |     0 |     0 |     0 |    24 |     0 |     0 |     0 |     0 |     0 |     2 |     0 |     2 |     0 |     0 |
| X0Y11             |     0 |     0 |     0 |     0 |     0 |     0 |     0 |     0 |     0 |     0 |     0 |     0 |     0 |     0 |     0 |     0 |     0 |     0 |     0 |     0 |
| X1Y11             |     0 |    24 |     0 |     0 |     0 |     0 |     0 |     0 |     0 |     0 |     0 |    12 |     0 |     0 |     0 |     0 |     0 |     0 |     0 |     0 |
| X2Y11             |     0 |    24 |     0 |     0 |     0 |     0 |     0 |     0 |     0 |     0 |     0 |     0 |     0 |     0 |     0 |     0 |     0 |     0 |     0 |     0 |
| X3Y11             |     0 |    24 |     0 |     0 |     0 |     0 |     0 |     0 |     0 |     0 |     0 |     0 |     0 |     0 |     0 |     0 |     0 |     0 |     0 |     0 |
| X4Y11             |     0 |    24 |     0 |     0 |     0 |     0 |     0 |     0 |     0 |     0 |     0 |     0 |     0 |     0 |     0 |     0 |     0 |     0 |     0 |     0 |
| X5Y11             |     0 |    24 |     0 |     0 |     0 |     0 |     0 |     0 |     0 |     0 |     0 |     0 |     0 |     0 |     0 |     0 |     0 |     0 |     0 |     0 |
| X6Y11             |     0 |    24 |     0 |     0 |     0 |     0 |     0 |     0 |     0 |     0 |     0 |     0 |     0 |     0 |     0 |     0 |     0 |     0 |     0 |     0 |
| X7Y11             |     0 |    24 |     0 |     0 |     0 |     0 |     0 |     0 |     0 |     0 |     0 |     0 |     0 |     0 |     0 |     0 |     0 |     0 |     0 |     0 |
| X8Y11             |     0 |    24 |     0 |     0 |     0 |     0 |     0 |     0 |     0 |     0 |     0 |     0 |     0 |     0 |     0 |     0 |     0 |     0 |     0 |     0 |
| X9Y11             |     0 |    24 |     0 |     0 |     0 |     0 |     0 |     0 |     0 |    24 |     0 |     0 |     0 |     0 |     0 |     2 |     0 |     2 |     0 |     0 |
| X0Y12             |     0 |    24 |     0 |     0 |     0 |     0 |     0 |     0 |     0 |    24 |     0 |     0 |     0 |     0 |     0 |     2 |     0 |     2 |     0 |     0 |
| X1Y12             |     0 |    24 |     0 |     0 |     0 |     0 |     0 |     0 |     0 |     0 |     0 |     0 |     0 |     0 |     0 |     0 |     0 |     0 |     0 |     0 |
| X2Y12             |     0 |    24 |     0 |     0 |     0 |     0 |     0 |     0 |     0 |     0 |     0 |     0 |     0 |     0 |     0 |     0 |     0 |     0 |     0 |     0 |
| X3Y12             |     0 |    24 |     0 |     0 |     0 |     0 |     0 |     0 |     0 |     0 |     0 |     0 |     0 |     0 |     0 |     0 |     0 |     0 |     0 |     0 |
| X4Y12             |     0 |    24 |     0 |     0 |     0 |     0 |     0 |     0 |     0 |     0 |     0 |     0 |     0 |     0 |     0 |     0 |     0 |     0 |     0 |     0 |
| X5Y12             |     0 |    24 |     0 |     0 |     0 |     0 |     0 |     0 |     0 |     0 |     0 |     0 |     0 |     0 |     0 |     0 |     0 |     0 |     0 |     0 |
| X6Y12             |     0 |    24 |     0 |     0 |     0 |     0 |     0 |     0 |     0 |     0 |     0 |     0 |     0 |     0 |     0 |     0 |     0 |     0 |     0 |     0 |
| X7Y12             |     0 |    24 |     0 |     0 |     0 |     0 |     0 |     0 |     0 |     0 |     0 |     0 |     0 |     0 |     0 |     0 |     0 |     0 |     0 |     0 |
| X8Y12             |     0 |    24 |     0 |     0 |     0 |     0 |     0 |     0 |     0 |     0 |     0 |     0 |     0 |     0 |     0 |     0 |     0 |     0 |     0 |     0 |
| X9Y12             |     0 |    24 |     0 |     0 |     0 |     0 |     0 |     0 |     0 |    24 |     0 |     0 |     0 |     0 |     0 |     2 |     0 |     2 |     0 |     0 |
| X0Y13             |     0 |    24 |     0 |     0 |     0 |     0 |     0 |     0 |     0 |    24 |     0 |     0 |     0 |     0 |     0 |     2 |     0 |     2 |     0 |     0 |
| X1Y13             |     0 |    24 |     0 |     0 |     0 |     0 |     0 |     0 |     0 |     0 |     0 |     0 |     0 |     0 |     0 |     0 |     0 |     0 |     0 |     0 |
| X2Y13             |     0 |    24 |     0 |     0 |     0 |     0 |     0 |     0 |     0 |     0 |     0 |     0 |     0 |     0 |     0 |     0 |     0 |     0 |     0 |     0 |
| X3Y13             |     0 |    24 |     0 |     0 |     0 |     0 |     0 |     0 |     0 |     0 |     0 |     0 |     0 |     0 |     0 |     0 |     0 |     0 |     0 |     0 |
| X4Y13             |     0 |    24 |     0 |     0 |     0 |     0 |     0 |     0 |     0 |     0 |     0 |     0 |     0 |     0 |     0 |     0 |     0 |     0 |     0 |     0 |
| X5Y13             |     0 |    24 |     0 |     0 |     0 |     0 |     0 |     0 |     0 |     0 |     0 |     0 |     0 |     0 |     0 |     0 |     0 |     0 |     0 |     0 |
| X6Y13             |     0 |    24 |     0 |     0 |     0 |     0 |     0 |     0 |     0 |     0 |     0 |     0 |     0 |     0 |     0 |     0 |     0 |     0 |     0 |     0 |
| X7Y13             |     0 |    24 |     0 |     0 |     0 |     0 |     0 |     0 |     0 |     0 |     0 |     0 |     0 |     0 |     0 |     0 |     0 |     0 |     0 |     0 |
| X8Y13             |     0 |    24 |     0 |     0 |     0 |     0 |     0 |     0 |     0 |     0 |     0 |     0 |     0 |     0 |     0 |     0 |     0 |     0 |     0 |     0 |
| X9Y13             |     0 |    24 |     0 |     0 |     0 |     0 |     0 |     0 |     0 |    24 |     0 |     0 |     0 |     0 |     0 |     2 |     0 |     2 |     0 |     0 |
+-------------------+-------+-------+-------+-------+-------+-------+-------+-------+-------+-------+-------+-------+-------+-------+-------+-------+-------+-------+-------+-------+
* Global Clock column represents track count; while other columns represents cell counts


6. Clock Regions : Load Primitives
----------------------------------

+-------------------+------------------+------------------+------------------+------------------+------------------+------------------+------------------+------------------+------------------+
|                   |   Global Clock   |        FF        |      LUTRAM      |  Block RAM (18K) |       URAM       |        DSP       |        GT        |      HARD IP     |        NOC       |
+-------------------+--------+---------+--------+---------+--------+---------+--------+---------+--------+---------+--------+---------+--------+---------+--------+---------+--------+---------+
| Clock Region Name | Used   | Avail   | Used   | Avail   | Used   | Avail   | Used   | Avail   | Used   | Avail   | Used   | Avail   | Used   | Avail   | Used   | Avail   | Used   | Avail   |
+-------------------+--------+---------+--------+---------+--------+---------+--------+---------+--------+---------+--------+---------+--------+---------+--------+---------+--------+---------+
| X0Y0              |      0 |      24 |      0 |       0 |      0 |       0 |      0 |       0 |      0 |       0 |      0 |       0 |      0 |       0 |      1 |       1 |      0 |       0 |
| X1Y0              |      0 |      24 |      0 |       0 |      0 |       0 |      0 |       0 |      0 |       0 |      0 |       0 |      0 |       0 |      0 |       0 |      0 |       0 |
| X2Y0              |      0 |      24 |      0 |       0 |      0 |       0 |      0 |       0 |      0 |       0 |      0 |       0 |      0 |       0 |      0 |       0 |      0 |       0 |
| X3Y0              |      0 |      24 |      0 |       0 |      0 |       0 |      0 |       0 |      0 |       0 |      0 |       0 |      0 |       0 |      0 |       0 |      0 |       0 |
| X4Y0              |      0 |      24 |      0 |       0 |      0 |       0 |      0 |       0 |      0 |       0 |      0 |       0 |      0 |       0 |      0 |       1 |      0 |       0 |
| X5Y0              |      0 |      24 |      0 |       0 |      0 |       0 |      0 |       0 |      0 |       0 |      0 |       0 |      0 |       0 |      0 |       0 |      0 |       0 |
| X6Y0              |      0 |      24 |      0 |       0 |      0 |       0 |      0 |       0 |      0 |       0 |      0 |       0 |      0 |       0 |      0 |       1 |      0 |       0 |
| X7Y0              |      0 |      24 |      0 |       0 |      0 |       0 |      0 |       0 |      0 |       0 |      0 |       0 |      0 |       0 |      0 |       0 |      0 |       0 |
| X8Y0              |      0 |      24 |      0 |       0 |      0 |       0 |      0 |       0 |      0 |       0 |      0 |       0 |      0 |       0 |      0 |       0 |      0 |       0 |
| X9Y0              |      0 |      24 |      0 |       0 |      0 |       0 |      0 |       0 |      0 |       0 |      0 |       0 |      0 |       0 |      0 |       1 |      0 |       0 |
| X10Y0             |      0 |      24 |      0 |       0 |      0 |       0 |      0 |       0 |      0 |       0 |      0 |       0 |      0 |       0 |      0 |       0 |      0 |       0 |
| X11Y0             |      0 |      24 |      0 |       0 |      0 |       0 |      0 |       0 |      0 |       0 |      0 |       0 |      0 |       0 |      0 |       0 |      0 |       0 |
| X12Y0             |      0 |      24 |      0 |       0 |      0 |       0 |      0 |       0 |      0 |       0 |      0 |       0 |      0 |       0 |      0 |       0 |      0 |       0 |
| X0Y1              |      0 |       0 |      0 |       0 |      0 |       0 |      0 |       0 |      0 |       0 |      0 |       0 |      0 |       0 |      0 |       0 |      0 |       0 |
| X1Y1              |      2 |      24 |    112 |   52992 |      7 |   13248 |      0 |      46 |      0 |      23 |      0 |       0 |      0 |       0 |      0 |       0 |      0 |       4 |
| X2Y1              |      0 |      24 |      0 |   58880 |      0 |   14720 |      0 |      92 |      0 |      23 |      0 |     276 |      0 |       0 |      0 |       0 |      0 |       0 |
| X3Y1              |      0 |      24 |      0 |   58880 |      0 |   14720 |      0 |      92 |      0 |      23 |      0 |     276 |      0 |       0 |      0 |       0 |      0 |       4 |
| X4Y1              |      0 |      24 |      0 |   58880 |      0 |   14720 |      0 |      92 |      0 |      23 |      0 |     276 |      0 |       0 |      0 |       0 |      0 |       0 |
| X5Y1              |      0 |      24 |      0 |   58880 |      0 |   14720 |      0 |      92 |      0 |      23 |      0 |     276 |      0 |       0 |      0 |       0 |      0 |       4 |
| X6Y1              |      0 |      24 |      0 |   58880 |      0 |   14720 |      0 |      92 |      0 |      23 |      0 |     276 |      0 |       0 |      0 |       0 |      0 |       0 |
| X7Y1              |      0 |      24 |      0 |   58880 |      0 |   14720 |      0 |      92 |      0 |      23 |      0 |     276 |      0 |       0 |      0 |       0 |      0 |       4 |
| X8Y1              |      0 |      24 |      0 |   41216 |      0 |   10304 |      0 |     140 |      0 |       0 |      0 |       0 |      0 |       0 |      0 |       0 |      0 |       0 |
| X9Y1              |      0 |      24 |      0 |   41216 |      0 |   10304 |      0 |       0 |      0 |      24 |      0 |       0 |      0 |       0 |      0 |       1 |      0 |       0 |
| X0Y2              |      0 |       0 |      0 |       0 |      0 |       0 |      0 |       0 |      0 |       0 |      0 |       0 |      0 |       0 |      0 |       0 |      0 |       0 |
| X1Y2              |      0 |      24 |      0 |   55296 |      0 |   13824 |      0 |      48 |      0 |      24 |      0 |       0 |      0 |       0 |      0 |       0 |      0 |       4 |
| X2Y2              |      0 |      24 |      0 |   61440 |      0 |   15360 |      0 |      96 |      0 |      24 |      0 |     288 |      0 |       0 |      0 |       0 |      0 |       0 |
| X3Y2              |      0 |      24 |      0 |   61440 |      0 |   15360 |      0 |      96 |      0 |      24 |      0 |     288 |      0 |       0 |      0 |       0 |      0 |       4 |
| X4Y2              |      0 |      24 |      0 |   61440 |      0 |   15360 |      0 |      96 |      0 |      24 |      0 |     288 |      0 |       0 |      0 |       0 |      0 |       0 |
| X5Y2              |      0 |      24 |      0 |   61440 |      0 |   15360 |      0 |      96 |      0 |      24 |      0 |     288 |      0 |       0 |      0 |       0 |      0 |       4 |
| X6Y2              |      0 |      24 |      0 |   61440 |      0 |   15360 |      0 |      96 |      0 |      24 |      0 |     288 |      0 |       0 |      0 |       0 |      0 |       0 |
| X7Y2              |      0 |      24 |      0 |   61440 |      0 |   15360 |      0 |      96 |      0 |      24 |      0 |     288 |      0 |       0 |      0 |       0 |      0 |       4 |
| X8Y2              |      0 |      24 |      0 |   43008 |      0 |   10752 |      0 |     144 |      0 |       0 |      0 |       0 |      0 |       0 |      0 |       0 |      0 |       0 |
| X9Y2              |      0 |      24 |      0 |   43008 |      0 |   10752 |      0 |       0 |      0 |      24 |      0 |       0 |      0 |       0 |      0 |       0 |      0 |       0 |
| X0Y3              |      0 |       0 |      0 |       0 |      0 |       0 |      0 |       0 |      0 |       0 |      0 |       0 |      0 |       0 |      0 |       0 |      0 |       0 |
| X1Y3              |      0 |      24 |      0 |   55296 |      0 |   13824 |      0 |      48 |      0 |      24 |      0 |       0 |      0 |       0 |      0 |       0 |      0 |       4 |
| X2Y3              |      0 |      24 |      0 |   61440 |      0 |   15360 |      0 |      96 |      0 |      24 |      0 |     288 |      0 |       0 |      0 |       0 |      0 |       0 |
| X3Y3              |      0 |      24 |      0 |   61440 |      0 |   15360 |      0 |      96 |      0 |      24 |      0 |     288 |      0 |       0 |      0 |       0 |      0 |       4 |
| X4Y3              |      0 |      24 |      0 |   61440 |      0 |   15360 |      0 |      96 |      0 |      24 |      0 |     288 |      0 |       0 |      0 |       0 |      0 |       0 |
| X5Y3              |      0 |      24 |      0 |   61440 |      0 |   15360 |      0 |      96 |      0 |      24 |      0 |     288 |      0 |       0 |      0 |       0 |      0 |       4 |
| X6Y3              |      0 |      24 |      0 |   61440 |      0 |   15360 |      0 |      96 |      0 |      24 |      0 |     288 |      0 |       0 |      0 |       0 |      0 |       0 |
| X7Y3              |      0 |      24 |      0 |   61440 |      0 |   15360 |      0 |      96 |      0 |      24 |      0 |     288 |      0 |       0 |      0 |       0 |      0 |       4 |
| X8Y3              |      0 |      24 |      0 |   43008 |      0 |   10752 |      0 |     144 |      0 |       0 |      0 |       0 |      0 |       0 |      0 |       0 |      0 |       0 |
| X9Y3              |      0 |      24 |      0 |   43008 |      0 |   10752 |      0 |       0 |      0 |      24 |      0 |       0 |      0 |       0 |      0 |       0 |      0 |       0 |
| X0Y4              |      0 |      24 |      0 |   21504 |      0 |    5376 |      0 |      24 |      0 |       0 |      0 |       0 |      0 |       0 |      0 |       1 |      0 |       0 |
| X1Y4              |      0 |      24 |      0 |   43008 |      0 |   10752 |      0 |      24 |      0 |      24 |      0 |       0 |      0 |       0 |      0 |       0 |      0 |       2 |
| X2Y4              |      0 |      24 |      0 |   30720 |      0 |    7680 |      0 |      48 |      0 |      12 |      0 |     144 |      0 |       0 |      0 |       0 |      0 |       0 |
| X3Y4              |      0 |      24 |      0 |   30720 |      0 |    7680 |      0 |      48 |      0 |      12 |      0 |     144 |      0 |       0 |      0 |       0 |      0 |       2 |
| X4Y4              |      0 |      24 |      0 |   30720 |      0 |    7680 |      0 |      48 |      0 |      12 |      0 |     144 |      0 |       0 |      0 |       0 |      0 |       0 |
| X5Y4              |      0 |      24 |      0 |   30720 |      0 |    7680 |      0 |      48 |      0 |      12 |      0 |     144 |      0 |       0 |      0 |       0 |      0 |       2 |
| X6Y4              |      0 |      24 |      0 |   30720 |      0 |    7680 |      0 |      48 |      0 |      12 |      0 |     144 |      0 |       0 |      0 |       0 |      0 |       0 |
| X7Y4              |      0 |      24 |      0 |   30720 |      0 |    7680 |      0 |      48 |      0 |      12 |      0 |     144 |      0 |       0 |      0 |       0 |      0 |       2 |
| X8Y4              |      0 |      24 |      0 |   21504 |      0 |    5376 |      0 |      72 |      0 |       0 |      0 |       0 |      0 |       0 |      0 |       0 |      0 |       0 |
| X9Y4              |      0 |      24 |      0 |   21504 |      0 |    5376 |      0 |       0 |      0 |      12 |      0 |       0 |      0 |       0 |      0 |       0 |      0 |       0 |
| X0Y5              |      0 |       0 |      0 |       0 |      0 |       0 |      0 |       0 |      0 |       0 |      0 |       0 |      0 |       0 |      0 |       0 |      0 |       0 |
| X1Y5              |      0 |      24 |      0 |   55296 |      0 |   13824 |      0 |      48 |      0 |      24 |      0 |       0 |      0 |       0 |      0 |       0 |      0 |       4 |
| X2Y5              |      0 |      24 |      0 |   61440 |      0 |   15360 |      0 |      96 |      0 |      24 |      0 |     288 |      0 |       0 |      0 |       0 |      0 |       0 |
| X3Y5              |      0 |      24 |      0 |   61440 |      0 |   15360 |      0 |      96 |      0 |      24 |      0 |     288 |      0 |       0 |      0 |       0 |      0 |       4 |
| X4Y5              |      0 |      24 |      0 |   61440 |      0 |   15360 |      0 |      96 |      0 |      24 |      0 |     288 |      0 |       0 |      0 |       0 |      0 |       0 |
| X5Y5              |      0 |      24 |      0 |   61440 |      0 |   15360 |      0 |      96 |      0 |      24 |      0 |     288 |      0 |       0 |      0 |       0 |      0 |       4 |
| X6Y5              |      0 |      24 |      0 |   61440 |      0 |   15360 |      0 |      96 |      0 |      24 |      0 |     288 |      0 |       0 |      0 |       0 |      0 |       0 |
| X7Y5              |      0 |      24 |      0 |   61440 |      0 |   15360 |      0 |      96 |      0 |      24 |      0 |     288 |      0 |       0 |      0 |       0 |      0 |       4 |
| X8Y5              |      0 |      24 |      0 |   43008 |      0 |   10752 |      0 |     144 |      0 |       0 |      0 |       0 |      0 |       0 |      0 |       0 |      0 |       0 |
| X9Y5              |      0 |      24 |      0 |   43008 |      0 |   10752 |      0 |       0 |      0 |      24 |      0 |       0 |      0 |       0 |      0 |       0 |      0 |       0 |
| X0Y6              |      0 |      24 |      0 |   43008 |      0 |   10752 |      0 |      48 |      0 |       0 |      0 |       0 |      0 |       0 |      0 |       0 |      0 |       0 |
| X1Y6              |      0 |      24 |      0 |   67584 |      0 |   16896 |      0 |      48 |      0 |      48 |      0 |       0 |      0 |       0 |      0 |       0 |      0 |       4 |
| X2Y6              |      0 |      24 |      0 |   61440 |      0 |   15360 |      0 |      96 |      0 |      24 |      0 |     288 |      0 |       0 |      0 |       0 |      0 |       0 |
| X3Y6              |      0 |      24 |      0 |   61440 |      0 |   15360 |      0 |      96 |      0 |      24 |      0 |     288 |      0 |       0 |      0 |       0 |      0 |       4 |
| X4Y6              |      0 |      24 |      0 |   61440 |      0 |   15360 |      0 |      96 |      0 |      24 |      0 |     288 |      0 |       0 |      0 |       0 |      0 |       0 |
| X5Y6              |      0 |      24 |      0 |   61440 |      0 |   15360 |      0 |      96 |      0 |      24 |      0 |     288 |      0 |       0 |      0 |       0 |      0 |       4 |
| X6Y6              |      0 |      24 |      0 |   61440 |      0 |   15360 |      0 |      96 |      0 |      24 |      0 |     288 |      0 |       0 |      0 |       0 |      0 |       0 |
| X7Y6              |      0 |      24 |      0 |   61440 |      0 |   15360 |      0 |      96 |      0 |      24 |      0 |     288 |      0 |       0 |      0 |       0 |      0 |       4 |
| X8Y6              |      0 |      24 |      0 |   43008 |      0 |   10752 |      0 |     144 |      0 |       0 |      0 |       0 |      0 |       0 |      0 |       0 |      0 |       0 |
| X9Y6              |      0 |      24 |      0 |   43008 |      0 |   10752 |      0 |       0 |      0 |      24 |      0 |       0 |      0 |       0 |      0 |       0 |      0 |       0 |
| X0Y7              |      0 |      24 |      0 |   43008 |      0 |   10752 |      0 |      48 |      0 |       0 |      0 |       0 |      0 |       0 |      0 |       0 |      0 |       0 |
| X1Y7              |      0 |      24 |      0 |   67584 |      0 |   16896 |      0 |      48 |      0 |      48 |      0 |       0 |      0 |       0 |      0 |       0 |      0 |       4 |
| X2Y7              |      0 |      24 |      0 |   61440 |      0 |   15360 |      0 |      96 |      0 |      24 |      0 |     288 |      0 |       0 |      0 |       0 |      0 |       0 |
| X3Y7              |      0 |      24 |      0 |   61440 |      0 |   15360 |      0 |      96 |      0 |      24 |      0 |     288 |      0 |       0 |      0 |       0 |      0 |       4 |
| X4Y7              |      0 |      24 |      0 |   61440 |      0 |   15360 |      0 |      96 |      0 |      24 |      0 |     288 |      0 |       0 |      0 |       0 |      0 |       0 |
| X5Y7              |      0 |      24 |      0 |   61440 |      0 |   15360 |      0 |      96 |      0 |      24 |      0 |     288 |      0 |       0 |      0 |       0 |      0 |       4 |
| X6Y7              |      0 |      24 |      0 |   61440 |      0 |   15360 |      0 |      96 |      0 |      24 |      0 |     288 |      0 |       0 |      0 |       0 |      0 |       0 |
| X7Y7              |      0 |      24 |      0 |   61440 |      0 |   15360 |      0 |      96 |      0 |      24 |      0 |     288 |      0 |       0 |      0 |       0 |      0 |       4 |
| X8Y7              |      0 |      24 |      0 |   43008 |      0 |   10752 |      0 |     144 |      0 |       0 |      0 |       0 |      0 |       0 |      0 |       0 |      0 |       0 |
| X9Y7              |      0 |      24 |      0 |   43008 |      0 |   10752 |      0 |       0 |      0 |      24 |      0 |       0 |      0 |       0 |      0 |       1 |      0 |       0 |
| X0Y8              |      0 |       0 |      0 |       0 |      0 |       0 |      0 |       0 |      0 |       0 |      0 |       0 |      0 |       0 |      0 |       0 |      0 |       0 |
| X1Y8              |      0 |      24 |      0 |   55296 |      0 |   13824 |      0 |      48 |      0 |      24 |      0 |       0 |      0 |       0 |      0 |       0 |      0 |       4 |
| X2Y8              |      0 |      24 |      0 |   61440 |      0 |   15360 |      0 |      96 |      0 |      24 |      0 |     288 |      0 |       0 |      0 |       0 |      0 |       0 |
| X3Y8              |      0 |      24 |      0 |   61440 |      0 |   15360 |      0 |      96 |      0 |      24 |      0 |     288 |      0 |       0 |      0 |       0 |      0 |       4 |
| X4Y8              |      0 |      24 |      0 |   61440 |      0 |   15360 |      0 |      96 |      0 |      24 |      0 |     288 |      0 |       0 |      0 |       0 |      0 |       0 |
| X5Y8              |      0 |      24 |      0 |   61440 |      0 |   15360 |      0 |      96 |      0 |      24 |      0 |     288 |      0 |       0 |      0 |       0 |      0 |       4 |
| X6Y8              |      0 |      24 |      0 |   61440 |      0 |   15360 |      0 |      96 |      0 |      24 |      0 |     288 |      0 |       0 |      0 |       0 |      0 |       0 |
| X7Y8              |      0 |      24 |      0 |   61440 |      0 |   15360 |      0 |      96 |      0 |      24 |      0 |     288 |      0 |       0 |      0 |       0 |      0 |       4 |
| X8Y8              |      0 |      24 |      0 |   43008 |      0 |   10752 |      0 |     144 |      0 |       0 |      0 |       0 |      0 |       0 |      0 |       0 |      0 |       0 |
| X9Y8              |      0 |      24 |      0 |   43008 |      0 |   10752 |      0 |       0 |      0 |      24 |      0 |       0 |      0 |       0 |      0 |       0 |      0 |       0 |
| X0Y9              |      0 |      24 |      0 |   43008 |      0 |   10752 |      0 |      48 |      0 |       0 |      0 |       0 |      0 |       0 |      0 |       0 |      0 |       0 |
| X1Y9              |      0 |      24 |      0 |   67584 |      0 |   16896 |      0 |      48 |      0 |      48 |      0 |       0 |      0 |       0 |      0 |       0 |      0 |       4 |
| X2Y9              |      0 |      24 |      0 |   61440 |      0 |   15360 |      0 |      96 |      0 |      24 |      0 |     288 |      0 |       0 |      0 |       0 |      0 |       0 |
| X3Y9              |      0 |      24 |      0 |   61440 |      0 |   15360 |      0 |      96 |      0 |      24 |      0 |     288 |      0 |       0 |      0 |       0 |      0 |       4 |
| X4Y9              |      0 |      24 |      0 |   61440 |      0 |   15360 |      0 |      96 |      0 |      24 |      0 |     288 |      0 |       0 |      0 |       0 |      0 |       0 |
| X5Y9              |      0 |      24 |      0 |   61440 |      0 |   15360 |      0 |      96 |      0 |      24 |      0 |     288 |      0 |       0 |      0 |       0 |      0 |       4 |
| X6Y9              |      0 |      24 |      0 |   61440 |      0 |   15360 |      0 |      96 |      0 |      24 |      0 |     288 |      0 |       0 |      0 |       0 |      0 |       0 |
| X7Y9              |      0 |      24 |      0 |   61440 |      0 |   15360 |      0 |      96 |      0 |      24 |      0 |     288 |      0 |       0 |      0 |       0 |      0 |       4 |
| X8Y9              |      0 |      24 |      0 |   43008 |      0 |   10752 |      0 |     144 |      0 |       0 |      0 |       0 |      0 |       0 |      0 |       0 |      0 |       0 |
| X9Y9              |      0 |      24 |      0 |   43008 |      0 |   10752 |      0 |       0 |      0 |      24 |      0 |       0 |      0 |       0 |      0 |       0 |      0 |       0 |
| X0Y10             |      0 |      24 |      0 |   43008 |      0 |   10752 |      0 |      48 |      0 |       0 |      0 |       0 |      0 |       0 |      0 |       0 |      0 |       0 |
| X1Y10             |      0 |      24 |      0 |   67584 |      0 |   16896 |      0 |      48 |      0 |      48 |      0 |       0 |      0 |       0 |      0 |       0 |      0 |       4 |
| X2Y10             |      0 |      24 |      0 |   61440 |      0 |   15360 |      0 |      96 |      0 |      24 |      0 |     288 |      0 |       0 |      0 |       0 |      0 |       0 |
| X3Y10             |      0 |      24 |      0 |   61440 |      0 |   15360 |      0 |      96 |      0 |      24 |      0 |     288 |      0 |       0 |      0 |       0 |      0 |       4 |
| X4Y10             |      0 |      24 |      0 |   61440 |      0 |   15360 |      0 |      96 |      0 |      24 |      0 |     288 |      0 |       0 |      0 |       0 |      0 |       0 |
| X5Y10             |      0 |      24 |      0 |   61440 |      0 |   15360 |      0 |      96 |      0 |      24 |      0 |     288 |      0 |       0 |      0 |       0 |      0 |       4 |
| X6Y10             |      0 |      24 |      0 |   61440 |      0 |   15360 |      0 |      96 |      0 |      24 |      0 |     288 |      0 |       0 |      0 |       0 |      0 |       0 |
| X7Y10             |      0 |      24 |      0 |   61440 |      0 |   15360 |      0 |      96 |      0 |      24 |      0 |     288 |      0 |       0 |      0 |       0 |      0 |       4 |
| X8Y10             |      0 |      24 |      0 |   43008 |      0 |   10752 |      0 |     144 |      0 |       0 |      0 |       0 |      0 |       0 |      0 |       0 |      0 |       0 |
| X9Y10             |      0 |      24 |      0 |   43008 |      0 |   10752 |      0 |       0 |      0 |      24 |      0 |       0 |      0 |       0 |      0 |       1 |      0 |       0 |
| X0Y11             |      0 |       0 |      0 |       0 |      0 |       0 |      0 |       0 |      0 |       0 |      0 |       0 |      0 |       0 |      0 |       0 |      0 |       0 |
| X1Y11             |      0 |      24 |      0 |   55296 |      0 |   13824 |      0 |      48 |      0 |      24 |      0 |       0 |      0 |       0 |      0 |       0 |      0 |       4 |
| X2Y11             |      0 |      24 |      0 |   61440 |      0 |   15360 |      0 |      96 |      0 |      24 |      0 |     288 |      0 |       0 |      0 |       0 |      0 |       0 |
| X3Y11             |      0 |      24 |      0 |   61440 |      0 |   15360 |      0 |      96 |      0 |      24 |      0 |     288 |      0 |       0 |      0 |       0 |      0 |       4 |
| X4Y11             |      0 |      24 |      0 |   61440 |      0 |   15360 |      0 |      96 |      0 |      24 |      0 |     288 |      0 |       0 |      0 |       0 |      0 |       0 |
| X5Y11             |      0 |      24 |      0 |   61440 |      0 |   15360 |      0 |      96 |      0 |      24 |      0 |     288 |      0 |       0 |      0 |       0 |      0 |       4 |
| X6Y11             |      0 |      24 |      0 |   61440 |      0 |   15360 |      0 |      96 |      0 |      24 |      0 |     288 |      0 |       0 |      0 |       0 |      0 |       0 |
| X7Y11             |      0 |      24 |      0 |   61440 |      0 |   15360 |      0 |      96 |      0 |      24 |      0 |     288 |      0 |       0 |      0 |       0 |      0 |       4 |
| X8Y11             |      0 |      24 |      0 |   43008 |      0 |   10752 |      0 |     144 |      0 |       0 |      0 |       0 |      0 |       0 |      0 |       0 |      0 |       0 |
| X9Y11             |      0 |      24 |      0 |   43008 |      0 |   10752 |      0 |       0 |      0 |      24 |      0 |       0 |      0 |       0 |      0 |       0 |      0 |       0 |
| X0Y12             |      0 |      24 |      0 |   43008 |      0 |   10752 |      0 |      48 |      0 |       0 |      0 |       0 |      0 |       0 |      0 |       0 |      0 |       0 |
| X1Y12             |      0 |      24 |      0 |   67584 |      0 |   16896 |      0 |      48 |      0 |      48 |      0 |       0 |      0 |       0 |      0 |       0 |      0 |       4 |
| X2Y12             |      0 |      24 |      0 |   61440 |      0 |   15360 |      0 |      96 |      0 |      24 |      0 |     288 |      0 |       0 |      0 |       0 |      0 |       0 |
| X3Y12             |      0 |      24 |      0 |   61440 |      0 |   15360 |      0 |      96 |      0 |      24 |      0 |     288 |      0 |       0 |      0 |       0 |      0 |       4 |
| X4Y12             |      0 |      24 |      0 |   61440 |      0 |   15360 |      0 |      96 |      0 |      24 |      0 |     288 |      0 |       0 |      0 |       0 |      0 |       0 |
| X5Y12             |      0 |      24 |      0 |   61440 |      0 |   15360 |      0 |      96 |      0 |      24 |      0 |     288 |      0 |       0 |      0 |       0 |      0 |       4 |
| X6Y12             |      0 |      24 |      0 |   61440 |      0 |   15360 |      0 |      96 |      0 |      24 |      0 |     288 |      0 |       0 |      0 |       0 |      0 |       0 |
| X7Y12             |      0 |      24 |      0 |   61440 |      0 |   15360 |      0 |      96 |      0 |      24 |      0 |     288 |      0 |       0 |      0 |       0 |      0 |       4 |
| X8Y12             |      0 |      24 |      0 |   43008 |      0 |   10752 |      0 |     144 |      0 |       0 |      0 |       0 |      0 |       0 |      0 |       0 |      0 |       0 |
| X9Y12             |      0 |      24 |      0 |   43008 |      0 |   10752 |      0 |       0 |      0 |      24 |      0 |       0 |      0 |       0 |      0 |       0 |      0 |       0 |
| X0Y13             |      0 |      24 |      0 |   43008 |      0 |   10752 |      0 |      48 |      0 |       0 |      0 |       0 |      0 |       0 |      0 |       0 |      0 |       0 |
| X1Y13             |      0 |      24 |      0 |   67584 |      0 |   16896 |      0 |      48 |      0 |      48 |      0 |       0 |      0 |       0 |      0 |       0 |      0 |       4 |
| X2Y13             |      0 |      24 |      0 |   61440 |      0 |   15360 |      0 |      96 |      0 |      24 |      0 |     288 |      0 |       0 |      0 |       0 |      0 |       0 |
| X3Y13             |      0 |      24 |      0 |   61440 |      0 |   15360 |      0 |      96 |      0 |      24 |      0 |     288 |      0 |       0 |      0 |       0 |      0 |       4 |
| X4Y13             |      0 |      24 |      0 |   61440 |      0 |   15360 |      0 |      96 |      0 |      24 |      0 |     288 |      0 |       0 |      0 |       0 |      0 |       0 |
| X5Y13             |      0 |      24 |      0 |   61440 |      0 |   15360 |      0 |      96 |      0 |      24 |      0 |     288 |      0 |       0 |      0 |       0 |      0 |       4 |
| X6Y13             |      0 |      24 |      0 |   61440 |      0 |   15360 |      0 |      96 |      0 |      24 |      0 |     288 |      0 |       0 |      0 |       0 |      0 |       0 |
| X7Y13             |      0 |      24 |      0 |   61440 |      0 |   15360 |      0 |      96 |      0 |      24 |      0 |     288 |      0 |       0 |      0 |       0 |      0 |       4 |
| X8Y13             |      0 |      24 |      0 |   43008 |      0 |   10752 |      0 |     144 |      0 |       0 |      0 |       0 |      0 |       0 |      0 |       0 |      0 |       0 |
| X9Y13             |      0 |      24 |      0 |   43008 |      0 |   10752 |      0 |       0 |      0 |      24 |      0 |       0 |      0 |       0 |      0 |       1 |      0 |       0 |
+-------------------+--------+---------+--------+---------+--------+---------+--------+---------+--------+---------+--------+---------+--------+---------+--------+---------+--------+---------+
* Global Clock column represents track count; while other columns represents cell counts


7. Clock Regions : Global Clock Summary
---------------------------------------

All Modules
+-----+----+----+----+----+----+----+----+----+----+----+-----+-----+-----+
|     | X0 | X1 | X2 | X3 | X4 | X5 | X6 | X7 | X8 | X9 | X10 | X11 | X12 |
+-----+----+----+----+----+----+----+----+----+----+----+-----+-----+-----+
| Y13 |  0 |  0 |  0 |  0 |  0 |  0 |  0 |  0 |  0 |  0 |   0 |   0 |   0 |
| Y12 |  0 |  0 |  0 |  0 |  0 |  0 |  0 |  0 |  0 |  0 |   0 |   0 |   0 |
| Y11 |  0 |  0 |  0 |  0 |  0 |  0 |  0 |  0 |  0 |  0 |   0 |   0 |   0 |
| Y10 |  0 |  0 |  0 |  0 |  0 |  0 |  0 |  0 |  0 |  0 |   0 |   0 |   0 |
| Y9  |  0 |  0 |  0 |  0 |  0 |  0 |  0 |  0 |  0 |  0 |   0 |   0 |   0 |
| Y8  |  0 |  0 |  0 |  0 |  0 |  0 |  0 |  0 |  0 |  0 |   0 |   0 |   0 |
| Y7  |  0 |  0 |  0 |  0 |  0 |  0 |  0 |  0 |  0 |  0 |   0 |   0 |   0 |
| Y6  |  0 |  0 |  0 |  0 |  0 |  0 |  0 |  0 |  0 |  0 |   0 |   0 |   0 |
| Y5  |  0 |  0 |  0 |  0 |  0 |  0 |  0 |  0 |  0 |  0 |   0 |   0 |   0 |
| Y4  |  0 |  0 |  0 |  0 |  0 |  0 |  0 |  0 |  0 |  0 |   0 |   0 |   0 |
| Y3  |  0 |  0 |  0 |  0 |  0 |  0 |  0 |  0 |  0 |  0 |   0 |   0 |   0 |
| Y2  |  0 |  0 |  0 |  0 |  0 |  0 |  0 |  0 |  0 |  0 |   0 |   0 |   0 |
| Y1  |  0 |  2 |  0 |  0 |  0 |  0 |  0 |  0 |  0 |  0 |   0 |   0 |   0 |
| Y0  |  0 |  0 |  0 |  0 |  0 |  0 |  0 |  0 |  0 |  0 |   0 |   0 |   0 |
+-----+----+----+----+----+----+----+----+----+----+----+-----+-----+-----+


8. Clock Regions : Routing Resource Utilization
-----------------------------------------------

All Modules
+-------------------+----------------------+----------------------+----------------------+----------------------+
|                   |        HROUTES       |        HDISTRS       |        VROUTES       |        VDISTRS       |
+-------------------+------+-------+-------+------+-------+-------+------+-------+-------+------+-------+-------+
| Clock Region Name | Used | Avail | Util% | Used | Avail | Util% | Used | Avail | Util% | Used | Avail | Util% |
+-------------------+------+-------+-------+------+-------+-------+------+-------+-------+------+-------+-------+
| X0Y0              |    0 |    24 |  0.00 |    0 |    24 |  0.00 |    0 |     0 |  0.00 |    0 |     0 |  0.00 |
| X1Y0              |    0 |    24 |  0.00 |    0 |    24 |  0.00 |    0 |     0 |  0.00 |    0 |     0 |  0.00 |
| X2Y0              |    0 |    24 |  0.00 |    0 |    24 |  0.00 |    0 |     0 |  0.00 |    0 |     0 |  0.00 |
| X3Y0              |    0 |    24 |  0.00 |    0 |    24 |  0.00 |    0 |     0 |  0.00 |    0 |     0 |  0.00 |
| X4Y0              |    0 |    24 |  0.00 |    0 |    24 |  0.00 |    0 |     0 |  0.00 |    0 |     0 |  0.00 |
| X5Y0              |    0 |    24 |  0.00 |    0 |    24 |  0.00 |    0 |     0 |  0.00 |    0 |     0 |  0.00 |
| X6Y0              |    0 |    24 |  0.00 |    0 |    24 |  0.00 |    0 |     0 |  0.00 |    0 |     0 |  0.00 |
| X7Y0              |    0 |    24 |  0.00 |    0 |    24 |  0.00 |    0 |     0 |  0.00 |    0 |     0 |  0.00 |
| X8Y0              |    0 |    24 |  0.00 |    0 |    24 |  0.00 |    0 |     0 |  0.00 |    0 |     0 |  0.00 |
| X9Y0              |    0 |    24 |  0.00 |    0 |    24 |  0.00 |    0 |     0 |  0.00 |    0 |     0 |  0.00 |
| X10Y0             |    0 |    24 |  0.00 |    0 |    24 |  0.00 |    0 |     0 |  0.00 |    0 |     0 |  0.00 |
| X11Y0             |    0 |    24 |  0.00 |    0 |    24 |  0.00 |    0 |     0 |  0.00 |    0 |     0 |  0.00 |
| X12Y0             |    0 |    24 |  0.00 |    0 |    24 |  0.00 |    0 |     0 |  0.00 |    0 |     0 |  0.00 |
| X0Y1              |    0 |     0 |  0.00 |    0 |     0 |  0.00 |    0 |     0 |  0.00 |    0 |     0 |  0.00 |
| X1Y1              |    0 |     0 |  0.00 |    2 |    24 |  8.33 |    2 |    24 |  8.33 |    2 |    24 |  8.33 |
| X2Y1              |    0 |    12 |  0.00 |    0 |    24 |  0.00 |    0 |     0 |  0.00 |    0 |     0 |  0.00 |
| X3Y1              |    0 |    12 |  0.00 |    0 |    24 |  0.00 |    0 |    24 |  0.00 |    0 |    24 |  0.00 |
| X4Y1              |    0 |    12 |  0.00 |    0 |    24 |  0.00 |    0 |     0 |  0.00 |    0 |     0 |  0.00 |
| X5Y1              |    0 |    12 |  0.00 |    0 |    24 |  0.00 |    0 |    24 |  0.00 |    0 |    24 |  0.00 |
| X6Y1              |    0 |    12 |  0.00 |    0 |    24 |  0.00 |    0 |     0 |  0.00 |    0 |     0 |  0.00 |
| X7Y1              |    0 |    12 |  0.00 |    0 |    24 |  0.00 |    0 |    24 |  0.00 |    0 |    24 |  0.00 |
| X8Y1              |    0 |    12 |  0.00 |    0 |    24 |  0.00 |    0 |     0 |  0.00 |    0 |     0 |  0.00 |
| X9Y1              |    0 |    12 |  0.00 |    0 |    24 |  0.00 |    0 |    24 |  0.00 |    0 |    24 |  0.00 |
| X0Y2              |    0 |     0 |  0.00 |    0 |     0 |  0.00 |    0 |     0 |  0.00 |    0 |     0 |  0.00 |
| X1Y2              |    0 |     0 |  0.00 |    0 |    24 |  0.00 |    0 |    24 |  0.00 |    0 |    24 |  0.00 |
| X2Y2              |    0 |    12 |  0.00 |    0 |    24 |  0.00 |    0 |     0 |  0.00 |    0 |     0 |  0.00 |
| X3Y2              |    0 |    12 |  0.00 |    0 |    24 |  0.00 |    0 |    24 |  0.00 |    0 |    24 |  0.00 |
| X4Y2              |    0 |    12 |  0.00 |    0 |    24 |  0.00 |    0 |     0 |  0.00 |    0 |     0 |  0.00 |
| X5Y2              |    0 |    12 |  0.00 |    0 |    24 |  0.00 |    0 |    24 |  0.00 |    0 |    24 |  0.00 |
| X6Y2              |    0 |    12 |  0.00 |    0 |    24 |  0.00 |    0 |     0 |  0.00 |    0 |     0 |  0.00 |
| X7Y2              |    0 |    12 |  0.00 |    0 |    24 |  0.00 |    0 |    24 |  0.00 |    0 |    24 |  0.00 |
| X8Y2              |    0 |    12 |  0.00 |    0 |    24 |  0.00 |    0 |     0 |  0.00 |    0 |     0 |  0.00 |
| X9Y2              |    0 |    12 |  0.00 |    0 |    24 |  0.00 |    0 |    24 |  0.00 |    0 |    24 |  0.00 |
| X0Y3              |    0 |     0 |  0.00 |    0 |     0 |  0.00 |    0 |     0 |  0.00 |    0 |     0 |  0.00 |
| X1Y3              |    0 |     0 |  0.00 |    0 |    24 |  0.00 |    0 |    24 |  0.00 |    0 |    24 |  0.00 |
| X2Y3              |    0 |    12 |  0.00 |    0 |    24 |  0.00 |    0 |     0 |  0.00 |    0 |     0 |  0.00 |
| X3Y3              |    0 |    12 |  0.00 |    0 |    24 |  0.00 |    0 |    24 |  0.00 |    0 |    24 |  0.00 |
| X4Y3              |    0 |    12 |  0.00 |    0 |    24 |  0.00 |    0 |     0 |  0.00 |    0 |     0 |  0.00 |
| X5Y3              |    0 |    12 |  0.00 |    0 |    24 |  0.00 |    0 |    24 |  0.00 |    0 |    24 |  0.00 |
| X6Y3              |    0 |    12 |  0.00 |    0 |    24 |  0.00 |    0 |     0 |  0.00 |    0 |     0 |  0.00 |
| X7Y3              |    0 |    12 |  0.00 |    0 |    24 |  0.00 |    0 |    24 |  0.00 |    0 |    24 |  0.00 |
| X8Y3              |    0 |    12 |  0.00 |    0 |    24 |  0.00 |    0 |     0 |  0.00 |    0 |     0 |  0.00 |
| X9Y3              |    0 |    12 |  0.00 |    0 |    24 |  0.00 |    0 |    24 |  0.00 |    0 |    24 |  0.00 |
| X0Y4              |    0 |    12 |  0.00 |    0 |    24 |  0.00 |    0 |    24 |  0.00 |    0 |    24 |  0.00 |
| X1Y4              |    0 |    12 |  0.00 |    0 |    24 |  0.00 |    0 |    24 |  0.00 |    0 |    24 |  0.00 |
| X2Y4              |    0 |    12 |  0.00 |    0 |    24 |  0.00 |    0 |     0 |  0.00 |    0 |     0 |  0.00 |
| X3Y4              |    0 |    12 |  0.00 |    0 |    24 |  0.00 |    0 |    24 |  0.00 |    0 |    24 |  0.00 |
| X4Y4              |    0 |    12 |  0.00 |    0 |    24 |  0.00 |    0 |     0 |  0.00 |    0 |     0 |  0.00 |
| X5Y4              |    0 |    12 |  0.00 |    0 |    24 |  0.00 |    0 |    24 |  0.00 |    0 |    24 |  0.00 |
| X6Y4              |    0 |    12 |  0.00 |    0 |    24 |  0.00 |    0 |     0 |  0.00 |    0 |     0 |  0.00 |
| X7Y4              |    0 |    12 |  0.00 |    0 |    24 |  0.00 |    0 |    24 |  0.00 |    0 |    24 |  0.00 |
| X8Y4              |    0 |    12 |  0.00 |    0 |    24 |  0.00 |    0 |     0 |  0.00 |    0 |     0 |  0.00 |
| X9Y4              |    0 |    12 |  0.00 |    0 |    24 |  0.00 |    0 |    24 |  0.00 |    0 |    24 |  0.00 |
| X0Y5              |    0 |     0 |  0.00 |    0 |     0 |  0.00 |    0 |     0 |  0.00 |    0 |     0 |  0.00 |
| X1Y5              |    0 |     0 |  0.00 |    0 |    24 |  0.00 |    0 |    24 |  0.00 |    0 |    24 |  0.00 |
| X2Y5              |    0 |    12 |  0.00 |    0 |    24 |  0.00 |    0 |     0 |  0.00 |    0 |     0 |  0.00 |
| X3Y5              |    0 |    12 |  0.00 |    0 |    24 |  0.00 |    0 |    24 |  0.00 |    0 |    24 |  0.00 |
| X4Y5              |    0 |    12 |  0.00 |    0 |    24 |  0.00 |    0 |     0 |  0.00 |    0 |     0 |  0.00 |
| X5Y5              |    0 |    12 |  0.00 |    0 |    24 |  0.00 |    0 |    24 |  0.00 |    0 |    24 |  0.00 |
| X6Y5              |    0 |    12 |  0.00 |    0 |    24 |  0.00 |    0 |     0 |  0.00 |    0 |     0 |  0.00 |
| X7Y5              |    0 |    12 |  0.00 |    0 |    24 |  0.00 |    0 |    24 |  0.00 |    0 |    24 |  0.00 |
| X8Y5              |    0 |    12 |  0.00 |    0 |    24 |  0.00 |    0 |     0 |  0.00 |    0 |     0 |  0.00 |
| X9Y5              |    0 |    12 |  0.00 |    0 |    24 |  0.00 |    0 |    24 |  0.00 |    0 |    24 |  0.00 |
| X0Y6              |    0 |    12 |  0.00 |    0 |    24 |  0.00 |    0 |    24 |  0.00 |    0 |    24 |  0.00 |
| X1Y6              |    0 |    12 |  0.00 |    0 |    24 |  0.00 |    0 |    24 |  0.00 |    0 |    24 |  0.00 |
| X2Y6              |    0 |    12 |  0.00 |    0 |    24 |  0.00 |    0 |     0 |  0.00 |    0 |     0 |  0.00 |
| X3Y6              |    0 |    12 |  0.00 |    0 |    24 |  0.00 |    0 |    24 |  0.00 |    0 |    24 |  0.00 |
| X4Y6              |    0 |    12 |  0.00 |    0 |    24 |  0.00 |    0 |     0 |  0.00 |    0 |     0 |  0.00 |
| X5Y6              |    0 |    12 |  0.00 |    0 |    24 |  0.00 |    0 |    24 |  0.00 |    0 |    24 |  0.00 |
| X6Y6              |    0 |    12 |  0.00 |    0 |    24 |  0.00 |    0 |     0 |  0.00 |    0 |     0 |  0.00 |
| X7Y6              |    0 |    12 |  0.00 |    0 |    24 |  0.00 |    0 |    24 |  0.00 |    0 |    24 |  0.00 |
| X8Y6              |    0 |    12 |  0.00 |    0 |    24 |  0.00 |    0 |     0 |  0.00 |    0 |     0 |  0.00 |
| X9Y6              |    0 |    12 |  0.00 |    0 |    24 |  0.00 |    0 |    24 |  0.00 |    0 |    24 |  0.00 |
| X0Y7              |    0 |    12 |  0.00 |    0 |    24 |  0.00 |    0 |    24 |  0.00 |    0 |    24 |  0.00 |
| X1Y7              |    0 |    12 |  0.00 |    0 |    24 |  0.00 |    0 |    24 |  0.00 |    0 |    24 |  0.00 |
| X2Y7              |    0 |    12 |  0.00 |    0 |    24 |  0.00 |    0 |     0 |  0.00 |    0 |     0 |  0.00 |
| X3Y7              |    0 |    12 |  0.00 |    0 |    24 |  0.00 |    0 |    24 |  0.00 |    0 |    24 |  0.00 |
| X4Y7              |    0 |    12 |  0.00 |    0 |    24 |  0.00 |    0 |     0 |  0.00 |    0 |     0 |  0.00 |
| X5Y7              |    0 |    12 |  0.00 |    0 |    24 |  0.00 |    0 |    24 |  0.00 |    0 |    24 |  0.00 |
| X6Y7              |    0 |    12 |  0.00 |    0 |    24 |  0.00 |    0 |     0 |  0.00 |    0 |     0 |  0.00 |
| X7Y7              |    0 |    12 |  0.00 |    0 |    24 |  0.00 |    0 |    24 |  0.00 |    0 |    24 |  0.00 |
| X8Y7              |    0 |    12 |  0.00 |    0 |    24 |  0.00 |    0 |     0 |  0.00 |    0 |     0 |  0.00 |
| X9Y7              |    0 |    12 |  0.00 |    0 |    24 |  0.00 |    0 |    24 |  0.00 |    0 |    24 |  0.00 |
| X0Y8              |    0 |     0 |  0.00 |    0 |     0 |  0.00 |    0 |     0 |  0.00 |    0 |     0 |  0.00 |
| X1Y8              |    0 |     0 |  0.00 |    0 |    24 |  0.00 |    0 |    24 |  0.00 |    0 |    24 |  0.00 |
| X2Y8              |    0 |    12 |  0.00 |    0 |    24 |  0.00 |    0 |     0 |  0.00 |    0 |     0 |  0.00 |
| X3Y8              |    0 |    12 |  0.00 |    0 |    24 |  0.00 |    0 |    24 |  0.00 |    0 |    24 |  0.00 |
| X4Y8              |    0 |    12 |  0.00 |    0 |    24 |  0.00 |    0 |     0 |  0.00 |    0 |     0 |  0.00 |
| X5Y8              |    0 |    12 |  0.00 |    0 |    24 |  0.00 |    0 |    24 |  0.00 |    0 |    24 |  0.00 |
| X6Y8              |    0 |    12 |  0.00 |    0 |    24 |  0.00 |    0 |     0 |  0.00 |    0 |     0 |  0.00 |
| X7Y8              |    0 |    12 |  0.00 |    0 |    24 |  0.00 |    0 |    24 |  0.00 |    0 |    24 |  0.00 |
| X8Y8              |    0 |    12 |  0.00 |    0 |    24 |  0.00 |    0 |     0 |  0.00 |    0 |     0 |  0.00 |
| X9Y8              |    0 |    12 |  0.00 |    0 |    24 |  0.00 |    0 |    24 |  0.00 |    0 |    24 |  0.00 |
| X0Y9              |    0 |    12 |  0.00 |    0 |    24 |  0.00 |    0 |    24 |  0.00 |    0 |    24 |  0.00 |
| X1Y9              |    0 |    12 |  0.00 |    0 |    24 |  0.00 |    0 |    24 |  0.00 |    0 |    24 |  0.00 |
| X2Y9              |    0 |    12 |  0.00 |    0 |    24 |  0.00 |    0 |     0 |  0.00 |    0 |     0 |  0.00 |
| X3Y9              |    0 |    12 |  0.00 |    0 |    24 |  0.00 |    0 |    24 |  0.00 |    0 |    24 |  0.00 |
| X4Y9              |    0 |    12 |  0.00 |    0 |    24 |  0.00 |    0 |     0 |  0.00 |    0 |     0 |  0.00 |
| X5Y9              |    0 |    12 |  0.00 |    0 |    24 |  0.00 |    0 |    24 |  0.00 |    0 |    24 |  0.00 |
| X6Y9              |    0 |    12 |  0.00 |    0 |    24 |  0.00 |    0 |     0 |  0.00 |    0 |     0 |  0.00 |
| X7Y9              |    0 |    12 |  0.00 |    0 |    24 |  0.00 |    0 |    24 |  0.00 |    0 |    24 |  0.00 |
| X8Y9              |    0 |    12 |  0.00 |    0 |    24 |  0.00 |    0 |     0 |  0.00 |    0 |     0 |  0.00 |
| X9Y9              |    0 |    12 |  0.00 |    0 |    24 |  0.00 |    0 |    24 |  0.00 |    0 |    24 |  0.00 |
| X0Y10             |    0 |    12 |  0.00 |    0 |    24 |  0.00 |    0 |    24 |  0.00 |    0 |    24 |  0.00 |
| X1Y10             |    0 |    12 |  0.00 |    0 |    24 |  0.00 |    0 |    24 |  0.00 |    0 |    24 |  0.00 |
| X2Y10             |    0 |    12 |  0.00 |    0 |    24 |  0.00 |    0 |     0 |  0.00 |    0 |     0 |  0.00 |
| X3Y10             |    0 |    12 |  0.00 |    0 |    24 |  0.00 |    0 |    24 |  0.00 |    0 |    24 |  0.00 |
| X4Y10             |    0 |    12 |  0.00 |    0 |    24 |  0.00 |    0 |     0 |  0.00 |    0 |     0 |  0.00 |
| X5Y10             |    0 |    12 |  0.00 |    0 |    24 |  0.00 |    0 |    24 |  0.00 |    0 |    24 |  0.00 |
| X6Y10             |    0 |    12 |  0.00 |    0 |    24 |  0.00 |    0 |     0 |  0.00 |    0 |     0 |  0.00 |
| X7Y10             |    0 |    12 |  0.00 |    0 |    24 |  0.00 |    0 |    24 |  0.00 |    0 |    24 |  0.00 |
| X8Y10             |    0 |    12 |  0.00 |    0 |    24 |  0.00 |    0 |     0 |  0.00 |    0 |     0 |  0.00 |
| X9Y10             |    0 |    12 |  0.00 |    0 |    24 |  0.00 |    0 |    24 |  0.00 |    0 |    24 |  0.00 |
| X0Y11             |    0 |     0 |  0.00 |    0 |     0 |  0.00 |    0 |     0 |  0.00 |    0 |     0 |  0.00 |
| X1Y11             |    0 |     0 |  0.00 |    0 |    24 |  0.00 |    0 |    24 |  0.00 |    0 |    24 |  0.00 |
| X2Y11             |    0 |    12 |  0.00 |    0 |    24 |  0.00 |    0 |     0 |  0.00 |    0 |     0 |  0.00 |
| X3Y11             |    0 |    12 |  0.00 |    0 |    24 |  0.00 |    0 |    24 |  0.00 |    0 |    24 |  0.00 |
| X4Y11             |    0 |    12 |  0.00 |    0 |    24 |  0.00 |    0 |     0 |  0.00 |    0 |     0 |  0.00 |
| X5Y11             |    0 |    12 |  0.00 |    0 |    24 |  0.00 |    0 |    24 |  0.00 |    0 |    24 |  0.00 |
| X6Y11             |    0 |    12 |  0.00 |    0 |    24 |  0.00 |    0 |     0 |  0.00 |    0 |     0 |  0.00 |
| X7Y11             |    0 |    12 |  0.00 |    0 |    24 |  0.00 |    0 |    24 |  0.00 |    0 |    24 |  0.00 |
| X8Y11             |    0 |    12 |  0.00 |    0 |    24 |  0.00 |    0 |     0 |  0.00 |    0 |     0 |  0.00 |
| X9Y11             |    0 |    12 |  0.00 |    0 |    24 |  0.00 |    0 |    24 |  0.00 |    0 |    24 |  0.00 |
| X0Y12             |    0 |    12 |  0.00 |    0 |    24 |  0.00 |    0 |    24 |  0.00 |    0 |    24 |  0.00 |
| X1Y12             |    0 |    12 |  0.00 |    0 |    24 |  0.00 |    0 |    24 |  0.00 |    0 |    24 |  0.00 |
| X2Y12             |    0 |    12 |  0.00 |    0 |    24 |  0.00 |    0 |     0 |  0.00 |    0 |     0 |  0.00 |
| X3Y12             |    0 |    12 |  0.00 |    0 |    24 |  0.00 |    0 |    24 |  0.00 |    0 |    24 |  0.00 |
| X4Y12             |    0 |    12 |  0.00 |    0 |    24 |  0.00 |    0 |     0 |  0.00 |    0 |     0 |  0.00 |
| X5Y12             |    0 |    12 |  0.00 |    0 |    24 |  0.00 |    0 |    24 |  0.00 |    0 |    24 |  0.00 |
| X6Y12             |    0 |    12 |  0.00 |    0 |    24 |  0.00 |    0 |     0 |  0.00 |    0 |     0 |  0.00 |
| X7Y12             |    0 |    12 |  0.00 |    0 |    24 |  0.00 |    0 |    24 |  0.00 |    0 |    24 |  0.00 |
| X8Y12             |    0 |    12 |  0.00 |    0 |    24 |  0.00 |    0 |     0 |  0.00 |    0 |     0 |  0.00 |
| X9Y12             |    0 |    12 |  0.00 |    0 |    24 |  0.00 |    0 |    24 |  0.00 |    0 |    24 |  0.00 |
| X0Y13             |    0 |    12 |  0.00 |    0 |    24 |  0.00 |    0 |    24 |  0.00 |    0 |    24 |  0.00 |
| X1Y13             |    0 |    12 |  0.00 |    0 |    24 |  0.00 |    0 |    24 |  0.00 |    0 |    24 |  0.00 |
| X2Y13             |    0 |    12 |  0.00 |    0 |    24 |  0.00 |    0 |     0 |  0.00 |    0 |     0 |  0.00 |
| X3Y13             |    0 |    12 |  0.00 |    0 |    24 |  0.00 |    0 |    24 |  0.00 |    0 |    24 |  0.00 |
| X4Y13             |    0 |    12 |  0.00 |    0 |    24 |  0.00 |    0 |     0 |  0.00 |    0 |     0 |  0.00 |
| X5Y13             |    0 |    12 |  0.00 |    0 |    24 |  0.00 |    0 |    24 |  0.00 |    0 |    24 |  0.00 |
| X6Y13             |    0 |    12 |  0.00 |    0 |    24 |  0.00 |    0 |     0 |  0.00 |    0 |     0 |  0.00 |
| X7Y13             |    0 |    12 |  0.00 |    0 |    24 |  0.00 |    0 |    24 |  0.00 |    0 |    24 |  0.00 |
| X8Y13             |    0 |    12 |  0.00 |    0 |    24 |  0.00 |    0 |     0 |  0.00 |    0 |     0 |  0.00 |
| X9Y13             |    0 |    12 |  0.00 |    0 |    24 |  0.00 |    0 |    24 |  0.00 |    0 |    24 |  0.00 |
+-------------------+------+-------+-------+------+-------+-------+------+-------+-------+------+-------+-------+


9. Device Cell Placement Summary for Global Clock g0
----------------------------------------------------

+-----------+-----------------+-------------------+----------------------------------------------------------------+-------------+---------------+----------+-----------------------------------+-------------+----------+----------------+----------+-----------------------------------------------------------+------------+
| Global Id | Driver Type/Pin | Driver Region (D) | Clock                                                          | Period (ns) | Waveform (ns) | Root (R) | CLOCK_EXPANSION_WINDOW            | Slice Loads | IO Loads | Clocking Loads | GT Loads | Net                                                       | VTree Type |
+-----------+-----------------+-------------------+----------------------------------------------------------------+-------------+---------------+----------+-----------------------------------+-------------+----------+----------------+----------+-----------------------------------------------------------+------------+
| g0        | BUFG_FABRIC/O   | X1Y1              | design_1_i/versal_cips_0/inst/pspmc_0/inst/PS9_inst/USRDRCK[1] |      14.286 | {0.000 7.143} | X1Y1     | CLOCKREGION_X1Y1:CLOCKREGION_X1Y1 |          89 |        0 |              0 |        0 | design_1_i/mdm_1/U0/No_Dbg_Reg_Access.BUFG_DRCK/Dbg_Clk_0 | balanced   |
+-----------+-----------------+-------------------+----------------------------------------------------------------+-------------+---------------+----------+-----------------------------------+-------------+----------+----------------+----------+-----------------------------------------------------------+------------+
* Slice Loads column represents load cell count of all cell types other than IO, GT and clock resources
** IO Loads column represents load cell count of IO types
*** Clocking Loads column represents load cell count that are clock resources (global clock buffer, MMCM, PLL, etc)
**** GT Loads column represents load cell count of GT types


+-----+----+------------+----+----+----+----+----+----+----+----+-----+-----+-----+
|     | X0 | X1         | X2 | X3 | X4 | X5 | X6 | X7 | X8 | X9 | X10 | X11 | X12 |
+-----+----+------------+----+----+----+----+----+----+----+----+-----+-----+-----+
| Y13 |  0 |          0 |  0 |  0 |  0 |  0 |  0 |  0 |  0 |  0 |   0 |   0 |   0 |
| Y12 |  0 |          0 |  0 |  0 |  0 |  0 |  0 |  0 |  0 |  0 |   0 |   0 |   0 |
| Y11 |  0 |          0 |  0 |  0 |  0 |  0 |  0 |  0 |  0 |  0 |   0 |   0 |   0 |
| Y10 |  0 |          0 |  0 |  0 |  0 |  0 |  0 |  0 |  0 |  0 |   0 |   0 |   0 |
| Y9  |  0 |          0 |  0 |  0 |  0 |  0 |  0 |  0 |  0 |  0 |   0 |   0 |   0 |
| Y8  |  0 |          0 |  0 |  0 |  0 |  0 |  0 |  0 |  0 |  0 |   0 |   0 |   0 |
| Y7  |  0 |          0 |  0 |  0 |  0 |  0 |  0 |  0 |  0 |  0 |   0 |   0 |   0 |
| Y6  |  0 |          0 |  0 |  0 |  0 |  0 |  0 |  0 |  0 |  0 |   0 |   0 |   0 |
| Y5  |  0 |          0 |  0 |  0 |  0 |  0 |  0 |  0 |  0 |  0 |   0 |   0 |   0 |
| Y4  |  0 |          0 |  0 |  0 |  0 |  0 |  0 |  0 |  0 |  0 |   0 |   0 |   0 |
| Y3  |  0 |          0 |  0 |  0 |  0 |  0 |  0 |  0 |  0 |  0 |   0 |   0 |   0 |
| Y2  |  0 |          0 |  0 |  0 |  0 |  0 |  0 |  0 |  0 |  0 |   0 |   0 |   0 |
| Y1  |  0 | (R) (D) 89 |  0 |  0 |  0 |  0 |  0 |  0 |  0 |  0 |   0 |   0 |   0 |
| Y0  |  0 |          0 |  0 |  0 |  0 |  0 |  0 |  0 |  0 |  0 |   0 |   0 |   0 |
+-----+----+------------+----+----+----+----+----+----+----+----+-----+-----+-----+


10. Device Cell Placement Summary for Global Clock g1
-----------------------------------------------------

+-----------+-----------------+-------------------+------------------------------------------------------------------+-------------+----------------+----------+-----------------------------------+-------------+----------+----------------+----------+--------------------------------------------------------------------------+------------+
| Global Id | Driver Type/Pin | Driver Region (D) | Clock                                                            | Period (ns) | Waveform (ns)  | Root (R) | CLOCK_EXPANSION_WINDOW            | Slice Loads | IO Loads | Clocking Loads | GT Loads | Net                                                                      | VTree Type |
+-----------+-----------------+-------------------+------------------------------------------------------------------+-------------+----------------+----------+-----------------------------------+-------------+----------+----------------+----------+--------------------------------------------------------------------------+------------+
| g1        | BUFG_FABRIC/O   | X1Y1              | design_1_i/versal_cips_0/inst/pspmc_0/inst/PS9_inst/USRUPDATE[1] |      28.572 | {0.000 14.286} | X1Y1     | CLOCKREGION_X1Y1:CLOCKREGION_X1Y1 |          31 |        0 |              0 |        0 | design_1_i/versal_cips_0/inst/pspmc_0/inst/bscan_user2_usr_update_BUFGCE | balanced   |
+-----------+-----------------+-------------------+------------------------------------------------------------------+-------------+----------------+----------+-----------------------------------+-------------+----------+----------------+----------+--------------------------------------------------------------------------+------------+
* Slice Loads column represents load cell count of all cell types other than IO, GT and clock resources
** IO Loads column represents load cell count of IO types
*** Clocking Loads column represents load cell count that are clock resources (global clock buffer, MMCM, PLL, etc)
**** GT Loads column represents load cell count of GT types


+-----+----+------------+----+----+----+----+----+----+----+----+-----+-----+-----+
|     | X0 | X1         | X2 | X3 | X4 | X5 | X6 | X7 | X8 | X9 | X10 | X11 | X12 |
+-----+----+------------+----+----+----+----+----+----+----+----+-----+-----+-----+
| Y13 |  0 |          0 |  0 |  0 |  0 |  0 |  0 |  0 |  0 |  0 |   0 |   0 |   0 |
| Y12 |  0 |          0 |  0 |  0 |  0 |  0 |  0 |  0 |  0 |  0 |   0 |   0 |   0 |
| Y11 |  0 |          0 |  0 |  0 |  0 |  0 |  0 |  0 |  0 |  0 |   0 |   0 |   0 |
| Y10 |  0 |          0 |  0 |  0 |  0 |  0 |  0 |  0 |  0 |  0 |   0 |   0 |   0 |
| Y9  |  0 |          0 |  0 |  0 |  0 |  0 |  0 |  0 |  0 |  0 |   0 |   0 |   0 |
| Y8  |  0 |          0 |  0 |  0 |  0 |  0 |  0 |  0 |  0 |  0 |   0 |   0 |   0 |
| Y7  |  0 |          0 |  0 |  0 |  0 |  0 |  0 |  0 |  0 |  0 |   0 |   0 |   0 |
| Y6  |  0 |          0 |  0 |  0 |  0 |  0 |  0 |  0 |  0 |  0 |   0 |   0 |   0 |
| Y5  |  0 |          0 |  0 |  0 |  0 |  0 |  0 |  0 |  0 |  0 |   0 |   0 |   0 |
| Y4  |  0 |          0 |  0 |  0 |  0 |  0 |  0 |  0 |  0 |  0 |   0 |   0 |   0 |
| Y3  |  0 |          0 |  0 |  0 |  0 |  0 |  0 |  0 |  0 |  0 |   0 |   0 |   0 |
| Y2  |  0 |          0 |  0 |  0 |  0 |  0 |  0 |  0 |  0 |  0 |   0 |   0 |   0 |
| Y1  |  0 | (R) (D) 31 |  0 |  0 |  0 |  0 |  0 |  0 |  0 |  0 |   0 |   0 |   0 |
| Y0  |  0 |          0 |  0 |  0 |  0 |  0 |  0 |  0 |  0 |  0 |   0 |   0 |   0 |
+-----+----+------------+----+----+----+----+----+----+----+----+-----+-----+-----+


11. Clock Region Cell Placement per Global Clock: Region X1Y1
-------------------------------------------------------------

+-----------+-------+-----------------+------------+-------------+-----------------+----+-------------+------+------+-----+----+------+-----+---------+--------------------------------------------------------------------------+
| Global Id | Track | Driver Type/Pin | Constraint | Clock Loads | Non-Clock Loads | FF | Memory LUTs | RAMB | URAM | DSP | GT | MMCM | NOC | Hard IP | Net                                                                      |
+-----------+-------+-----------------+------------+-------------+-----------------+----+-------------+------+------+-----+----+------+-----+---------+--------------------------------------------------------------------------+
| g0        | 0     | BUFG_FABRIC/O   | None       |          89 |               0 | 82 |           7 |    0 |    0 |   0 |  0 |    0 |   0 |       0 | design_1_i/mdm_1/U0/No_Dbg_Reg_Access.BUFG_DRCK/Dbg_Clk_0                |
| g1        | 23    | BUFG_FABRIC/O   | None       |          30 |               1 | 30 |           0 |    0 |    0 |   0 |  0 |    0 |   0 |       0 | design_1_i/versal_cips_0/inst/pspmc_0/inst/bscan_user2_usr_update_BUFGCE |
+-----------+-------+-----------------+------------+-------------+-----------------+----+-------------+------+------+-----+----+------+-----+---------+--------------------------------------------------------------------------+
* Clock Loads column represents cell count of net connects that connect to a clock pin. Internal cell leaf pins are not considered
** Non-Clock Loads column represents cell count of non-clock pin loads
*** Columns FF, LUTRAM, RAMB through 'Hard IP' represents load cell counts


