The target system is: Generic -  - microblaze
The host system is: Linux - 6.17.0-19-generic - x86_64
Compiling the C compiler identification source file "CMakeCCompilerId.c" succeeded.
Compiler: /home/smartscott/AMD/2025.2/Vitis/gnu/microblaze/lin/bin/mb-gcc 
Build flags: ;;-mlittle-endian;-m64;-mxl-pattern-compare;-mxl-frequency;-mxl-soft-mul;-mcpu=v11.0;-DSDT;;-MMD;-MP;-specs=/home/smartscott/NEW/tb3d/tb3d/microblaze_0/standalone_microblaze_0/bsp/Xilinx.spec;-I/home/smartscott/NEW/tb3d/tb3d/microblaze_0/standalone_microblaze_0/bsp/include
Id flags: -c 

The output was:
0


Compilation of the C compiler identification source "CMakeCCompilerId.c" produced "CMakeCCompilerId.d"

Compilation of the C compiler identification source "CMakeCCompilerId.c" produced "CMakeCCompilerId.o"

The C compiler identification is GNU, found in "/home/smartscott/NEW/tb3d/tb3d/microblaze_0/standalone_microblaze_0/bsp/libsrc/build_configs/gen_bsp/CMakeFiles/3.24.2/CompilerIdC/CMakeCCompilerId.o"

Compiling the CXX compiler identification source file "CMakeCXXCompilerId.cpp" succeeded.
Compiler: /home/smartscott/AMD/2025.2/Vitis/gnu/microblaze/lin/bin/mb-g++ 
Build flags: ;;-mlittle-endian;-m64;-mxl-pattern-compare;-mxl-frequency;-mxl-soft-mul;-mcpu=v11.0;-DSDT;;-MMD;-MP;-specs=/home/smartscott/NEW/tb3d/tb3d/microblaze_0/standalone_microblaze_0/bsp/Xilinx.spec;-I/home/smartscott/NEW/tb3d/tb3d/microblaze_0/standalone_microblaze_0/bsp/include
Id flags: -c 

The output was:
0


Compilation of the CXX compiler identification source "CMakeCXXCompilerId.cpp" produced "CMakeCXXCompilerId.d"

Compilation of the CXX compiler identification source "CMakeCXXCompilerId.cpp" produced "CMakeCXXCompilerId.o"

The CXX compiler identification is GNU, found in "/home/smartscott/NEW/tb3d/tb3d/microblaze_0/standalone_microblaze_0/bsp/libsrc/build_configs/gen_bsp/CMakeFiles/3.24.2/CompilerIdCXX/CMakeCXXCompilerId.o"

Detecting C compiler ABI info compiled with the following output:
Change Dir: /home/smartscott/NEW/tb3d/tb3d/microblaze_0/standalone_microblaze_0/bsp/libsrc/build_configs/gen_bsp/CMakeFiles/CMakeTmp

Run Build Command(s):/home/smartscott/AMD/2025.2/Vitis/bin/ninja cmTC_bbc7f && [1/2] Building C object CMakeFiles/cmTC_bbc7f.dir/CMakeCCompilerABI.c.obj
Using built-in specs.
Reading specs from /home/smartscott/NEW/tb3d/tb3d/microblaze_0/standalone_microblaze_0/bsp/Xilinx.spec
COLLECT_GCC=/home/smartscott/AMD/2025.2/Vitis/gnu/microblaze/lin/bin/../x86_64-oesdk-linux/usr/bin/microblaze-xilinx-elf/microblaze-xilinx-elf-gcc.real
Target: microblaze-xilinx-elf
Configured with: ../../../../../../work-shared/gcc-13.3.0-r0/gcc-13.3.0/configure --build=x86_64-linux --host=x86_64-oesdk-linux --target=microblaze-xilinx-elf --prefix=/usr/local/oe-sdk-hardcoded-buildpath/sysroots/x86_64-oesdk-linux/usr --exec_prefix=/usr/local/oe-sdk-hardcoded-buildpath/sysroots/x86_64-oesdk-linux/usr --bindir=/usr/local/oe-sdk-hardcoded-buildpath/sysroots/x86_64-oesdk-linux/usr/bin/microblaze-xilinx-elf --sbindir=/usr/local/oe-sdk-hardcoded-buildpath/sysroots/x86_64-oesdk-linux/usr/bin/microblaze-xilinx-elf --libexecdir=/usr/local/oe-sdk-hardcoded-buildpath/sysroots/x86_64-oesdk-linux/usr/libexec/microblaze-xilinx-elf --datadir=/usr/local/oe-sdk-hardcoded-buildpath/sysroots/x86_64-oesdk-linux/usr/share --sysconfdir=/usr/local/oe-sdk-hardcoded-buildpath/sysroots/x86_64-oesdk-linux/etc --sharedstatedir=/usr/local/oe-sdk-hardcoded-buildpath/sysroots/x86_64-oesdk-linux/com --localstatedir=/usr/local/oe-sdk-hardcoded-buildpath/sysroots/x86_64-oesdk-linux/var --libdir=/usr/local/oe-sdk-hardcoded-buildpath/sysroots/x86_64-oesdk-linux/usr/lib/microblaze-xilinx-elf --includedir=/usr/local/oe-sdk-hardcoded-buildpath/sysroots/x86_64-oesdk-linux/usr/include --oldincludedir=/usr/local/oe-sdk-hardcoded-buildpath/sysroots/x86_64-oesdk-linux/usr/include --infodir=/usr/local/oe-sdk-hardcoded-buildpath/sysroots/x86_64-oesdk-linux/usr/share/info --mandir=/usr/local/oe-sdk-hardcoded-buildpath/sysroots/x86_64-oesdk-linux/usr/share/man --disable-silent-rules --disable-dependency-tracking --with-libtool-sysroot=/host --with-gnu-ld --enable-shared --enable-languages=c,c++,fortran --enable-threads=posix --enable-multilib --enable-c99 --enable-long-long --enable-libstdcxx-pch --program-prefix=microblaze-xilinx-elf- --without-local-prefix --disable-install-libiberty --disable-libssp --enable-libitm --enable-lto --disable-bootstrap --with-system-zlib --enable-linker-build-id --with-ppl=no --with-cloog=no --enable-checking=release --enable-cheaders=c_global --without-isl --with-gxx-include-dir=/not/exist/usr/include/c++/13.3.0 --with-build-time-tools=/host-native/usr/microblaze-xilinx-elf/bin --with-sysroot=/not/exist --with-build-sysroot=/host --with-plugin-ld=ld --enable-poison-system-directories --disable-static --enable-nls --with-glibc-version=2.28 --enable-initfini-array --enable-multilib --disable-initfini_array --disable-__cxa_atexit --disable-libstdcxx-pch --with-newlib --disable-threads --enable-plugins --with-gnu-as --disable-libitm --disable-tm-clone-registry --without-long-double-128 --with-sysroot=/not/exist
Thread model: single
Supported LTO compression algorithms: zlib zstd
gcc version 13.3.0 (GCC) 
COLLECT_GCC_OPTIONS='--sysroot=/home/smartscott/AMD/2025.2/Vitis/gnu/microblaze/lin/bin/../microblazeeb-xilinx-elf' '-mlittle-endian' '-m64' '-mxl-pattern-compare' '-mxl-frequency' '-mxl-soft-mul' '-mcpu=v11.0' '-D' 'SDT' '-MMD' '-MP' '-specs=/home/smartscott/NEW/tb3d/tb3d/microblaze_0/standalone_microblaze_0/bsp/Xilinx.spec' '-I' '/home/smartscott/NEW/tb3d/tb3d/microblaze_0/standalone_microblaze_0/bsp/include' '-v' '-o' 'CMakeFiles/cmTC_bbc7f.dir/CMakeCCompilerABI.c.obj' '-c' '-dumpdir' 'CMakeFiles/cmTC_bbc7f.dir/'
 /home/smartscott/AMD/2025.2/gnu/microblaze/lin/x86_64-oesdk-linux/usr/bin/microblaze-xilinx-elf/../../libexec/microblaze-xilinx-elf/gcc/microblaze-xilinx-elf/13.3.0/cc1 -quiet -v -I /home/smartscott/NEW/tb3d/tb3d/microblaze_0/standalone_microblaze_0/bsp/include -imultilib le/m64/p -iprefix /home/smartscott/AMD/2025.2/gnu/microblaze/lin/x86_64-oesdk-linux/usr/bin/microblaze-xilinx-elf/../../lib/microblaze-xilinx-elf/gcc/microblaze-xilinx-elf/13.3.0/ -isysroot /home/smartscott/AMD/2025.2/Vitis/gnu/microblaze/lin/bin/../microblazeeb-xilinx-elf -MMD CMakeFiles/cmTC_bbc7f.dir/CMakeCCompilerABI.c.d -MP -MQ CMakeFiles/cmTC_bbc7f.dir/CMakeCCompilerABI.c.obj -D SDT /home/smartscott/AMD/2025.2/tps/lnx64/cmake-3.24.2/share/cmake-3.24/Modules/CMakeCCompilerABI.c -quiet -dumpdir CMakeFiles/cmTC_bbc7f.dir/ -dumpbase CMakeCCompilerABI.c.c -dumpbase-ext .c -mlittle-endian -m64 -mxl-pattern-compare -mxl-frequency -mxl-soft-mul -mcpu=v11.0 -version -o /tmp/cchX17aW.s
GNU C17 (GCC) version 13.3.0 (microblaze-xilinx-elf)
	compiled by GNU C version 13.3.0, GMP version 6.3.0, MPFR version 4.2.1, MPC version 1.3.1, isl version none
GGC heuristics: --param ggc-min-expand=100 --param ggc-min-heapsize=131072
ignoring nonexistent directory "/home/smartscott/AMD/2025.2/gnu/microblaze/lin/x86_64-oesdk-linux/usr/bin/microblaze-xilinx-elf/../../lib/microblaze-xilinx-elf/gcc/microblaze-xilinx-elf/13.3.0/../../../../../microblaze-xilinx-elf/include"
ignoring duplicate directory "/home/smartscott/AMD/2025.2/gnu/microblaze/lin/x86_64-oesdk-linux/usr/bin/microblaze-xilinx-elf/../../lib/microblaze-xilinx-elf/gcc/../../../lib/microblaze-xilinx-elf/gcc/microblaze-xilinx-elf/13.3.0/include"
ignoring nonexistent directory "/home/smartscott/AMD/2025.2/Vitis/gnu/microblaze/lin/bin/../microblazeeb-xilinx-elf/usr/lib/microblaze-xilinx-elf/13.3.0/include"
ignoring nonexistent directory "/home/smartscott/AMD/2025.2/Vitis/gnu/microblaze/lin/bin/../microblazeeb-xilinx-elf/usr/local/include"
ignoring duplicate directory "/home/smartscott/AMD/2025.2/gnu/microblaze/lin/x86_64-oesdk-linux/usr/bin/microblaze-xilinx-elf/../../lib/microblaze-xilinx-elf/gcc/../../../lib/microblaze-xilinx-elf/gcc/microblaze-xilinx-elf/13.3.0/include-fixed"
ignoring nonexistent directory "/home/smartscott/AMD/2025.2/gnu/microblaze/lin/x86_64-oesdk-linux/usr/bin/microblaze-xilinx-elf/../../lib/microblaze-xilinx-elf/gcc/../../../lib/microblaze-xilinx-elf/gcc/microblaze-xilinx-elf/13.3.0/../../../../../microblaze-xilinx-elf/include"
#include "..." search starts here:
#include <...> search starts here:
 /home/smartscott/NEW/tb3d/tb3d/microblaze_0/standalone_microblaze_0/bsp/include
 /home/smartscott/AMD/2025.2/gnu/microblaze/lin/x86_64-oesdk-linux/usr/bin/microblaze-xilinx-elf/../../lib/microblaze-xilinx-elf/gcc/microblaze-xilinx-elf/13.3.0/include
 /home/smartscott/AMD/2025.2/gnu/microblaze/lin/x86_64-oesdk-linux/usr/bin/microblaze-xilinx-elf/../../lib/microblaze-xilinx-elf/gcc/microblaze-xilinx-elf/13.3.0/include-fixed
 /home/smartscott/AMD/2025.2/Vitis/gnu/microblaze/lin/bin/../microblazeeb-xilinx-elf/usr/include/
End of search list.
Compiler executable checksum: 93ce3c658c4f2a7dc189084b7f1162d9
COLLECT_GCC_OPTIONS='--sysroot=/home/smartscott/AMD/2025.2/Vitis/gnu/microblaze/lin/bin/../microblazeeb-xilinx-elf' '-mlittle-endian' '-m64' '-mxl-pattern-compare' '-mxl-frequency' '-mxl-soft-mul' '-mcpu=v11.0' '-D' 'SDT' '-MMD' '-MP' '-specs=/home/smartscott/NEW/tb3d/tb3d/microblaze_0/standalone_microblaze_0/bsp/Xilinx.spec' '-I' '/home/smartscott/NEW/tb3d/tb3d/microblaze_0/standalone_microblaze_0/bsp/include' '-v' '-o' 'CMakeFiles/cmTC_bbc7f.dir/CMakeCCompilerABI.c.obj' '-c' '-dumpdir' 'CMakeFiles/cmTC_bbc7f.dir/'
 /home/smartscott/AMD/2025.2/gnu/microblaze/lin/x86_64-oesdk-linux/usr/bin/microblaze-xilinx-elf/../../libexec/microblaze-xilinx-elf/gcc/microblaze-xilinx-elf/13.3.0/as -v -I /home/smartscott/NEW/tb3d/tb3d/microblaze_0/standalone_microblaze_0/bsp/include -m64 -EL -o CMakeFiles/cmTC_bbc7f.dir/CMakeCCompilerABI.c.obj /tmp/cchX17aW.s
GNU assembler version 2.42.0 (microblaze-xilinx-elf) using BFD version (GNU Binutils) 2.42.0.20240723
COMPILER_PATH=/home/smartscott/AMD/2025.2/gnu/microblaze/lin/x86_64-oesdk-linux/usr/bin/microblaze-xilinx-elf/../../libexec/microblaze-xilinx-elf/gcc/microblaze-xilinx-elf/13.3.0/:/home/smartscott/AMD/2025.2/gnu/microblaze/lin/x86_64-oesdk-linux/usr/bin/microblaze-xilinx-elf/../../libexec/microblaze-xilinx-elf/gcc/
LIBRARY_PATH=/home/smartscott/AMD/2025.2/Vitis/gnu/microblaze/lin/bin/../microblazeeb-xilinx-elf/usr/lib/le/m64/p/:/home/smartscott/AMD/2025.2/gnu/microblaze/lin/x86_64-oesdk-linux/usr/bin/microblaze-xilinx-elf/../../lib/microblaze-xilinx-elf/gcc/microblaze-xilinx-elf/13.3.0/:/home/smartscott/AMD/2025.2/gnu/microblaze/lin/x86_64-oesdk-linux/usr/bin/microblaze-xilinx-elf/../../lib/microblaze-xilinx-elf/gcc/:/home/smartscott/AMD/2025.2/Vitis/gnu/microblaze/lin/bin/../microblazeeb-xilinx-elf/usr/lib/microblaze-xilinx-elf/13.3.0/:/home/smartscott/AMD/2025.2/Vitis/gnu/microblaze/lin/bin/../microblazeeb-xilinx-elf/usr/lib/
COLLECT_GCC_OPTIONS='--sysroot=/home/smartscott/AMD/2025.2/Vitis/gnu/microblaze/lin/bin/../microblazeeb-xilinx-elf' '-mlittle-endian' '-m64' '-mxl-pattern-compare' '-mxl-frequency' '-mxl-soft-mul' '-mcpu=v11.0' '-D' 'SDT' '-MMD' '-MP' '-specs=/home/smartscott/NEW/tb3d/tb3d/microblaze_0/standalone_microblaze_0/bsp/Xilinx.spec' '-I' '/home/smartscott/NEW/tb3d/tb3d/microblaze_0/standalone_microblaze_0/bsp/include' '-v' '-o' 'CMakeFiles/cmTC_bbc7f.dir/CMakeCCompilerABI.c.obj' '-c' '-dumpdir' 'CMakeFiles/cmTC_bbc7f.dir/CMakeCCompilerABI.c.'
[2/2] Linking C static library libcmTC_bbc7f.a



Parsed C implicit include dir info from above output: rv=done
  found start of include info
  found start of implicit include info
    add: [/home/smartscott/NEW/tb3d/tb3d/microblaze_0/standalone_microblaze_0/bsp/include]
    add: [/home/smartscott/AMD/2025.2/gnu/microblaze/lin/x86_64-oesdk-linux/usr/bin/microblaze-xilinx-elf/../../lib/microblaze-xilinx-elf/gcc/microblaze-xilinx-elf/13.3.0/include]
    add: [/home/smartscott/AMD/2025.2/gnu/microblaze/lin/x86_64-oesdk-linux/usr/bin/microblaze-xilinx-elf/../../lib/microblaze-xilinx-elf/gcc/microblaze-xilinx-elf/13.3.0/include-fixed]
    add: [/home/smartscott/AMD/2025.2/Vitis/gnu/microblaze/lin/bin/../microblazeeb-xilinx-elf/usr/include/]
  end of search list found
  collapse include dir [/home/smartscott/NEW/tb3d/tb3d/microblaze_0/standalone_microblaze_0/bsp/include] ==> [/home/smartscott/NEW/tb3d/tb3d/microblaze_0/standalone_microblaze_0/bsp/include]
  collapse include dir [/home/smartscott/AMD/2025.2/gnu/microblaze/lin/x86_64-oesdk-linux/usr/bin/microblaze-xilinx-elf/../../lib/microblaze-xilinx-elf/gcc/microblaze-xilinx-elf/13.3.0/include] ==> [/home/smartscott/AMD/2025.2/gnu/microblaze/lin/x86_64-oesdk-linux/usr/lib/microblaze-xilinx-elf/gcc/microblaze-xilinx-elf/13.3.0/include]
  collapse include dir [/home/smartscott/AMD/2025.2/gnu/microblaze/lin/x86_64-oesdk-linux/usr/bin/microblaze-xilinx-elf/../../lib/microblaze-xilinx-elf/gcc/microblaze-xilinx-elf/13.3.0/include-fixed] ==> [/home/smartscott/AMD/2025.2/gnu/microblaze/lin/x86_64-oesdk-linux/usr/lib/microblaze-xilinx-elf/gcc/microblaze-xilinx-elf/13.3.0/include-fixed]
  collapse include dir [/home/smartscott/AMD/2025.2/Vitis/gnu/microblaze/lin/bin/../microblazeeb-xilinx-elf/usr/include/] ==> [/home/smartscott/AMD/2025.2/Vitis/gnu/microblaze/lin/microblazeeb-xilinx-elf/usr/include]
  implicit include dirs: [/home/smartscott/NEW/tb3d/tb3d/microblaze_0/standalone_microblaze_0/bsp/include;/home/smartscott/AMD/2025.2/gnu/microblaze/lin/x86_64-oesdk-linux/usr/lib/microblaze-xilinx-elf/gcc/microblaze-xilinx-elf/13.3.0/include;/home/smartscott/AMD/2025.2/gnu/microblaze/lin/x86_64-oesdk-linux/usr/lib/microblaze-xilinx-elf/gcc/microblaze-xilinx-elf/13.3.0/include-fixed;/home/smartscott/AMD/2025.2/Vitis/gnu/microblaze/lin/microblazeeb-xilinx-elf/usr/include]


Parsed C implicit link information from above output:
  link line regex: [^( *|.*[/\])(mb-ld|CMAKE_LINK_STARTFILE-NOTFOUND|([^/\]+-)?ld|collect2)[^/\]*( |$)]
  ignore line: [Change Dir: /home/smartscott/NEW/tb3d/tb3d/microblaze_0/standalone_microblaze_0/bsp/libsrc/build_configs/gen_bsp/CMakeFiles/CMakeTmp]
  ignore line: []
  ignore line: [Run Build Command(s):/home/smartscott/AMD/2025.2/Vitis/bin/ninja cmTC_bbc7f && [1/2] Building C object CMakeFiles/cmTC_bbc7f.dir/CMakeCCompilerABI.c.obj]
  ignore line: [Using built-in specs.]
  ignore line: [Reading specs from /home/smartscott/NEW/tb3d/tb3d/microblaze_0/standalone_microblaze_0/bsp/Xilinx.spec]
  ignore line: [COLLECT_GCC=/home/smartscott/AMD/2025.2/Vitis/gnu/microblaze/lin/bin/../x86_64-oesdk-linux/usr/bin/microblaze-xilinx-elf/microblaze-xilinx-elf-gcc.real]
  ignore line: [Target: microblaze-xilinx-elf]
  ignore line: [Configured with: ../../../../../../work-shared/gcc-13.3.0-r0/gcc-13.3.0/configure --build=x86_64-linux --host=x86_64-oesdk-linux --target=microblaze-xilinx-elf --prefix=/usr/local/oe-sdk-hardcoded-buildpath/sysroots/x86_64-oesdk-linux/usr --exec_prefix=/usr/local/oe-sdk-hardcoded-buildpath/sysroots/x86_64-oesdk-linux/usr --bindir=/usr/local/oe-sdk-hardcoded-buildpath/sysroots/x86_64-oesdk-linux/usr/bin/microblaze-xilinx-elf --sbindir=/usr/local/oe-sdk-hardcoded-buildpath/sysroots/x86_64-oesdk-linux/usr/bin/microblaze-xilinx-elf --libexecdir=/usr/local/oe-sdk-hardcoded-buildpath/sysroots/x86_64-oesdk-linux/usr/libexec/microblaze-xilinx-elf --datadir=/usr/local/oe-sdk-hardcoded-buildpath/sysroots/x86_64-oesdk-linux/usr/share --sysconfdir=/usr/local/oe-sdk-hardcoded-buildpath/sysroots/x86_64-oesdk-linux/etc --sharedstatedir=/usr/local/oe-sdk-hardcoded-buildpath/sysroots/x86_64-oesdk-linux/com --localstatedir=/usr/local/oe-sdk-hardcoded-buildpath/sysroots/x86_64-oesdk-linux/var --libdir=/usr/local/oe-sdk-hardcoded-buildpath/sysroots/x86_64-oesdk-linux/usr/lib/microblaze-xilinx-elf --includedir=/usr/local/oe-sdk-hardcoded-buildpath/sysroots/x86_64-oesdk-linux/usr/include --oldincludedir=/usr/local/oe-sdk-hardcoded-buildpath/sysroots/x86_64-oesdk-linux/usr/include --infodir=/usr/local/oe-sdk-hardcoded-buildpath/sysroots/x86_64-oesdk-linux/usr/share/info --mandir=/usr/local/oe-sdk-hardcoded-buildpath/sysroots/x86_64-oesdk-linux/usr/share/man --disable-silent-rules --disable-dependency-tracking --with-libtool-sysroot=/host --with-gnu-ld --enable-shared --enable-languages=c,c++,fortran --enable-threads=posix --enable-multilib --enable-c99 --enable-long-long --enable-libstdcxx-pch --program-prefix=microblaze-xilinx-elf- --without-local-prefix --disable-install-libiberty --disable-libssp --enable-libitm --enable-lto --disable-bootstrap --with-system-zlib --enable-linker-build-id --with-ppl=no --with-cloog=no --enable-checking=release --enable-cheaders=c_global --without-isl --with-gxx-include-dir=/not/exist/usr/include/c++/13.3.0 --with-build-time-tools=/host-native/usr/microblaze-xilinx-elf/bin --with-sysroot=/not/exist --with-build-sysroot=/host --with-plugin-ld=ld --enable-poison-system-directories --disable-static --enable-nls --with-glibc-version=2.28 --enable-initfini-array --enable-multilib --disable-initfini_array --disable-__cxa_atexit --disable-libstdcxx-pch --with-newlib --disable-threads --enable-plugins --with-gnu-as --disable-libitm --disable-tm-clone-registry --without-long-double-128 --with-sysroot=/not/exist]
  ignore line: [Thread model: single]
  ignore line: [Supported LTO compression algorithms: zlib zstd]
  ignore line: [gcc version 13.3.0 (GCC) ]
  ignore line: [COLLECT_GCC_OPTIONS='--sysroot=/home/smartscott/AMD/2025.2/Vitis/gnu/microblaze/lin/bin/../microblazeeb-xilinx-elf' '-mlittle-endian' '-m64' '-mxl-pattern-compare' '-mxl-frequency' '-mxl-soft-mul' '-mcpu=v11.0' '-D' 'SDT' '-MMD' '-MP' '-specs=/home/smartscott/NEW/tb3d/tb3d/microblaze_0/standalone_microblaze_0/bsp/Xilinx.spec' '-I' '/home/smartscott/NEW/tb3d/tb3d/microblaze_0/standalone_microblaze_0/bsp/include' '-v' '-o' 'CMakeFiles/cmTC_bbc7f.dir/CMakeCCompilerABI.c.obj' '-c' '-dumpdir' 'CMakeFiles/cmTC_bbc7f.dir/']
  ignore line: [ /home/smartscott/AMD/2025.2/gnu/microblaze/lin/x86_64-oesdk-linux/usr/bin/microblaze-xilinx-elf/../../libexec/microblaze-xilinx-elf/gcc/microblaze-xilinx-elf/13.3.0/cc1 -quiet -v -I /home/smartscott/NEW/tb3d/tb3d/microblaze_0/standalone_microblaze_0/bsp/include -imultilib le/m64/p -iprefix /home/smartscott/AMD/2025.2/gnu/microblaze/lin/x86_64-oesdk-linux/usr/bin/microblaze-xilinx-elf/../../lib/microblaze-xilinx-elf/gcc/microblaze-xilinx-elf/13.3.0/ -isysroot /home/smartscott/AMD/2025.2/Vitis/gnu/microblaze/lin/bin/../microblazeeb-xilinx-elf -MMD CMakeFiles/cmTC_bbc7f.dir/CMakeCCompilerABI.c.d -MP -MQ CMakeFiles/cmTC_bbc7f.dir/CMakeCCompilerABI.c.obj -D SDT /home/smartscott/AMD/2025.2/tps/lnx64/cmake-3.24.2/share/cmake-3.24/Modules/CMakeCCompilerABI.c -quiet -dumpdir CMakeFiles/cmTC_bbc7f.dir/ -dumpbase CMakeCCompilerABI.c.c -dumpbase-ext .c -mlittle-endian -m64 -mxl-pattern-compare -mxl-frequency -mxl-soft-mul -mcpu=v11.0 -version -o /tmp/cchX17aW.s]
  ignore line: [GNU C17 (GCC) version 13.3.0 (microblaze-xilinx-elf)]
  ignore line: [	compiled by GNU C version 13.3.0  GMP version 6.3.0  MPFR version 4.2.1  MPC version 1.3.1  isl version none]
  ignore line: [GGC heuristics: --param ggc-min-expand=100 --param ggc-min-heapsize=131072]
  ignore line: [ignoring nonexistent directory "/home/smartscott/AMD/2025.2/gnu/microblaze/lin/x86_64-oesdk-linux/usr/bin/microblaze-xilinx-elf/../../lib/microblaze-xilinx-elf/gcc/microblaze-xilinx-elf/13.3.0/../../../../../microblaze-xilinx-elf/include"]
  ignore line: [ignoring duplicate directory "/home/smartscott/AMD/2025.2/gnu/microblaze/lin/x86_64-oesdk-linux/usr/bin/microblaze-xilinx-elf/../../lib/microblaze-xilinx-elf/gcc/../../../lib/microblaze-xilinx-elf/gcc/microblaze-xilinx-elf/13.3.0/include"]
  ignore line: [ignoring nonexistent directory "/home/smartscott/AMD/2025.2/Vitis/gnu/microblaze/lin/bin/../microblazeeb-xilinx-elf/usr/lib/microblaze-xilinx-elf/13.3.0/include"]
  ignore line: [ignoring nonexistent directory "/home/smartscott/AMD/2025.2/Vitis/gnu/microblaze/lin/bin/../microblazeeb-xilinx-elf/usr/local/include"]
  ignore line: [ignoring duplicate directory "/home/smartscott/AMD/2025.2/gnu/microblaze/lin/x86_64-oesdk-linux/usr/bin/microblaze-xilinx-elf/../../lib/microblaze-xilinx-elf/gcc/../../../lib/microblaze-xilinx-elf/gcc/microblaze-xilinx-elf/13.3.0/include-fixed"]
  ignore line: [ignoring nonexistent directory "/home/smartscott/AMD/2025.2/gnu/microblaze/lin/x86_64-oesdk-linux/usr/bin/microblaze-xilinx-elf/../../lib/microblaze-xilinx-elf/gcc/../../../lib/microblaze-xilinx-elf/gcc/microblaze-xilinx-elf/13.3.0/../../../../../microblaze-xilinx-elf/include"]
  ignore line: [#include "..." search starts here:]
  ignore line: [#include <...> search starts here:]
  ignore line: [ /home/smartscott/NEW/tb3d/tb3d/microblaze_0/standalone_microblaze_0/bsp/include]
  ignore line: [ /home/smartscott/AMD/2025.2/gnu/microblaze/lin/x86_64-oesdk-linux/usr/bin/microblaze-xilinx-elf/../../lib/microblaze-xilinx-elf/gcc/microblaze-xilinx-elf/13.3.0/include]
  ignore line: [ /home/smartscott/AMD/2025.2/gnu/microblaze/lin/x86_64-oesdk-linux/usr/bin/microblaze-xilinx-elf/../../lib/microblaze-xilinx-elf/gcc/microblaze-xilinx-elf/13.3.0/include-fixed]
  ignore line: [ /home/smartscott/AMD/2025.2/Vitis/gnu/microblaze/lin/bin/../microblazeeb-xilinx-elf/usr/include/]
  ignore line: [End of search list.]
  ignore line: [Compiler executable checksum: 93ce3c658c4f2a7dc189084b7f1162d9]
  ignore line: [COLLECT_GCC_OPTIONS='--sysroot=/home/smartscott/AMD/2025.2/Vitis/gnu/microblaze/lin/bin/../microblazeeb-xilinx-elf' '-mlittle-endian' '-m64' '-mxl-pattern-compare' '-mxl-frequency' '-mxl-soft-mul' '-mcpu=v11.0' '-D' 'SDT' '-MMD' '-MP' '-specs=/home/smartscott/NEW/tb3d/tb3d/microblaze_0/standalone_microblaze_0/bsp/Xilinx.spec' '-I' '/home/smartscott/NEW/tb3d/tb3d/microblaze_0/standalone_microblaze_0/bsp/include' '-v' '-o' 'CMakeFiles/cmTC_bbc7f.dir/CMakeCCompilerABI.c.obj' '-c' '-dumpdir' 'CMakeFiles/cmTC_bbc7f.dir/']
  ignore line: [ /home/smartscott/AMD/2025.2/gnu/microblaze/lin/x86_64-oesdk-linux/usr/bin/microblaze-xilinx-elf/../../libexec/microblaze-xilinx-elf/gcc/microblaze-xilinx-elf/13.3.0/as -v -I /home/smartscott/NEW/tb3d/tb3d/microblaze_0/standalone_microblaze_0/bsp/include -m64 -EL -o CMakeFiles/cmTC_bbc7f.dir/CMakeCCompilerABI.c.obj /tmp/cchX17aW.s]
  ignore line: [GNU assembler version 2.42.0 (microblaze-xilinx-elf) using BFD version (GNU Binutils) 2.42.0.20240723]
  ignore line: [COMPILER_PATH=/home/smartscott/AMD/2025.2/gnu/microblaze/lin/x86_64-oesdk-linux/usr/bin/microblaze-xilinx-elf/../../libexec/microblaze-xilinx-elf/gcc/microblaze-xilinx-elf/13.3.0/:/home/smartscott/AMD/2025.2/gnu/microblaze/lin/x86_64-oesdk-linux/usr/bin/microblaze-xilinx-elf/../../libexec/microblaze-xilinx-elf/gcc/]
  ignore line: [LIBRARY_PATH=/home/smartscott/AMD/2025.2/Vitis/gnu/microblaze/lin/bin/../microblazeeb-xilinx-elf/usr/lib/le/m64/p/:/home/smartscott/AMD/2025.2/gnu/microblaze/lin/x86_64-oesdk-linux/usr/bin/microblaze-xilinx-elf/../../lib/microblaze-xilinx-elf/gcc/microblaze-xilinx-elf/13.3.0/:/home/smartscott/AMD/2025.2/gnu/microblaze/lin/x86_64-oesdk-linux/usr/bin/microblaze-xilinx-elf/../../lib/microblaze-xilinx-elf/gcc/:/home/smartscott/AMD/2025.2/Vitis/gnu/microblaze/lin/bin/../microblazeeb-xilinx-elf/usr/lib/microblaze-xilinx-elf/13.3.0/:/home/smartscott/AMD/2025.2/Vitis/gnu/microblaze/lin/bin/../microblazeeb-xilinx-elf/usr/lib/]
  ignore line: [COLLECT_GCC_OPTIONS='--sysroot=/home/smartscott/AMD/2025.2/Vitis/gnu/microblaze/lin/bin/../microblazeeb-xilinx-elf' '-mlittle-endian' '-m64' '-mxl-pattern-compare' '-mxl-frequency' '-mxl-soft-mul' '-mcpu=v11.0' '-D' 'SDT' '-MMD' '-MP' '-specs=/home/smartscott/NEW/tb3d/tb3d/microblaze_0/standalone_microblaze_0/bsp/Xilinx.spec' '-I' '/home/smartscott/NEW/tb3d/tb3d/microblaze_0/standalone_microblaze_0/bsp/include' '-v' '-o' 'CMakeFiles/cmTC_bbc7f.dir/CMakeCCompilerABI.c.obj' '-c' '-dumpdir' 'CMakeFiles/cmTC_bbc7f.dir/CMakeCCompilerABI.c.']
  ignore line: [[2/2] Linking C static library libcmTC_bbc7f.a]
  ignore line: []
  ignore line: []
  implicit libs: []
  implicit objs: []
  implicit dirs: []
  implicit fwks: []


Detecting CXX compiler ABI info compiled with the following output:
Change Dir: /home/smartscott/NEW/tb3d/tb3d/microblaze_0/standalone_microblaze_0/bsp/libsrc/build_configs/gen_bsp/CMakeFiles/CMakeTmp

Run Build Command(s):/home/smartscott/AMD/2025.2/Vitis/bin/ninja cmTC_44dad && [1/2] Building CXX object CMakeFiles/cmTC_44dad.dir/CMakeCXXCompilerABI.cpp.obj
Using built-in specs.
Reading specs from /home/smartscott/NEW/tb3d/tb3d/microblaze_0/standalone_microblaze_0/bsp/Xilinx.spec
COLLECT_GCC=/home/smartscott/AMD/2025.2/Vitis/gnu/microblaze/lin/bin/../x86_64-oesdk-linux/usr/bin/microblaze-xilinx-elf/microblaze-xilinx-elf-g++.real
Target: microblaze-xilinx-elf
Configured with: ../../../../../../work-shared/gcc-13.3.0-r0/gcc-13.3.0/configure --build=x86_64-linux --host=x86_64-oesdk-linux --target=microblaze-xilinx-elf --prefix=/usr/local/oe-sdk-hardcoded-buildpath/sysroots/x86_64-oesdk-linux/usr --exec_prefix=/usr/local/oe-sdk-hardcoded-buildpath/sysroots/x86_64-oesdk-linux/usr --bindir=/usr/local/oe-sdk-hardcoded-buildpath/sysroots/x86_64-oesdk-linux/usr/bin/microblaze-xilinx-elf --sbindir=/usr/local/oe-sdk-hardcoded-buildpath/sysroots/x86_64-oesdk-linux/usr/bin/microblaze-xilinx-elf --libexecdir=/usr/local/oe-sdk-hardcoded-buildpath/sysroots/x86_64-oesdk-linux/usr/libexec/microblaze-xilinx-elf --datadir=/usr/local/oe-sdk-hardcoded-buildpath/sysroots/x86_64-oesdk-linux/usr/share --sysconfdir=/usr/local/oe-sdk-hardcoded-buildpath/sysroots/x86_64-oesdk-linux/etc --sharedstatedir=/usr/local/oe-sdk-hardcoded-buildpath/sysroots/x86_64-oesdk-linux/com --localstatedir=/usr/local/oe-sdk-hardcoded-buildpath/sysroots/x86_64-oesdk-linux/var --libdir=/usr/local/oe-sdk-hardcoded-buildpath/sysroots/x86_64-oesdk-linux/usr/lib/microblaze-xilinx-elf --includedir=/usr/local/oe-sdk-hardcoded-buildpath/sysroots/x86_64-oesdk-linux/usr/include --oldincludedir=/usr/local/oe-sdk-hardcoded-buildpath/sysroots/x86_64-oesdk-linux/usr/include --infodir=/usr/local/oe-sdk-hardcoded-buildpath/sysroots/x86_64-oesdk-linux/usr/share/info --mandir=/usr/local/oe-sdk-hardcoded-buildpath/sysroots/x86_64-oesdk-linux/usr/share/man --disable-silent-rules --disable-dependency-tracking --with-libtool-sysroot=/host --with-gnu-ld --enable-shared --enable-languages=c,c++,fortran --enable-threads=posix --enable-multilib --enable-c99 --enable-long-long --enable-libstdcxx-pch --program-prefix=microblaze-xilinx-elf- --without-local-prefix --disable-install-libiberty --disable-libssp --enable-libitm --enable-lto --disable-bootstrap --with-system-zlib --enable-linker-build-id --with-ppl=no --with-cloog=no --enable-checking=release --enable-cheaders=c_global --without-isl --with-gxx-include-dir=/not/exist/usr/include/c++/13.3.0 --with-build-time-tools=/host-native/usr/microblaze-xilinx-elf/bin --with-sysroot=/not/exist --with-build-sysroot=/host --with-plugin-ld=ld --enable-poison-system-directories --disable-static --enable-nls --with-glibc-version=2.28 --enable-initfini-array --enable-multilib --disable-initfini_array --disable-__cxa_atexit --disable-libstdcxx-pch --with-newlib --disable-threads --enable-plugins --with-gnu-as --disable-libitm --disable-tm-clone-registry --without-long-double-128 --with-sysroot=/not/exist
Thread model: single
Supported LTO compression algorithms: zlib zstd
gcc version 13.3.0 (GCC) 
COLLECT_GCC_OPTIONS='--sysroot=/home/smartscott/AMD/2025.2/Vitis/gnu/microblaze/lin/bin/../microblazeeb-xilinx-elf' '-mlittle-endian' '-m64' '-mxl-pattern-compare' '-mxl-frequency' '-mxl-soft-mul' '-mcpu=v11.0' '-D' 'SDT' '-MMD' '-MP' '-specs=/home/smartscott/NEW/tb3d/tb3d/microblaze_0/standalone_microblaze_0/bsp/Xilinx.spec' '-I' '/home/smartscott/NEW/tb3d/tb3d/microblaze_0/standalone_microblaze_0/bsp/include' '-v' '-o' 'CMakeFiles/cmTC_44dad.dir/CMakeCXXCompilerABI.cpp.obj' '-c' '-dumpdir' 'CMakeFiles/cmTC_44dad.dir/'
 /home/smartscott/AMD/2025.2/gnu/microblaze/lin/x86_64-oesdk-linux/usr/bin/microblaze-xilinx-elf/../../libexec/microblaze-xilinx-elf/gcc/microblaze-xilinx-elf/13.3.0/cc1plus -quiet -v -I /home/smartscott/NEW/tb3d/tb3d/microblaze_0/standalone_microblaze_0/bsp/include -imultilib le/m64/p -iprefix /home/smartscott/AMD/2025.2/gnu/microblaze/lin/x86_64-oesdk-linux/usr/bin/microblaze-xilinx-elf/../../lib/microblaze-xilinx-elf/gcc/microblaze-xilinx-elf/13.3.0/ -isysroot /home/smartscott/AMD/2025.2/Vitis/gnu/microblaze/lin/bin/../microblazeeb-xilinx-elf -MMD CMakeFiles/cmTC_44dad.dir/CMakeCXXCompilerABI.cpp.d -MP -MQ CMakeFiles/cmTC_44dad.dir/CMakeCXXCompilerABI.cpp.obj -D SDT /home/smartscott/AMD/2025.2/tps/lnx64/cmake-3.24.2/share/cmake-3.24/Modules/CMakeCXXCompilerABI.cpp -quiet -dumpdir CMakeFiles/cmTC_44dad.dir/ -dumpbase CMakeCXXCompilerABI.cpp.cpp -dumpbase-ext .cpp -mlittle-endian -m64 -mxl-pattern-compare -mxl-frequency -mxl-soft-mul -mcpu=v11.0 -version -o /tmp/ccGXG2lN.s
GNU C++17 (GCC) version 13.3.0 (microblaze-xilinx-elf)
	compiled by GNU C version 13.3.0, GMP version 6.3.0, MPFR version 4.2.1, MPC version 1.3.1, isl version none
GGC heuristics: --param ggc-min-expand=100 --param ggc-min-heapsize=131072
ignoring nonexistent directory "/home/smartscott/AMD/2025.2/gnu/microblaze/lin/x86_64-oesdk-linux/usr/bin/microblaze-xilinx-elf/../../lib/microblaze-xilinx-elf/gcc/microblaze-xilinx-elf/13.3.0/../../../../../microblaze-xilinx-elf/include"
ignoring duplicate directory "/home/smartscott/AMD/2025.2/gnu/microblaze/lin/x86_64-oesdk-linux/usr/bin/microblaze-xilinx-elf/../../lib/microblaze-xilinx-elf/gcc/../../../lib/microblaze-xilinx-elf/gcc/microblaze-xilinx-elf/13.3.0/include"
ignoring nonexistent directory "/home/smartscott/AMD/2025.2/Vitis/gnu/microblaze/lin/bin/../microblazeeb-xilinx-elf/usr/lib/microblaze-xilinx-elf/13.3.0/include"
ignoring nonexistent directory "/home/smartscott/AMD/2025.2/Vitis/gnu/microblaze/lin/bin/../microblazeeb-xilinx-elf/usr/local/include"
ignoring duplicate directory "/home/smartscott/AMD/2025.2/gnu/microblaze/lin/x86_64-oesdk-linux/usr/bin/microblaze-xilinx-elf/../../lib/microblaze-xilinx-elf/gcc/../../../lib/microblaze-xilinx-elf/gcc/microblaze-xilinx-elf/13.3.0/include-fixed"
ignoring nonexistent directory "/home/smartscott/AMD/2025.2/gnu/microblaze/lin/x86_64-oesdk-linux/usr/bin/microblaze-xilinx-elf/../../lib/microblaze-xilinx-elf/gcc/../../../lib/microblaze-xilinx-elf/gcc/microblaze-xilinx-elf/13.3.0/../../../../../microblaze-xilinx-elf/include"
#include "..." search starts here:
#include <...> search starts here:
 /home/smartscott/NEW/tb3d/tb3d/microblaze_0/standalone_microblaze_0/bsp/include
 /home/smartscott/AMD/2025.2/gnu/microblaze/lin/x86_64-oesdk-linux/usr/bin/microblaze-xilinx-elf/../../lib/microblaze-xilinx-elf/gcc/microblaze-xilinx-elf/13.3.0/include
 /home/smartscott/AMD/2025.2/gnu/microblaze/lin/x86_64-oesdk-linux/usr/bin/microblaze-xilinx-elf/../../lib/microblaze-xilinx-elf/gcc/microblaze-xilinx-elf/13.3.0/include-fixed
 /home/smartscott/AMD/2025.2/Vitis/gnu/microblaze/lin/bin/../microblazeeb-xilinx-elf/usr/include/c++/13.3.0
 /home/smartscott/AMD/2025.2/Vitis/gnu/microblaze/lin/bin/../microblazeeb-xilinx-elf/usr/include/c++/13.3.0/microblaze-xilinx-elf/le/m64/p
 /home/smartscott/AMD/2025.2/Vitis/gnu/microblaze/lin/bin/../microblazeeb-xilinx-elf/usr/include/c++/13.3.0/backward
 /home/smartscott/AMD/2025.2/Vitis/gnu/microblaze/lin/bin/../microblazeeb-xilinx-elf/usr/include/
End of search list.
Compiler executable checksum: 5ee332ca6c15a39532a83f3839ef2841
COLLECT_GCC_OPTIONS='--sysroot=/home/smartscott/AMD/2025.2/Vitis/gnu/microblaze/lin/bin/../microblazeeb-xilinx-elf' '-mlittle-endian' '-m64' '-mxl-pattern-compare' '-mxl-frequency' '-mxl-soft-mul' '-mcpu=v11.0' '-D' 'SDT' '-MMD' '-MP' '-specs=/home/smartscott/NEW/tb3d/tb3d/microblaze_0/standalone_microblaze_0/bsp/Xilinx.spec' '-I' '/home/smartscott/NEW/tb3d/tb3d/microblaze_0/standalone_microblaze_0/bsp/include' '-v' '-o' 'CMakeFiles/cmTC_44dad.dir/CMakeCXXCompilerABI.cpp.obj' '-c' '-dumpdir' 'CMakeFiles/cmTC_44dad.dir/'
 /home/smartscott/AMD/2025.2/gnu/microblaze/lin/x86_64-oesdk-linux/usr/bin/microblaze-xilinx-elf/../../libexec/microblaze-xilinx-elf/gcc/microblaze-xilinx-elf/13.3.0/as -v -I /home/smartscott/NEW/tb3d/tb3d/microblaze_0/standalone_microblaze_0/bsp/include -m64 -EL -o CMakeFiles/cmTC_44dad.dir/CMakeCXXCompilerABI.cpp.obj /tmp/ccGXG2lN.s
GNU assembler version 2.42.0 (microblaze-xilinx-elf) using BFD version (GNU Binutils) 2.42.0.20240723
COMPILER_PATH=/home/smartscott/AMD/2025.2/gnu/microblaze/lin/x86_64-oesdk-linux/usr/bin/microblaze-xilinx-elf/../../libexec/microblaze-xilinx-elf/gcc/microblaze-xilinx-elf/13.3.0/:/home/smartscott/AMD/2025.2/gnu/microblaze/lin/x86_64-oesdk-linux/usr/bin/microblaze-xilinx-elf/../../libexec/microblaze-xilinx-elf/gcc/
LIBRARY_PATH=/home/smartscott/AMD/2025.2/Vitis/gnu/microblaze/lin/bin/../microblazeeb-xilinx-elf/usr/lib/le/m64/p/:/home/smartscott/AMD/2025.2/gnu/microblaze/lin/x86_64-oesdk-linux/usr/bin/microblaze-xilinx-elf/../../lib/microblaze-xilinx-elf/gcc/microblaze-xilinx-elf/13.3.0/:/home/smartscott/AMD/2025.2/gnu/microblaze/lin/x86_64-oesdk-linux/usr/bin/microblaze-xilinx-elf/../../lib/microblaze-xilinx-elf/gcc/:/home/smartscott/AMD/2025.2/Vitis/gnu/microblaze/lin/bin/../microblazeeb-xilinx-elf/usr/lib/microblaze-xilinx-elf/13.3.0/:/home/smartscott/AMD/2025.2/Vitis/gnu/microblaze/lin/bin/../microblazeeb-xilinx-elf/usr/lib/
COLLECT_GCC_OPTIONS='--sysroot=/home/smartscott/AMD/2025.2/Vitis/gnu/microblaze/lin/bin/../microblazeeb-xilinx-elf' '-mlittle-endian' '-m64' '-mxl-pattern-compare' '-mxl-frequency' '-mxl-soft-mul' '-mcpu=v11.0' '-D' 'SDT' '-MMD' '-MP' '-specs=/home/smartscott/NEW/tb3d/tb3d/microblaze_0/standalone_microblaze_0/bsp/Xilinx.spec' '-I' '/home/smartscott/NEW/tb3d/tb3d/microblaze_0/standalone_microblaze_0/bsp/include' '-v' '-o' 'CMakeFiles/cmTC_44dad.dir/CMakeCXXCompilerABI.cpp.obj' '-c' '-dumpdir' 'CMakeFiles/cmTC_44dad.dir/CMakeCXXCompilerABI.cpp.'
[2/2] Linking CXX static library libcmTC_44dad.a



Parsed CXX implicit include dir info from above output: rv=done
  found start of include info
  found start of implicit include info
    add: [/home/smartscott/NEW/tb3d/tb3d/microblaze_0/standalone_microblaze_0/bsp/include]
    add: [/home/smartscott/AMD/2025.2/gnu/microblaze/lin/x86_64-oesdk-linux/usr/bin/microblaze-xilinx-elf/../../lib/microblaze-xilinx-elf/gcc/microblaze-xilinx-elf/13.3.0/include]
    add: [/home/smartscott/AMD/2025.2/gnu/microblaze/lin/x86_64-oesdk-linux/usr/bin/microblaze-xilinx-elf/../../lib/microblaze-xilinx-elf/gcc/microblaze-xilinx-elf/13.3.0/include-fixed]
    add: [/home/smartscott/AMD/2025.2/Vitis/gnu/microblaze/lin/bin/../microblazeeb-xilinx-elf/usr/include/c++/13.3.0]
    add: [/home/smartscott/AMD/2025.2/Vitis/gnu/microblaze/lin/bin/../microblazeeb-xilinx-elf/usr/include/c++/13.3.0/microblaze-xilinx-elf/le/m64/p]
    add: [/home/smartscott/AMD/2025.2/Vitis/gnu/microblaze/lin/bin/../microblazeeb-xilinx-elf/usr/include/c++/13.3.0/backward]
    add: [/home/smartscott/AMD/2025.2/Vitis/gnu/microblaze/lin/bin/../microblazeeb-xilinx-elf/usr/include/]
  end of search list found
  collapse include dir [/home/smartscott/NEW/tb3d/tb3d/microblaze_0/standalone_microblaze_0/bsp/include] ==> [/home/smartscott/NEW/tb3d/tb3d/microblaze_0/standalone_microblaze_0/bsp/include]
  collapse include dir [/home/smartscott/AMD/2025.2/gnu/microblaze/lin/x86_64-oesdk-linux/usr/bin/microblaze-xilinx-elf/../../lib/microblaze-xilinx-elf/gcc/microblaze-xilinx-elf/13.3.0/include] ==> [/home/smartscott/AMD/2025.2/gnu/microblaze/lin/x86_64-oesdk-linux/usr/lib/microblaze-xilinx-elf/gcc/microblaze-xilinx-elf/13.3.0/include]
  collapse include dir [/home/smartscott/AMD/2025.2/gnu/microblaze/lin/x86_64-oesdk-linux/usr/bin/microblaze-xilinx-elf/../../lib/microblaze-xilinx-elf/gcc/microblaze-xilinx-elf/13.3.0/include-fixed] ==> [/home/smartscott/AMD/2025.2/gnu/microblaze/lin/x86_64-oesdk-linux/usr/lib/microblaze-xilinx-elf/gcc/microblaze-xilinx-elf/13.3.0/include-fixed]
  collapse include dir [/home/smartscott/AMD/2025.2/Vitis/gnu/microblaze/lin/bin/../microblazeeb-xilinx-elf/usr/include/c++/13.3.0] ==> [/home/smartscott/AMD/2025.2/Vitis/gnu/microblaze/lin/microblazeeb-xilinx-elf/usr/include/c++/13.3.0]
  collapse include dir [/home/smartscott/AMD/2025.2/Vitis/gnu/microblaze/lin/bin/../microblazeeb-xilinx-elf/usr/include/c++/13.3.0/microblaze-xilinx-elf/le/m64/p] ==> [/home/smartscott/AMD/2025.2/Vitis/gnu/microblaze/lin/microblazeeb-xilinx-elf/usr/include/c++/13.3.0/microblaze-xilinx-elf/le/m64/p]
  collapse include dir [/home/smartscott/AMD/2025.2/Vitis/gnu/microblaze/lin/bin/../microblazeeb-xilinx-elf/usr/include/c++/13.3.0/backward] ==> [/home/smartscott/AMD/2025.2/Vitis/gnu/microblaze/lin/microblazeeb-xilinx-elf/usr/include/c++/13.3.0/backward]
  collapse include dir [/home/smartscott/AMD/2025.2/Vitis/gnu/microblaze/lin/bin/../microblazeeb-xilinx-elf/usr/include/] ==> [/home/smartscott/AMD/2025.2/Vitis/gnu/microblaze/lin/microblazeeb-xilinx-elf/usr/include]
  implicit include dirs: [/home/smartscott/NEW/tb3d/tb3d/microblaze_0/standalone_microblaze_0/bsp/include;/home/smartscott/AMD/2025.2/gnu/microblaze/lin/x86_64-oesdk-linux/usr/lib/microblaze-xilinx-elf/gcc/microblaze-xilinx-elf/13.3.0/include;/home/smartscott/AMD/2025.2/gnu/microblaze/lin/x86_64-oesdk-linux/usr/lib/microblaze-xilinx-elf/gcc/microblaze-xilinx-elf/13.3.0/include-fixed;/home/smartscott/AMD/2025.2/Vitis/gnu/microblaze/lin/microblazeeb-xilinx-elf/usr/include/c++/13.3.0;/home/smartscott/AMD/2025.2/Vitis/gnu/microblaze/lin/microblazeeb-xilinx-elf/usr/include/c++/13.3.0/microblaze-xilinx-elf/le/m64/p;/home/smartscott/AMD/2025.2/Vitis/gnu/microblaze/lin/microblazeeb-xilinx-elf/usr/include/c++/13.3.0/backward;/home/smartscott/AMD/2025.2/Vitis/gnu/microblaze/lin/microblazeeb-xilinx-elf/usr/include]


Parsed CXX implicit link information from above output:
  link line regex: [^( *|.*[/\])(mb-ld|CMAKE_LINK_STARTFILE-NOTFOUND|([^/\]+-)?ld|collect2)[^/\]*( |$)]
  ignore line: [Change Dir: /home/smartscott/NEW/tb3d/tb3d/microblaze_0/standalone_microblaze_0/bsp/libsrc/build_configs/gen_bsp/CMakeFiles/CMakeTmp]
  ignore line: []
  ignore line: [Run Build Command(s):/home/smartscott/AMD/2025.2/Vitis/bin/ninja cmTC_44dad && [1/2] Building CXX object CMakeFiles/cmTC_44dad.dir/CMakeCXXCompilerABI.cpp.obj]
  ignore line: [Using built-in specs.]
  ignore line: [Reading specs from /home/smartscott/NEW/tb3d/tb3d/microblaze_0/standalone_microblaze_0/bsp/Xilinx.spec]
  ignore line: [COLLECT_GCC=/home/smartscott/AMD/2025.2/Vitis/gnu/microblaze/lin/bin/../x86_64-oesdk-linux/usr/bin/microblaze-xilinx-elf/microblaze-xilinx-elf-g++.real]
  ignore line: [Target: microblaze-xilinx-elf]
  ignore line: [Configured with: ../../../../../../work-shared/gcc-13.3.0-r0/gcc-13.3.0/configure --build=x86_64-linux --host=x86_64-oesdk-linux --target=microblaze-xilinx-elf --prefix=/usr/local/oe-sdk-hardcoded-buildpath/sysroots/x86_64-oesdk-linux/usr --exec_prefix=/usr/local/oe-sdk-hardcoded-buildpath/sysroots/x86_64-oesdk-linux/usr --bindir=/usr/local/oe-sdk-hardcoded-buildpath/sysroots/x86_64-oesdk-linux/usr/bin/microblaze-xilinx-elf --sbindir=/usr/local/oe-sdk-hardcoded-buildpath/sysroots/x86_64-oesdk-linux/usr/bin/microblaze-xilinx-elf --libexecdir=/usr/local/oe-sdk-hardcoded-buildpath/sysroots/x86_64-oesdk-linux/usr/libexec/microblaze-xilinx-elf --datadir=/usr/local/oe-sdk-hardcoded-buildpath/sysroots/x86_64-oesdk-linux/usr/share --sysconfdir=/usr/local/oe-sdk-hardcoded-buildpath/sysroots/x86_64-oesdk-linux/etc --sharedstatedir=/usr/local/oe-sdk-hardcoded-buildpath/sysroots/x86_64-oesdk-linux/com --localstatedir=/usr/local/oe-sdk-hardcoded-buildpath/sysroots/x86_64-oesdk-linux/var --libdir=/usr/local/oe-sdk-hardcoded-buildpath/sysroots/x86_64-oesdk-linux/usr/lib/microblaze-xilinx-elf --includedir=/usr/local/oe-sdk-hardcoded-buildpath/sysroots/x86_64-oesdk-linux/usr/include --oldincludedir=/usr/local/oe-sdk-hardcoded-buildpath/sysroots/x86_64-oesdk-linux/usr/include --infodir=/usr/local/oe-sdk-hardcoded-buildpath/sysroots/x86_64-oesdk-linux/usr/share/info --mandir=/usr/local/oe-sdk-hardcoded-buildpath/sysroots/x86_64-oesdk-linux/usr/share/man --disable-silent-rules --disable-dependency-tracking --with-libtool-sysroot=/host --with-gnu-ld --enable-shared --enable-languages=c,c++,fortran --enable-threads=posix --enable-multilib --enable-c99 --enable-long-long --enable-libstdcxx-pch --program-prefix=microblaze-xilinx-elf- --without-local-prefix --disable-install-libiberty --disable-libssp --enable-libitm --enable-lto --disable-bootstrap --with-system-zlib --enable-linker-build-id --with-ppl=no --with-cloog=no --enable-checking=release --enable-cheaders=c_global --without-isl --with-gxx-include-dir=/not/exist/usr/include/c++/13.3.0 --with-build-time-tools=/host-native/usr/microblaze-xilinx-elf/bin --with-sysroot=/not/exist --with-build-sysroot=/host --with-plugin-ld=ld --enable-poison-system-directories --disable-static --enable-nls --with-glibc-version=2.28 --enable-initfini-array --enable-multilib --disable-initfini_array --disable-__cxa_atexit --disable-libstdcxx-pch --with-newlib --disable-threads --enable-plugins --with-gnu-as --disable-libitm --disable-tm-clone-registry --without-long-double-128 --with-sysroot=/not/exist]
  ignore line: [Thread model: single]
  ignore line: [Supported LTO compression algorithms: zlib zstd]
  ignore line: [gcc version 13.3.0 (GCC) ]
  ignore line: [COLLECT_GCC_OPTIONS='--sysroot=/home/smartscott/AMD/2025.2/Vitis/gnu/microblaze/lin/bin/../microblazeeb-xilinx-elf' '-mlittle-endian' '-m64' '-mxl-pattern-compare' '-mxl-frequency' '-mxl-soft-mul' '-mcpu=v11.0' '-D' 'SDT' '-MMD' '-MP' '-specs=/home/smartscott/NEW/tb3d/tb3d/microblaze_0/standalone_microblaze_0/bsp/Xilinx.spec' '-I' '/home/smartscott/NEW/tb3d/tb3d/microblaze_0/standalone_microblaze_0/bsp/include' '-v' '-o' 'CMakeFiles/cmTC_44dad.dir/CMakeCXXCompilerABI.cpp.obj' '-c' '-dumpdir' 'CMakeFiles/cmTC_44dad.dir/']
  ignore line: [ /home/smartscott/AMD/2025.2/gnu/microblaze/lin/x86_64-oesdk-linux/usr/bin/microblaze-xilinx-elf/../../libexec/microblaze-xilinx-elf/gcc/microblaze-xilinx-elf/13.3.0/cc1plus -quiet -v -I /home/smartscott/NEW/tb3d/tb3d/microblaze_0/standalone_microblaze_0/bsp/include -imultilib le/m64/p -iprefix /home/smartscott/AMD/2025.2/gnu/microblaze/lin/x86_64-oesdk-linux/usr/bin/microblaze-xilinx-elf/../../lib/microblaze-xilinx-elf/gcc/microblaze-xilinx-elf/13.3.0/ -isysroot /home/smartscott/AMD/2025.2/Vitis/gnu/microblaze/lin/bin/../microblazeeb-xilinx-elf -MMD CMakeFiles/cmTC_44dad.dir/CMakeCXXCompilerABI.cpp.d -MP -MQ CMakeFiles/cmTC_44dad.dir/CMakeCXXCompilerABI.cpp.obj -D SDT /home/smartscott/AMD/2025.2/tps/lnx64/cmake-3.24.2/share/cmake-3.24/Modules/CMakeCXXCompilerABI.cpp -quiet -dumpdir CMakeFiles/cmTC_44dad.dir/ -dumpbase CMakeCXXCompilerABI.cpp.cpp -dumpbase-ext .cpp -mlittle-endian -m64 -mxl-pattern-compare -mxl-frequency -mxl-soft-mul -mcpu=v11.0 -version -o /tmp/ccGXG2lN.s]
  ignore line: [GNU C++17 (GCC) version 13.3.0 (microblaze-xilinx-elf)]
  ignore line: [	compiled by GNU C version 13.3.0  GMP version 6.3.0  MPFR version 4.2.1  MPC version 1.3.1  isl version none]
  ignore line: [GGC heuristics: --param ggc-min-expand=100 --param ggc-min-heapsize=131072]
  ignore line: [ignoring nonexistent directory "/home/smartscott/AMD/2025.2/gnu/microblaze/lin/x86_64-oesdk-linux/usr/bin/microblaze-xilinx-elf/../../lib/microblaze-xilinx-elf/gcc/microblaze-xilinx-elf/13.3.0/../../../../../microblaze-xilinx-elf/include"]
  ignore line: [ignoring duplicate directory "/home/smartscott/AMD/2025.2/gnu/microblaze/lin/x86_64-oesdk-linux/usr/bin/microblaze-xilinx-elf/../../lib/microblaze-xilinx-elf/gcc/../../../lib/microblaze-xilinx-elf/gcc/microblaze-xilinx-elf/13.3.0/include"]
  ignore line: [ignoring nonexistent directory "/home/smartscott/AMD/2025.2/Vitis/gnu/microblaze/lin/bin/../microblazeeb-xilinx-elf/usr/lib/microblaze-xilinx-elf/13.3.0/include"]
  ignore line: [ignoring nonexistent directory "/home/smartscott/AMD/2025.2/Vitis/gnu/microblaze/lin/bin/../microblazeeb-xilinx-elf/usr/local/include"]
  ignore line: [ignoring duplicate directory "/home/smartscott/AMD/2025.2/gnu/microblaze/lin/x86_64-oesdk-linux/usr/bin/microblaze-xilinx-elf/../../lib/microblaze-xilinx-elf/gcc/../../../lib/microblaze-xilinx-elf/gcc/microblaze-xilinx-elf/13.3.0/include-fixed"]
  ignore line: [ignoring nonexistent directory "/home/smartscott/AMD/2025.2/gnu/microblaze/lin/x86_64-oesdk-linux/usr/bin/microblaze-xilinx-elf/../../lib/microblaze-xilinx-elf/gcc/../../../lib/microblaze-xilinx-elf/gcc/microblaze-xilinx-elf/13.3.0/../../../../../microblaze-xilinx-elf/include"]
  ignore line: [#include "..." search starts here:]
  ignore line: [#include <...> search starts here:]
  ignore line: [ /home/smartscott/NEW/tb3d/tb3d/microblaze_0/standalone_microblaze_0/bsp/include]
  ignore line: [ /home/smartscott/AMD/2025.2/gnu/microblaze/lin/x86_64-oesdk-linux/usr/bin/microblaze-xilinx-elf/../../lib/microblaze-xilinx-elf/gcc/microblaze-xilinx-elf/13.3.0/include]
  ignore line: [ /home/smartscott/AMD/2025.2/gnu/microblaze/lin/x86_64-oesdk-linux/usr/bin/microblaze-xilinx-elf/../../lib/microblaze-xilinx-elf/gcc/microblaze-xilinx-elf/13.3.0/include-fixed]
  ignore line: [ /home/smartscott/AMD/2025.2/Vitis/gnu/microblaze/lin/bin/../microblazeeb-xilinx-elf/usr/include/c++/13.3.0]
  ignore line: [ /home/smartscott/AMD/2025.2/Vitis/gnu/microblaze/lin/bin/../microblazeeb-xilinx-elf/usr/include/c++/13.3.0/microblaze-xilinx-elf/le/m64/p]
  ignore line: [ /home/smartscott/AMD/2025.2/Vitis/gnu/microblaze/lin/bin/../microblazeeb-xilinx-elf/usr/include/c++/13.3.0/backward]
  ignore line: [ /home/smartscott/AMD/2025.2/Vitis/gnu/microblaze/lin/bin/../microblazeeb-xilinx-elf/usr/include/]
  ignore line: [End of search list.]
  ignore line: [Compiler executable checksum: 5ee332ca6c15a39532a83f3839ef2841]
  ignore line: [COLLECT_GCC_OPTIONS='--sysroot=/home/smartscott/AMD/2025.2/Vitis/gnu/microblaze/lin/bin/../microblazeeb-xilinx-elf' '-mlittle-endian' '-m64' '-mxl-pattern-compare' '-mxl-frequency' '-mxl-soft-mul' '-mcpu=v11.0' '-D' 'SDT' '-MMD' '-MP' '-specs=/home/smartscott/NEW/tb3d/tb3d/microblaze_0/standalone_microblaze_0/bsp/Xilinx.spec' '-I' '/home/smartscott/NEW/tb3d/tb3d/microblaze_0/standalone_microblaze_0/bsp/include' '-v' '-o' 'CMakeFiles/cmTC_44dad.dir/CMakeCXXCompilerABI.cpp.obj' '-c' '-dumpdir' 'CMakeFiles/cmTC_44dad.dir/']
  ignore line: [ /home/smartscott/AMD/2025.2/gnu/microblaze/lin/x86_64-oesdk-linux/usr/bin/microblaze-xilinx-elf/../../libexec/microblaze-xilinx-elf/gcc/microblaze-xilinx-elf/13.3.0/as -v -I /home/smartscott/NEW/tb3d/tb3d/microblaze_0/standalone_microblaze_0/bsp/include -m64 -EL -o CMakeFiles/cmTC_44dad.dir/CMakeCXXCompilerABI.cpp.obj /tmp/ccGXG2lN.s]
  ignore line: [GNU assembler version 2.42.0 (microblaze-xilinx-elf) using BFD version (GNU Binutils) 2.42.0.20240723]
  ignore line: [COMPILER_PATH=/home/smartscott/AMD/2025.2/gnu/microblaze/lin/x86_64-oesdk-linux/usr/bin/microblaze-xilinx-elf/../../libexec/microblaze-xilinx-elf/gcc/microblaze-xilinx-elf/13.3.0/:/home/smartscott/AMD/2025.2/gnu/microblaze/lin/x86_64-oesdk-linux/usr/bin/microblaze-xilinx-elf/../../libexec/microblaze-xilinx-elf/gcc/]
  ignore line: [LIBRARY_PATH=/home/smartscott/AMD/2025.2/Vitis/gnu/microblaze/lin/bin/../microblazeeb-xilinx-elf/usr/lib/le/m64/p/:/home/smartscott/AMD/2025.2/gnu/microblaze/lin/x86_64-oesdk-linux/usr/bin/microblaze-xilinx-elf/../../lib/microblaze-xilinx-elf/gcc/microblaze-xilinx-elf/13.3.0/:/home/smartscott/AMD/2025.2/gnu/microblaze/lin/x86_64-oesdk-linux/usr/bin/microblaze-xilinx-elf/../../lib/microblaze-xilinx-elf/gcc/:/home/smartscott/AMD/2025.2/Vitis/gnu/microblaze/lin/bin/../microblazeeb-xilinx-elf/usr/lib/microblaze-xilinx-elf/13.3.0/:/home/smartscott/AMD/2025.2/Vitis/gnu/microblaze/lin/bin/../microblazeeb-xilinx-elf/usr/lib/]
  ignore line: [COLLECT_GCC_OPTIONS='--sysroot=/home/smartscott/AMD/2025.2/Vitis/gnu/microblaze/lin/bin/../microblazeeb-xilinx-elf' '-mlittle-endian' '-m64' '-mxl-pattern-compare' '-mxl-frequency' '-mxl-soft-mul' '-mcpu=v11.0' '-D' 'SDT' '-MMD' '-MP' '-specs=/home/smartscott/NEW/tb3d/tb3d/microblaze_0/standalone_microblaze_0/bsp/Xilinx.spec' '-I' '/home/smartscott/NEW/tb3d/tb3d/microblaze_0/standalone_microblaze_0/bsp/include' '-v' '-o' 'CMakeFiles/cmTC_44dad.dir/CMakeCXXCompilerABI.cpp.obj' '-c' '-dumpdir' 'CMakeFiles/cmTC_44dad.dir/CMakeCXXCompilerABI.cpp.']
  ignore line: [[2/2] Linking CXX static library libcmTC_44dad.a]
  ignore line: []
  ignore line: []
  implicit libs: []
  implicit objs: []
  implicit dirs: []
  implicit fwks: []


Checking whether the ASM compiler is GNU using "--version" matched "(GNU assembler)|(GCC)|(Free Software Foundation)":
microblaze-xilinx-elf-gcc.real (GCC) 13.3.0
Copyright (C) 2023 Free Software Foundation, Inc.
This is free software; see the source for copying conditions.  There is NO
warranty; not even for MERCHANTABILITY or FITNESS FOR A PARTICULAR PURPOSE.

